running develop
running egg_info
creating qcar2_autonomy.egg-info
writing qcar2_autonomy.egg-info/PKG-INFO
writing dependency_links to qcar2_autonomy.egg-info/dependency_links.txt
writing entry points to qcar2_autonomy.egg-info/entry_points.txt
writing requirements to qcar2_autonomy.egg-info/requires.txt
writing top-level names to qcar2_autonomy.egg-info/top_level.txt
writing manifest file 'qcar2_autonomy.egg-info/SOURCES.txt'
reading manifest file 'qcar2_autonomy.egg-info/SOURCES.txt'
writing manifest file 'qcar2_autonomy.egg-info/SOURCES.txt'
running build_ext
Creating /workspaces/isaac_ros-dev/install/qcar2_autonomy/lib/python3.8/site-packages/qcar2-autonomy.egg-link (link to .)
Installing lane_detector script to /workspaces/isaac_ros-dev/install/qcar2_autonomy/lib/qcar2_autonomy
Installing path_follower script to /workspaces/isaac_ros-dev/install/qcar2_autonomy/lib/qcar2_autonomy
Installing traffic_system_detector script to /workspaces/isaac_ros-dev/install/qcar2_autonomy/lib/qcar2_autonomy
Installing trip_planner script to /workspaces/isaac_ros-dev/install/qcar2_autonomy/lib/qcar2_autonomy
Installing yolo_detector script to /workspaces/isaac_ros-dev/install/qcar2_autonomy/lib/qcar2_autonomy

Installed /workspaces/isaac_ros-dev/build/qcar2_autonomy
running install_data
creating /workspaces/isaac_ros-dev/install/qcar2_autonomy/share/ament_index
creating /workspaces/isaac_ros-dev/install/qcar2_autonomy/share/ament_index/resource_index
creating /workspaces/isaac_ros-dev/install/qcar2_autonomy/share/ament_index/resource_index/packages
copying resource/qcar2_autonomy -> /workspaces/isaac_ros-dev/install/qcar2_autonomy/share/ament_index/resource_index/packages
copying package.xml -> /workspaces/isaac_ros-dev/install/qcar2_autonomy/share/qcar2_autonomy
creating /workspaces/isaac_ros-dev/install/qcar2_autonomy/share/qcar2_autonomy/launch
copying launch/autonomy_planner_launch.py -> /workspaces/isaac_ros-dev/install/qcar2_autonomy/share/qcar2_autonomy/launch
