[0.000000] (-) TimerEvent: {}
[0.000401] (-) JobUnselected: {'identifier': 'acc_2026_project'}
[0.000524] (-) JobUnselected: {'identifier': 'acc_2026_project'}
[0.000750] (-) JobUnselected: {'identifier': 'isaac_ros_apriltag_interfaces'}
[0.000769] (-) JobUnselected: {'identifier': 'isaac_ros_bi3d_interfaces'}
[0.000932] (-) JobUnselected: {'identifier': 'isaac_ros_common'}
[0.000950] (-) JobUnselected: {'identifier': 'isaac_ros_nitros_bridge_interfaces'}
[0.001034] (-) JobUnselected: {'identifier': 'isaac_ros_nova_interfaces'}
[0.001050] (-) JobUnselected: {'identifier': 'isaac_ros_pointcloud_interfaces'}
[0.001065] (-) JobUnselected: {'identifier': 'isaac_ros_tensor_list_interfaces'}
[0.001081] (-) JobUnselected: {'identifier': 'isaac_ros_test'}
[0.001097] (-) JobUnselected: {'identifier': 'qcar2_autonomy'}
[0.001112] (-) JobUnselected: {'identifier': 'qcar2_nodes'}
[0.001127] (-) JobUnselected: {'identifier': 'teleop_twist_keyboard'}
[0.001145] (qcar2_interfaces) JobQueued: {'identifier': 'qcar2_interfaces', 'dependencies': OrderedDict()}
[0.001168] (qcar2_interfaces) JobStarted: {'identifier': 'qcar2_interfaces'}
[0.078207] (qcar2_interfaces) JobProgress: {'identifier': 'qcar2_interfaces', 'progress': 'cmake'}
[0.079751] (qcar2_interfaces) JobProgress: {'identifier': 'qcar2_interfaces', 'progress': 'build'}
[0.080669] (qcar2_interfaces) Command: {'cmd': ['/usr/bin/cmake', '--build', '/workspaces/isaac_ros-dev/build/qcar2_interfaces', '--', '-j16', '-l16'], 'cwd': '/workspaces/isaac_ros-dev/build/qcar2_interfaces', 'env': OrderedDict([('NPP_VERSION', '11.8.0.86'), ('SHELL', '/bin/bash'), ('ROS_VERSION', '2'), ('NVIDIA_VISIBLE_DEVICES', 'all'), ('DALI_BUILD', '5838886'), ('CUSOLVER_VERSION', '11.4.1.48'), ('USER_UID', '1000'), ('CUBLAS_VERSION', '11.11.3.6'), ('PKG_CONFIG_PATH', '/workspace/cartographer_ws/install/cartographer/lib/x86_64-linux-gnu/pkgconfig:/workspace/cartographer_ws/install/cartographer/lib/pkgconfig'), ('ROS_PYTHON_VERSION', '3'), ('HOSTNAME', 'mohammadsal-IdeaPad-Slim-3-14IRH8'), ('DCGM_VERSION', '2.2.9'), ('CUFFT_VERSION', '10.9.0.58'), ('NVIDIA_REQUIRE_CUDA', 'cuda>=9.0'), ('CUDA_CACHE_DISABLE', '1'), ('NCCL_VERSION', '2.15.1'), ('CUSPARSE_VERSION', '11.7.5.86'), ('ENV', '/etc/shinit_v2'), ('PWD', '/workspaces/isaac_ros-dev/build/qcar2_interfaces'), ('OPENUCX_VERSION', '1.14.0'), ('NSIGHT_SYSTEMS_VERSION', '2022.3.1.43'), ('NVIDIA_DRIVER_CAPABILITIES', 'compute,utility,video'), ('POLYGRAPHY_VERSION', '0.38.0'), ('TF_ENABLE_WINOGRAD_NONFUSED', '1'), ('TRT_VERSION', '8.5.0.12'), ('USER_GID', '1000'), ('NVIDIA_PRODUCT_NAME', 'Triton Server'), ('RDMACORE_VERSION', '36.0'), ('NVIDIA_CPU_ONLY', '1'), ('HOME', '/home/admin'), ('USERNAME', 'admin'), ('LANG', 'en_US.UTF-8'), ('CUDA_VERSION', '11.8.0.062'), ('CURAND_VERSION', '10.3.0.86'), ('AMENT_PREFIX_PATH', '/workspace/cartographer_ws/install/perception_pcl:/workspace/cartographer_ws/install/pcl_ros:/workspace/cartographer_ws/install/cartographer_rviz:/workspace/cartographer_ws/install/cartographer_ros:/workspace/cartographer_ws/install/pcl_conversions:/workspace/cartographer_ws/install/pcl_msgs:/workspace/cartographer_ws/install/isaac_ros_test:/workspace/cartographer_ws/install/isaac_ros_tensor_list_interfaces:/workspace/cartographer_ws/install/isaac_ros_pointcloud_interfaces:/workspace/cartographer_ws/install/isaac_ros_nova_interfaces:/workspace/cartographer_ws/install/isaac_ros_nitros_bridge_interfaces:/workspace/cartographer_ws/install/isaac_ros_common:/workspace/cartographer_ws/install/isaac_ros_bi3d_interfaces:/workspace/cartographer_ws/install/isaac_ros_apriltag_interfaces:/workspace/cartographer_ws/install/control_msgs:/workspace/cartographer_ws/install/cartographer_ros_msgs:/opt/ros/humble'), ('CMAKE_PREFIX_PATH', '/workspace/cartographer_ws/install/perception_pcl:/workspace/cartographer_ws/install/pcl_ros:/workspace/cartographer_ws/install/cartographer_rviz:/workspace/cartographer_ws/install/cartographer_ros:/workspace/cartographer_ws/install/pcl_conversions:/workspace/cartographer_ws/install/pcl_msgs:/workspace/cartographer_ws/install/isaac_ros_tensor_list_interfaces:/workspace/cartographer_ws/install/isaac_ros_pointcloud_interfaces:/workspace/cartographer_ws/install/isaac_ros_nova_interfaces:/workspace/cartographer_ws/install/isaac_ros_nitros_bridge_interfaces:/workspace/cartographer_ws/install/isaac_ros_common:/workspace/cartographer_ws/install/isaac_ros_bi3d_interfaces:/workspace/cartographer_ws/install/isaac_ros_apriltag_interfaces:/workspace/cartographer_ws/install/control_msgs:/workspace/cartographer_ws/install/cartographer_ros_msgs:/workspace/cartographer_ws/install/cartographer:/workspace/cartographer_ws/install/absl:/workspace/cartographer_ws/install/isaac_ros_test:/opt/ros/humble'), ('COLCON_PREFIX_PATH', '/workspace/cartographer_ws/install'), ('CUTENSOR_VERSION', '1.6.1.5'), ('TRITON_SERVER_GPU_ENABLED', '1'), ('HPCX_VERSION', '2.12.1a0'), ('PYTHONPATH', '/workspace/cartographer_ws/install/pcl_msgs/lib/python3.8/site-packages:/workspace/cartographer_ws/build/isaac_ros_test:/workspace/cartographer_ws/install/isaac_ros_test/lib/python3.8/site-packages:/workspace/cartographer_ws/install/isaac_ros_tensor_list_interfaces/lib/python3.8/site-packages:/workspace/cartographer_ws/install/isaac_ros_pointcloud_interfaces/lib/python3.8/site-packages:/workspace/cartographer_ws/install/isaac_ros_nova_interfaces/lib/python3.8/site-packages:/workspace/cartographer_ws/install/isaac_ros_nitros_bridge_interfaces/lib/python3.8/site-packages:/workspace/cartographer_ws/install/isaac_ros_bi3d_interfaces/lib/python3.8/site-packages:/workspace/cartographer_ws/install/isaac_ros_apriltag_interfaces/lib/python3.8/site-packages:/workspace/cartographer_ws/install/control_msgs/lib/python3.8/site-packages:/workspace/cartographer_ws/install/cartographer_ros_msgs/lib/python3.8/site-packages:/opt/ros/humble/lib/python3.8/site-packages:/home/Quanser/0_libraries/python'), ('COLCON', '1'), ('TERM', 'xterm'), ('TRITON_SERVER_VERSION', '2.26.0'), ('GDRCOPY_VERSION', '2.3'), ('OPENMPI_VERSION', '4.1.4'), ('NVJPEG_VERSION', '11.9.0.86'), ('LIBRARY_PATH', '/usr/local/cuda/lib64/stubs:'), ('DISPLAY', ':0'), ('SHLVL', '1'), ('BASH_ENV', '/etc/bash.bashrc'), ('TF_AUTOTUNE_THRESHOLD', '2'), ('CUDNN_VERSION', '8.6.0.163'), ('NSIGHT_COMPUTE_VERSION', '2022.3.0.22'), ('DALI_VERSION', '1.17.0'), ('NVIDIA_TRITON_SERVER_VERSION', '22.09'), ('LD_LIBRARY_PATH', '/workspace/cartographer_ws/install/pcl_ros/lib:/workspace/cartographer_ws/install/cartographer_rviz/lib:/workspace/cartographer_ws/install/cartographer_ros/lib:/workspace/cartographer_ws/install/pcl_msgs/lib:/workspace/cartographer_ws/install/isaac_ros_tensor_list_interfaces/lib:/workspace/cartographer_ws/install/isaac_ros_pointcloud_interfaces/lib:/workspace/cartographer_ws/install/isaac_ros_nova_interfaces/lib:/workspace/cartographer_ws/install/isaac_ros_nitros_bridge_interfaces/lib:/workspace/cartographer_ws/install/isaac_ros_common/lib:/workspace/cartographer_ws/install/isaac_ros_bi3d_interfaces/lib:/workspace/cartographer_ws/install/isaac_ros_apriltag_interfaces/lib:/workspace/cartographer_ws/install/control_msgs/lib:/workspace/cartographer_ws/install/cartographer_ros_msgs/lib:/opt/ros/humble/opt/rviz_ogre_vendor/lib:/opt/ros/humble/lib/x86_64-linux-gnu:/opt/ros/humble/lib:/opt/tritonserver/backends/onnxruntime:/usr/local/cuda/compat/lib:/usr/local/nvidia/lib:/usr/local/nvidia/lib64:/opt/tritonserver/lib'), ('NVIDIA_BUILD_ID', '44909143'), ('ROS_LOCALHOST_ONLY', '0'), ('OMPI_MCA_coll_hcoll_enable', '0'), ('OPAL_PREFIX', '/opt/hpcx/ompi'), ('CUDA_DRIVER_VERSION', '520.61.03'), ('_CUDA_COMPAT_PATH', '/usr/local/cuda/compat'), ('PATH', '/workspace/cartographer_ws/install/cartographer/bin:/opt/ros/humble/bin:/opt/tritonserver/bin:/usr/local/mpi/bin:/usr/local/nvidia/bin:/usr/local/cuda/bin:/usr/local/sbin:/usr/local/bin:/usr/sbin:/usr/bin:/sbin:/bin:/usr/local/ucx/bin:/opt/nvidia/tao'), ('TRITON_SERVER_USER', 'triton-server'), ('PYTHONWARNINGS', 'ignore:::setuptools.command.install,ignore:::setuptools.command.easy_install,ignore:::pkg_resources'), ('MOFED_VERSION', '5.4-rdmacore36.0'), ('TRTOSS_VERSION', ''), ('DEBIAN_FRONTEND', 'noninteractive'), ('ROS_ROOT', '/opt/ros/humble'), ('ROS_DISTRO', 'humble'), ('TF_ADJUST_HUE_FUSED', '1'), ('TF_ADJUST_SATURATION_FUSED', '1'), ('SHARP_COLL_ENABLE_CUDA', '0'), ('RMW_IMPLEMENTATION', 'rmw_fastrtps_cpp'), ('OLDPWD', '/workspaces/isaac_ros-dev/src/acc_2026_project/acc_2026_project'), ('_', '/usr/bin/env')]), 'shell': False}
[0.099638] (-) TimerEvent: {}
[0.173328] (qcar2_interfaces) StdoutLine: {'line': b'[  2%] Built target qcar2_interfaces__cpp\n'}
[0.178302] (qcar2_interfaces) StdoutLine: {'line': b'[ 12%] Built target qcar2_interfaces__rosidl_generator_c\n'}
[0.178750] (qcar2_interfaces) StdoutLine: {'line': b'[ 12%] Built target ament_cmake_python_copy_qcar2_interfaces\n'}
[0.199748] (-) TimerEvent: {}
[0.239607] (qcar2_interfaces) StdoutLine: {'line': b'[ 30%] Built target qcar2_interfaces__rosidl_typesupport_c\n'}
[0.240022] (qcar2_interfaces) StdoutLine: {'line': b'[ 33%] Built target qcar2_interfaces__rosidl_typesupport_introspection_cpp\n'}
[0.240208] (qcar2_interfaces) StdoutLine: {'line': b'[ 43%] Built target qcar2_interfaces__rosidl_typesupport_cpp\n'}
[0.240407] (qcar2_interfaces) StdoutLine: {'line': b'[ 53%] Built target qcar2_interfaces__rosidl_typesupport_fastrtps_cpp\n'}
[0.243990] (qcar2_interfaces) StdoutLine: {'line': b'[ 64%] Built target qcar2_interfaces__rosidl_typesupport_introspection_c\n'}
[0.245565] (qcar2_interfaces) StdoutLine: {'line': b'[ 74%] Built target qcar2_interfaces__rosidl_typesupport_fastrtps_c\n'}
[0.296315] (qcar2_interfaces) StdoutLine: {'line': b'[ 74%] Built target qcar2_interfaces\n'}
[0.299890] (-) TimerEvent: {}
[0.345429] (qcar2_interfaces) StdoutLine: {'line': b'[ 76%] Built target qcar2_interfaces__py\n'}
[0.400058] (-) TimerEvent: {}
[0.404111] (qcar2_interfaces) StdoutLine: {'line': b'[ 84%] Built target qcar2_interfaces__rosidl_generator_py\n'}
[0.460782] (qcar2_interfaces) StdoutLine: {'line': b'[ 89%] Built target qcar2_interfaces__rosidl_typesupport_c__pyext\n'}
[0.467470] (qcar2_interfaces) StdoutLine: {'line': b'[ 94%] Built target qcar2_interfaces__rosidl_typesupport_introspection_c__pyext\n'}
[0.473754] (qcar2_interfaces) StdoutLine: {'line': b'[100%] Built target qcar2_interfaces__rosidl_typesupport_fastrtps_c__pyext\n'}
[0.500335] (-) TimerEvent: {}
[0.600862] (-) TimerEvent: {}
[0.701435] (-) TimerEvent: {}
[0.801837] (-) TimerEvent: {}
[0.803839] (qcar2_interfaces) StdoutLine: {'line': b'running egg_info\n'}
[0.820578] (qcar2_interfaces) StdoutLine: {'line': b'writing qcar2_interfaces.egg-info/PKG-INFO\n'}
[0.820956] (qcar2_interfaces) StdoutLine: {'line': b'writing dependency_links to qcar2_interfaces.egg-info/dependency_links.txt\n'}
[0.821698] (qcar2_interfaces) StdoutLine: {'line': b'writing top-level names to qcar2_interfaces.egg-info/top_level.txt\n'}
[0.868151] (qcar2_interfaces) StdoutLine: {'line': b"reading manifest file 'qcar2_interfaces.egg-info/SOURCES.txt'\n"}
[0.869992] (qcar2_interfaces) StdoutLine: {'line': b"writing manifest file 'qcar2_interfaces.egg-info/SOURCES.txt'\n"}
[0.902022] (-) TimerEvent: {}
[0.950042] (qcar2_interfaces) StdoutLine: {'line': b'[100%] Built target ament_cmake_python_build_qcar2_interfaces_egg\n'}
[0.960983] (qcar2_interfaces) CommandEnded: {'returncode': 0}
[1.002224] (-) TimerEvent: {}
[1.102791] (-) TimerEvent: {}
[1.203314] (-) TimerEvent: {}
[1.303687] (-) TimerEvent: {}
[1.404108] (-) TimerEvent: {}
[1.504609] (-) TimerEvent: {}
[1.604977] (-) TimerEvent: {}
[1.705441] (-) TimerEvent: {}
[1.805816] (-) TimerEvent: {}
[1.906217] (-) TimerEvent: {}
[2.006718] (-) TimerEvent: {}
[2.107197] (-) TimerEvent: {}
[2.136370] (qcar2_interfaces) JobProgress: {'identifier': 'qcar2_interfaces', 'progress': 'install'}
[2.143135] (qcar2_interfaces) Command: {'cmd': ['/usr/bin/cmake', '--install', '/workspaces/isaac_ros-dev/build/qcar2_interfaces'], 'cwd': '/workspaces/isaac_ros-dev/build/qcar2_interfaces', 'env': OrderedDict([('NPP_VERSION', '11.8.0.86'), ('SHELL', '/bin/bash'), ('ROS_VERSION', '2'), ('NVIDIA_VISIBLE_DEVICES', 'all'), ('DALI_BUILD', '5838886'), ('CUSOLVER_VERSION', '11.4.1.48'), ('USER_UID', '1000'), ('CUBLAS_VERSION', '11.11.3.6'), ('PKG_CONFIG_PATH', '/workspace/cartographer_ws/install/cartographer/lib/x86_64-linux-gnu/pkgconfig:/workspace/cartographer_ws/install/cartographer/lib/pkgconfig'), ('ROS_PYTHON_VERSION', '3'), ('HOSTNAME', 'mohammadsal-IdeaPad-Slim-3-14IRH8'), ('DCGM_VERSION', '2.2.9'), ('CUFFT_VERSION', '10.9.0.58'), ('NVIDIA_REQUIRE_CUDA', 'cuda>=9.0'), ('CUDA_CACHE_DISABLE', '1'), ('NCCL_VERSION', '2.15.1'), ('CUSPARSE_VERSION', '11.7.5.86'), ('ENV', '/etc/shinit_v2'), ('PWD', '/workspaces/isaac_ros-dev/build/qcar2_interfaces'), ('OPENUCX_VERSION', '1.14.0'), ('NSIGHT_SYSTEMS_VERSION', '2022.3.1.43'), ('NVIDIA_DRIVER_CAPABILITIES', 'compute,utility,video'), ('POLYGRAPHY_VERSION', '0.38.0'), ('TF_ENABLE_WINOGRAD_NONFUSED', '1'), ('TRT_VERSION', '8.5.0.12'), ('USER_GID', '1000'), ('NVIDIA_PRODUCT_NAME', 'Triton Server'), ('RDMACORE_VERSION', '36.0'), ('NVIDIA_CPU_ONLY', '1'), ('HOME', '/home/admin'), ('USERNAME', 'admin'), ('LANG', 'en_US.UTF-8'), ('CUDA_VERSION', '11.8.0.062'), ('CURAND_VERSION', '10.3.0.86'), ('AMENT_PREFIX_PATH', '/workspace/cartographer_ws/install/perception_pcl:/workspace/cartographer_ws/install/pcl_ros:/workspace/cartographer_ws/install/cartographer_rviz:/workspace/cartographer_ws/install/cartographer_ros:/workspace/cartographer_ws/install/pcl_conversions:/workspace/cartographer_ws/install/pcl_msgs:/workspace/cartographer_ws/install/isaac_ros_test:/workspace/cartographer_ws/install/isaac_ros_tensor_list_interfaces:/workspace/cartographer_ws/install/isaac_ros_pointcloud_interfaces:/workspace/cartographer_ws/install/isaac_ros_nova_interfaces:/workspace/cartographer_ws/install/isaac_ros_nitros_bridge_interfaces:/workspace/cartographer_ws/install/isaac_ros_common:/workspace/cartographer_ws/install/isaac_ros_bi3d_interfaces:/workspace/cartographer_ws/install/isaac_ros_apriltag_interfaces:/workspace/cartographer_ws/install/control_msgs:/workspace/cartographer_ws/install/cartographer_ros_msgs:/opt/ros/humble'), ('CMAKE_PREFIX_PATH', '/workspace/cartographer_ws/install/perception_pcl:/workspace/cartographer_ws/install/pcl_ros:/workspace/cartographer_ws/install/cartographer_rviz:/workspace/cartographer_ws/install/cartographer_ros:/workspace/cartographer_ws/install/pcl_conversions:/workspace/cartographer_ws/install/pcl_msgs:/workspace/cartographer_ws/install/isaac_ros_tensor_list_interfaces:/workspace/cartographer_ws/install/isaac_ros_pointcloud_interfaces:/workspace/cartographer_ws/install/isaac_ros_nova_interfaces:/workspace/cartographer_ws/install/isaac_ros_nitros_bridge_interfaces:/workspace/cartographer_ws/install/isaac_ros_common:/workspace/cartographer_ws/install/isaac_ros_bi3d_interfaces:/workspace/cartographer_ws/install/isaac_ros_apriltag_interfaces:/workspace/cartographer_ws/install/control_msgs:/workspace/cartographer_ws/install/cartographer_ros_msgs:/workspace/cartographer_ws/install/cartographer:/workspace/cartographer_ws/install/absl:/workspace/cartographer_ws/install/isaac_ros_test:/opt/ros/humble'), ('COLCON_PREFIX_PATH', '/workspace/cartographer_ws/install'), ('CUTENSOR_VERSION', '1.6.1.5'), ('TRITON_SERVER_GPU_ENABLED', '1'), ('HPCX_VERSION', '2.12.1a0'), ('PYTHONPATH', '/workspace/cartographer_ws/install/pcl_msgs/lib/python3.8/site-packages:/workspace/cartographer_ws/build/isaac_ros_test:/workspace/cartographer_ws/install/isaac_ros_test/lib/python3.8/site-packages:/workspace/cartographer_ws/install/isaac_ros_tensor_list_interfaces/lib/python3.8/site-packages:/workspace/cartographer_ws/install/isaac_ros_pointcloud_interfaces/lib/python3.8/site-packages:/workspace/cartographer_ws/install/isaac_ros_nova_interfaces/lib/python3.8/site-packages:/workspace/cartographer_ws/install/isaac_ros_nitros_bridge_interfaces/lib/python3.8/site-packages:/workspace/cartographer_ws/install/isaac_ros_bi3d_interfaces/lib/python3.8/site-packages:/workspace/cartographer_ws/install/isaac_ros_apriltag_interfaces/lib/python3.8/site-packages:/workspace/cartographer_ws/install/control_msgs/lib/python3.8/site-packages:/workspace/cartographer_ws/install/cartographer_ros_msgs/lib/python3.8/site-packages:/opt/ros/humble/lib/python3.8/site-packages:/home/Quanser/0_libraries/python'), ('COLCON', '1'), ('TERM', 'xterm'), ('TRITON_SERVER_VERSION', '2.26.0'), ('GDRCOPY_VERSION', '2.3'), ('OPENMPI_VERSION', '4.1.4'), ('NVJPEG_VERSION', '11.9.0.86'), ('LIBRARY_PATH', '/usr/local/cuda/lib64/stubs:'), ('DISPLAY', ':0'), ('SHLVL', '1'), ('BASH_ENV', '/etc/bash.bashrc'), ('TF_AUTOTUNE_THRESHOLD', '2'), ('CUDNN_VERSION', '8.6.0.163'), ('NSIGHT_COMPUTE_VERSION', '2022.3.0.22'), ('DALI_VERSION', '1.17.0'), ('NVIDIA_TRITON_SERVER_VERSION', '22.09'), ('LD_LIBRARY_PATH', '/workspace/cartographer_ws/install/pcl_ros/lib:/workspace/cartographer_ws/install/cartographer_rviz/lib:/workspace/cartographer_ws/install/cartographer_ros/lib:/workspace/cartographer_ws/install/pcl_msgs/lib:/workspace/cartographer_ws/install/isaac_ros_tensor_list_interfaces/lib:/workspace/cartographer_ws/install/isaac_ros_pointcloud_interfaces/lib:/workspace/cartographer_ws/install/isaac_ros_nova_interfaces/lib:/workspace/cartographer_ws/install/isaac_ros_nitros_bridge_interfaces/lib:/workspace/cartographer_ws/install/isaac_ros_common/lib:/workspace/cartographer_ws/install/isaac_ros_bi3d_interfaces/lib:/workspace/cartographer_ws/install/isaac_ros_apriltag_interfaces/lib:/workspace/cartographer_ws/install/control_msgs/lib:/workspace/cartographer_ws/install/cartographer_ros_msgs/lib:/opt/ros/humble/opt/rviz_ogre_vendor/lib:/opt/ros/humble/lib/x86_64-linux-gnu:/opt/ros/humble/lib:/opt/tritonserver/backends/onnxruntime:/usr/local/cuda/compat/lib:/usr/local/nvidia/lib:/usr/local/nvidia/lib64:/opt/tritonserver/lib'), ('NVIDIA_BUILD_ID', '44909143'), ('ROS_LOCALHOST_ONLY', '0'), ('OMPI_MCA_coll_hcoll_enable', '0'), ('OPAL_PREFIX', '/opt/hpcx/ompi'), ('CUDA_DRIVER_VERSION', '520.61.03'), ('_CUDA_COMPAT_PATH', '/usr/local/cuda/compat'), ('PATH', '/workspace/cartographer_ws/install/cartographer/bin:/opt/ros/humble/bin:/opt/tritonserver/bin:/usr/local/mpi/bin:/usr/local/nvidia/bin:/usr/local/cuda/bin:/usr/local/sbin:/usr/local/bin:/usr/sbin:/usr/bin:/sbin:/bin:/usr/local/ucx/bin:/opt/nvidia/tao'), ('TRITON_SERVER_USER', 'triton-server'), ('PYTHONWARNINGS', 'ignore:::setuptools.command.install,ignore:::setuptools.command.easy_install,ignore:::pkg_resources'), ('MOFED_VERSION', '5.4-rdmacore36.0'), ('TRTOSS_VERSION', ''), ('DEBIAN_FRONTEND', 'noninteractive'), ('ROS_ROOT', '/opt/ros/humble'), ('ROS_DISTRO', 'humble'), ('TF_ADJUST_HUE_FUSED', '1'), ('TF_ADJUST_SATURATION_FUSED', '1'), ('SHARP_COLL_ENABLE_CUDA', '0'), ('RMW_IMPLEMENTATION', 'rmw_fastrtps_cpp'), ('OLDPWD', '/workspaces/isaac_ros-dev/src/acc_2026_project/acc_2026_project'), ('_', '/usr/bin/env')]), 'shell': False}
[2.153474] (qcar2_interfaces) StdoutLine: {'line': b'-- Install configuration: ""\n'}
[2.154859] (qcar2_interfaces) StdoutLine: {'line': b'-- Up-to-date: /workspaces/isaac_ros-dev/install/qcar2_interfaces/share/ament_index/resource_index/rosidl_interfaces/qcar2_interfaces\n'}
[2.155117] (qcar2_interfaces) StdoutLine: {'line': b'-- Up-to-date: /workspaces/isaac_ros-dev/install/qcar2_interfaces/include/qcar2_interfaces/qcar2_interfaces\n'}
[2.155193] (qcar2_interfaces) StdoutLine: {'line': b'-- Up-to-date: /workspaces/isaac_ros-dev/install/qcar2_interfaces/include/qcar2_interfaces/qcar2_interfaces/msg\n'}
[2.155267] (qcar2_interfaces) StdoutLine: {'line': b'-- Up-to-date: /workspaces/isaac_ros-dev/install/qcar2_interfaces/include/qcar2_interfaces/qcar2_interfaces/msg/motor_commands.h\n'}
[2.155329] (qcar2_interfaces) StdoutLine: {'line': b'-- Up-to-date: /workspaces/isaac_ros-dev/install/qcar2_interfaces/include/qcar2_interfaces/qcar2_interfaces/msg/rosidl_generator_c__visibility_control.h\n'}
[2.155414] (qcar2_interfaces) StdoutLine: {'line': b'-- Up-to-date: /workspaces/isaac_ros-dev/install/qcar2_interfaces/include/qcar2_interfaces/qcar2_interfaces/msg/detail\n'}
[2.155497] (qcar2_interfaces) StdoutLine: {'line': b'-- Up-to-date: /workspaces/isaac_ros-dev/install/qcar2_interfaces/include/qcar2_interfaces/qcar2_interfaces/msg/detail/motor_commands__struct.h\n'}
[2.155576] (qcar2_interfaces) StdoutLine: {'line': b'-- Up-to-date: /workspaces/isaac_ros-dev/install/qcar2_interfaces/include/qcar2_interfaces/qcar2_interfaces/msg/detail/boolean_leds__struct.h\n'}
[2.155747] (qcar2_interfaces) StdoutLine: {'line': b'-- Up-to-date: /workspaces/isaac_ros-dev/install/qcar2_interfaces/include/qcar2_interfaces/qcar2_interfaces/msg/detail/motor_commands__functions.h\n'}
[2.155878] (qcar2_interfaces) StdoutLine: {'line': b'-- Up-to-date: /workspaces/isaac_ros-dev/install/qcar2_interfaces/include/qcar2_interfaces/qcar2_interfaces/msg/detail/motor_commands__functions.c\n'}
[2.155969] (qcar2_interfaces) StdoutLine: {'line': b'-- Up-to-date: /workspaces/isaac_ros-dev/install/qcar2_interfaces/include/qcar2_interfaces/qcar2_interfaces/msg/detail/boolean_leds__functions.c\n'}
[2.156030] (qcar2_interfaces) StdoutLine: {'line': b'-- Up-to-date: /workspaces/isaac_ros-dev/install/qcar2_interfaces/include/qcar2_interfaces/qcar2_interfaces/msg/detail/boolean_leds__functions.h\n'}
[2.156098] (qcar2_interfaces) StdoutLine: {'line': b'-- Up-to-date: /workspaces/isaac_ros-dev/install/qcar2_interfaces/include/qcar2_interfaces/qcar2_interfaces/msg/detail/motor_commands__type_support.h\n'}
[2.156180] (qcar2_interfaces) StdoutLine: {'line': b'-- Up-to-date: /workspaces/isaac_ros-dev/install/qcar2_interfaces/include/qcar2_interfaces/qcar2_interfaces/msg/detail/boolean_leds__type_support.h\n'}
[2.156238] (qcar2_interfaces) StdoutLine: {'line': b'-- Up-to-date: /workspaces/isaac_ros-dev/install/qcar2_interfaces/include/qcar2_interfaces/qcar2_interfaces/msg/boolean_leds.h\n'}
[2.156355] (qcar2_interfaces) StdoutLine: {'line': b'-- Up-to-date: /workspaces/isaac_ros-dev/install/qcar2_interfaces/share/qcar2_interfaces/environment/library_path.sh\n'}
[2.156458] (qcar2_interfaces) StdoutLine: {'line': b'-- Up-to-date: /workspaces/isaac_ros-dev/install/qcar2_interfaces/share/qcar2_interfaces/environment/library_path.dsv\n'}
[2.156550] (qcar2_interfaces) StdoutLine: {'line': b'-- Up-to-date: /workspaces/isaac_ros-dev/install/qcar2_interfaces/lib/libqcar2_interfaces__rosidl_generator_c.so\n'}
[2.156623] (qcar2_interfaces) StdoutLine: {'line': b'-- Up-to-date: /workspaces/isaac_ros-dev/install/qcar2_interfaces/include/qcar2_interfaces/qcar2_interfaces\n'}
[2.156693] (qcar2_interfaces) StdoutLine: {'line': b'-- Up-to-date: /workspaces/isaac_ros-dev/install/qcar2_interfaces/include/qcar2_interfaces/qcar2_interfaces/msg\n'}
[2.156782] (qcar2_interfaces) StdoutLine: {'line': b'-- Up-to-date: /workspaces/isaac_ros-dev/install/qcar2_interfaces/include/qcar2_interfaces/qcar2_interfaces/msg/rosidl_typesupport_fastrtps_c__visibility_control.h\n'}
[2.157032] (qcar2_interfaces) StdoutLine: {'line': b'-- Up-to-date: /workspaces/isaac_ros-dev/install/qcar2_interfaces/include/qcar2_interfaces/qcar2_interfaces/msg/detail\n'}
[2.157103] (qcar2_interfaces) StdoutLine: {'line': b'-- Up-to-date: /workspaces/isaac_ros-dev/install/qcar2_interfaces/include/qcar2_interfaces/qcar2_interfaces/msg/detail/motor_commands__rosidl_typesupport_fastrtps_c.h\n'}
[2.157166] (qcar2_interfaces) StdoutLine: {'line': b'-- Up-to-date: /workspaces/isaac_ros-dev/install/qcar2_interfaces/include/qcar2_interfaces/qcar2_interfaces/msg/detail/boolean_leds__rosidl_typesupport_fastrtps_c.h\n'}
[2.157228] (qcar2_interfaces) StdoutLine: {'line': b'-- Up-to-date: /workspaces/isaac_ros-dev/install/qcar2_interfaces/lib/libqcar2_interfaces__rosidl_typesupport_fastrtps_c.so\n'}
[2.157287] (qcar2_interfaces) StdoutLine: {'line': b'-- Up-to-date: /workspaces/isaac_ros-dev/install/qcar2_interfaces/include/qcar2_interfaces/qcar2_interfaces\n'}
[2.157482] (qcar2_interfaces) StdoutLine: {'line': b'-- Up-to-date: /workspaces/isaac_ros-dev/install/qcar2_interfaces/include/qcar2_interfaces/qcar2_interfaces/msg\n'}
[2.157775] (qcar2_interfaces) StdoutLine: {'line': b'-- Up-to-date: /workspaces/isaac_ros-dev/install/qcar2_interfaces/include/qcar2_interfaces/qcar2_interfaces/msg/rosidl_typesupport_introspection_c__visibility_control.h\n'}
[2.157859] (qcar2_interfaces) StdoutLine: {'line': b'-- Up-to-date: /workspaces/isaac_ros-dev/install/qcar2_interfaces/include/qcar2_interfaces/qcar2_interfaces/msg/detail\n'}
[2.157934] (qcar2_interfaces) StdoutLine: {'line': b'-- Up-to-date: /workspaces/isaac_ros-dev/install/qcar2_interfaces/include/qcar2_interfaces/qcar2_interfaces/msg/detail/boolean_leds__type_support.c\n'}
[2.157991] (qcar2_interfaces) StdoutLine: {'line': b'-- Up-to-date: /workspaces/isaac_ros-dev/install/qcar2_interfaces/include/qcar2_interfaces/qcar2_interfaces/msg/detail/motor_commands__type_support.c\n'}
[2.158050] (qcar2_interfaces) StdoutLine: {'line': b'-- Up-to-date: /workspaces/isaac_ros-dev/install/qcar2_interfaces/include/qcar2_interfaces/qcar2_interfaces/msg/detail/boolean_leds__rosidl_typesupport_introspection_c.h\n'}
[2.158122] (qcar2_interfaces) StdoutLine: {'line': b'-- Up-to-date: /workspaces/isaac_ros-dev/install/qcar2_interfaces/include/qcar2_interfaces/qcar2_interfaces/msg/detail/motor_commands__rosidl_typesupport_introspection_c.h\n'}
[2.158201] (qcar2_interfaces) StdoutLine: {'line': b'-- Up-to-date: /workspaces/isaac_ros-dev/install/qcar2_interfaces/lib/libqcar2_interfaces__rosidl_typesupport_introspection_c.so\n'}
[2.158284] (qcar2_interfaces) StdoutLine: {'line': b'-- Up-to-date: /workspaces/isaac_ros-dev/install/qcar2_interfaces/lib/libqcar2_interfaces__rosidl_typesupport_c.so\n'}
[2.158381] (qcar2_interfaces) StdoutLine: {'line': b'-- Up-to-date: /workspaces/isaac_ros-dev/install/qcar2_interfaces/include/qcar2_interfaces/qcar2_interfaces\n'}
[2.158464] (qcar2_interfaces) StdoutLine: {'line': b'-- Up-to-date: /workspaces/isaac_ros-dev/install/qcar2_interfaces/include/qcar2_interfaces/qcar2_interfaces/msg\n'}
[2.158548] (qcar2_interfaces) StdoutLine: {'line': b'-- Up-to-date: /workspaces/isaac_ros-dev/install/qcar2_interfaces/include/qcar2_interfaces/qcar2_interfaces/msg/boolean_leds.hpp\n'}
[2.158610] (qcar2_interfaces) StdoutLine: {'line': b'-- Up-to-date: /workspaces/isaac_ros-dev/install/qcar2_interfaces/include/qcar2_interfaces/qcar2_interfaces/msg/detail\n'}
[2.158671] (qcar2_interfaces) StdoutLine: {'line': b'-- Up-to-date: /workspaces/isaac_ros-dev/install/qcar2_interfaces/include/qcar2_interfaces/qcar2_interfaces/msg/detail/boolean_leds__struct.hpp\n'}
[2.158747] (qcar2_interfaces) StdoutLine: {'line': b'-- Up-to-date: /workspaces/isaac_ros-dev/install/qcar2_interfaces/include/qcar2_interfaces/qcar2_interfaces/msg/detail/motor_commands__builder.hpp\n'}
[2.158863] (qcar2_interfaces) StdoutLine: {'line': b'-- Up-to-date: /workspaces/isaac_ros-dev/install/qcar2_interfaces/include/qcar2_interfaces/qcar2_interfaces/msg/detail/boolean_leds__builder.hpp\n'}
[2.158960] (qcar2_interfaces) StdoutLine: {'line': b'-- Up-to-date: /workspaces/isaac_ros-dev/install/qcar2_interfaces/include/qcar2_interfaces/qcar2_interfaces/msg/detail/boolean_leds__traits.hpp\n'}
[2.159061] (qcar2_interfaces) StdoutLine: {'line': b'-- Up-to-date: /workspaces/isaac_ros-dev/install/qcar2_interfaces/include/qcar2_interfaces/qcar2_interfaces/msg/detail/motor_commands__traits.hpp\n'}
[2.159155] (qcar2_interfaces) StdoutLine: {'line': b'-- Up-to-date: /workspaces/isaac_ros-dev/install/qcar2_interfaces/include/qcar2_interfaces/qcar2_interfaces/msg/detail/motor_commands__struct.hpp\n'}
[2.159219] (qcar2_interfaces) StdoutLine: {'line': b'-- Up-to-date: /workspaces/isaac_ros-dev/install/qcar2_interfaces/include/qcar2_interfaces/qcar2_interfaces/msg/motor_commands.hpp\n'}
[2.159278] (qcar2_interfaces) StdoutLine: {'line': b'-- Up-to-date: /workspaces/isaac_ros-dev/install/qcar2_interfaces/include/qcar2_interfaces/qcar2_interfaces\n'}
[2.159370] (qcar2_interfaces) StdoutLine: {'line': b'-- Up-to-date: /workspaces/isaac_ros-dev/install/qcar2_interfaces/include/qcar2_interfaces/qcar2_interfaces/msg\n'}
[2.159445] (qcar2_interfaces) StdoutLine: {'line': b'-- Up-to-date: /workspaces/isaac_ros-dev/install/qcar2_interfaces/include/qcar2_interfaces/qcar2_interfaces/msg/detail\n'}
[2.159509] (qcar2_interfaces) StdoutLine: {'line': b'-- Up-to-date: /workspaces/isaac_ros-dev/install/qcar2_interfaces/include/qcar2_interfaces/qcar2_interfaces/msg/detail/motor_commands__rosidl_typesupport_fastrtps_cpp.hpp\n'}
[2.159578] (qcar2_interfaces) StdoutLine: {'line': b'-- Up-to-date: /workspaces/isaac_ros-dev/install/qcar2_interfaces/include/qcar2_interfaces/qcar2_interfaces/msg/detail/dds_fastrtps\n'}
[2.159644] (qcar2_interfaces) StdoutLine: {'line': b'-- Up-to-date: /workspaces/isaac_ros-dev/install/qcar2_interfaces/include/qcar2_interfaces/qcar2_interfaces/msg/detail/boolean_leds__rosidl_typesupport_fastrtps_cpp.hpp\n'}
[2.159732] (qcar2_interfaces) StdoutLine: {'line': b'-- Up-to-date: /workspaces/isaac_ros-dev/install/qcar2_interfaces/include/qcar2_interfaces/qcar2_interfaces/msg/rosidl_typesupport_fastrtps_cpp__visibility_control.h\n'}
[2.159811] (qcar2_interfaces) StdoutLine: {'line': b'-- Up-to-date: /workspaces/isaac_ros-dev/install/qcar2_interfaces/lib/libqcar2_interfaces__rosidl_typesupport_fastrtps_cpp.so\n'}
[2.159874] (qcar2_interfaces) StdoutLine: {'line': b'-- Up-to-date: /workspaces/isaac_ros-dev/install/qcar2_interfaces/include/qcar2_interfaces/qcar2_interfaces\n'}
[2.159941] (qcar2_interfaces) StdoutLine: {'line': b'-- Up-to-date: /workspaces/isaac_ros-dev/install/qcar2_interfaces/include/qcar2_interfaces/qcar2_interfaces/msg\n'}
[2.160007] (qcar2_interfaces) StdoutLine: {'line': b'-- Up-to-date: /workspaces/isaac_ros-dev/install/qcar2_interfaces/include/qcar2_interfaces/qcar2_interfaces/msg/detail\n'}
[2.160071] (qcar2_interfaces) StdoutLine: {'line': b'-- Up-to-date: /workspaces/isaac_ros-dev/install/qcar2_interfaces/include/qcar2_interfaces/qcar2_interfaces/msg/detail/boolean_leds__rosidl_typesupport_introspection_cpp.hpp\n'}
[2.160134] (qcar2_interfaces) StdoutLine: {'line': b'-- Up-to-date: /workspaces/isaac_ros-dev/install/qcar2_interfaces/include/qcar2_interfaces/qcar2_interfaces/msg/detail/motor_commands__type_support.cpp\n'}
[2.160387] (qcar2_interfaces) StdoutLine: {'line': b'-- Up-to-date: /workspaces/isaac_ros-dev/install/qcar2_interfaces/include/qcar2_interfaces/qcar2_interfaces/msg/detail/boolean_leds__type_support.cpp\n'}
[2.160488] (qcar2_interfaces) StdoutLine: {'line': b'-- Up-to-date: /workspaces/isaac_ros-dev/install/qcar2_interfaces/include/qcar2_interfaces/qcar2_interfaces/msg/detail/motor_commands__rosidl_typesupport_introspection_cpp.hpp\n'}
[2.160568] (qcar2_interfaces) StdoutLine: {'line': b'-- Up-to-date: /workspaces/isaac_ros-dev/install/qcar2_interfaces/lib/libqcar2_interfaces__rosidl_typesupport_introspection_cpp.so\n'}
[2.160628] (qcar2_interfaces) StdoutLine: {'line': b'-- Up-to-date: /workspaces/isaac_ros-dev/install/qcar2_interfaces/lib/libqcar2_interfaces__rosidl_typesupport_cpp.so\n'}
[2.160687] (qcar2_interfaces) StdoutLine: {'line': b'-- Up-to-date: /workspaces/isaac_ros-dev/install/qcar2_interfaces/share/qcar2_interfaces/environment/pythonpath.sh\n'}
[2.160747] (qcar2_interfaces) StdoutLine: {'line': b'-- Up-to-date: /workspaces/isaac_ros-dev/install/qcar2_interfaces/share/qcar2_interfaces/environment/pythonpath.dsv\n'}
[2.160808] (qcar2_interfaces) StdoutLine: {'line': b'-- Up-to-date: /workspaces/isaac_ros-dev/install/qcar2_interfaces/lib/python3.8/site-packages/qcar2_interfaces-0.0.0-py3.8.egg-info\n'}
[2.160870] (qcar2_interfaces) StdoutLine: {'line': b'-- Installing: /workspaces/isaac_ros-dev/install/qcar2_interfaces/lib/python3.8/site-packages/qcar2_interfaces-0.0.0-py3.8.egg-info/dependency_links.txt\n'}
[2.160934] (qcar2_interfaces) StdoutLine: {'line': b'-- Installing: /workspaces/isaac_ros-dev/install/qcar2_interfaces/lib/python3.8/site-packages/qcar2_interfaces-0.0.0-py3.8.egg-info/PKG-INFO\n'}
[2.161000] (qcar2_interfaces) StdoutLine: {'line': b'-- Installing: /workspaces/isaac_ros-dev/install/qcar2_interfaces/lib/python3.8/site-packages/qcar2_interfaces-0.0.0-py3.8.egg-info/SOURCES.txt\n'}
[2.161128] (qcar2_interfaces) StdoutLine: {'line': b'-- Installing: /workspaces/isaac_ros-dev/install/qcar2_interfaces/lib/python3.8/site-packages/qcar2_interfaces-0.0.0-py3.8.egg-info/top_level.txt\n'}
[2.161427] (qcar2_interfaces) StdoutLine: {'line': b'-- Up-to-date: /workspaces/isaac_ros-dev/install/qcar2_interfaces/lib/python3.8/site-packages/qcar2_interfaces\n'}
[2.161802] (qcar2_interfaces) StdoutLine: {'line': b'-- Up-to-date: /workspaces/isaac_ros-dev/install/qcar2_interfaces/lib/python3.8/site-packages/qcar2_interfaces/_qcar2_interfaces_s.ep.rosidl_typesupport_fastrtps_c.c\n'}
[2.162054] (qcar2_interfaces) StdoutLine: {'line': b'-- Up-to-date: /workspaces/isaac_ros-dev/install/qcar2_interfaces/lib/python3.8/site-packages/qcar2_interfaces/qcar2_interfaces_s__rosidl_typesupport_c.cpython-38-x86_64-linux-gnu.so\n'}
[2.162299] (qcar2_interfaces) StdoutLine: {'line': b'-- Up-to-date: /workspaces/isaac_ros-dev/install/qcar2_interfaces/lib/python3.8/site-packages/qcar2_interfaces/_qcar2_interfaces_s.ep.rosidl_typesupport_introspection_c.c\n'}
[2.162413] (qcar2_interfaces) StdoutLine: {'line': b'-- Up-to-date: /workspaces/isaac_ros-dev/install/qcar2_interfaces/lib/python3.8/site-packages/qcar2_interfaces/qcar2_interfaces_s__rosidl_typesupport_introspection_c.cpython-38-x86_64-linux-gnu.so\n'}
[2.162484] (qcar2_interfaces) StdoutLine: {'line': b'-- Up-to-date: /workspaces/isaac_ros-dev/install/qcar2_interfaces/lib/python3.8/site-packages/qcar2_interfaces/qcar2_interfaces_s__rosidl_typesupport_fastrtps_c.cpython-38-x86_64-linux-gnu.so\n'}
[2.162546] (qcar2_interfaces) StdoutLine: {'line': b'-- Up-to-date: /workspaces/isaac_ros-dev/install/qcar2_interfaces/lib/python3.8/site-packages/qcar2_interfaces/libqcar2_interfaces__rosidl_generator_py.so\n'}
[2.162606] (qcar2_interfaces) StdoutLine: {'line': b'-- Up-to-date: /workspaces/isaac_ros-dev/install/qcar2_interfaces/lib/python3.8/site-packages/qcar2_interfaces/__init__.py\n'}
[2.162667] (qcar2_interfaces) StdoutLine: {'line': b'-- Up-to-date: /workspaces/isaac_ros-dev/install/qcar2_interfaces/lib/python3.8/site-packages/qcar2_interfaces/msg\n'}
[2.162727] (qcar2_interfaces) StdoutLine: {'line': b'-- Up-to-date: /workspaces/isaac_ros-dev/install/qcar2_interfaces/lib/python3.8/site-packages/qcar2_interfaces/msg/_boolean_leds.py\n'}
[2.162890] (qcar2_interfaces) StdoutLine: {'line': b'-- Up-to-date: /workspaces/isaac_ros-dev/install/qcar2_interfaces/lib/python3.8/site-packages/qcar2_interfaces/msg/__init__.py\n'}
[2.162954] (qcar2_interfaces) StdoutLine: {'line': b'-- Up-to-date: /workspaces/isaac_ros-dev/install/qcar2_interfaces/lib/python3.8/site-packages/qcar2_interfaces/msg/_boolean_leds_s.c\n'}
[2.163015] (qcar2_interfaces) StdoutLine: {'line': b'-- Up-to-date: /workspaces/isaac_ros-dev/install/qcar2_interfaces/lib/python3.8/site-packages/qcar2_interfaces/msg/_motor_commands.py\n'}
[2.163077] (qcar2_interfaces) StdoutLine: {'line': b'-- Up-to-date: /workspaces/isaac_ros-dev/install/qcar2_interfaces/lib/python3.8/site-packages/qcar2_interfaces/msg/_motor_commands_s.c\n'}
[2.163140] (qcar2_interfaces) StdoutLine: {'line': b'-- Up-to-date: /workspaces/isaac_ros-dev/install/qcar2_interfaces/lib/python3.8/site-packages/qcar2_interfaces/_qcar2_interfaces_s.ep.rosidl_typesupport_c.c\n'}
[2.209200] (-) TimerEvent: {}
[2.215899] (qcar2_interfaces) StdoutLine: {'line': b"Listing '/workspaces/isaac_ros-dev/install/qcar2_interfaces/lib/python3.8/site-packages/qcar2_interfaces'...\n"}
[2.216378] (qcar2_interfaces) StdoutLine: {'line': b"Listing '/workspaces/isaac_ros-dev/install/qcar2_interfaces/lib/python3.8/site-packages/qcar2_interfaces/msg'...\n"}
[2.222339] (qcar2_interfaces) StdoutLine: {'line': b'-- Up-to-date: /workspaces/isaac_ros-dev/install/qcar2_interfaces/lib/python3.8/site-packages/qcar2_interfaces/qcar2_interfaces_s__rosidl_typesupport_fastrtps_c.cpython-38-x86_64-linux-gnu.so\n'}
[2.222794] (qcar2_interfaces) StdoutLine: {'line': b'-- Up-to-date: /workspaces/isaac_ros-dev/install/qcar2_interfaces/lib/python3.8/site-packages/qcar2_interfaces/qcar2_interfaces_s__rosidl_typesupport_introspection_c.cpython-38-x86_64-linux-gnu.so\n'}
[2.223029] (qcar2_interfaces) StdoutLine: {'line': b'-- Up-to-date: /workspaces/isaac_ros-dev/install/qcar2_interfaces/lib/python3.8/site-packages/qcar2_interfaces/qcar2_interfaces_s__rosidl_typesupport_c.cpython-38-x86_64-linux-gnu.so\n'}
[2.223333] (qcar2_interfaces) StdoutLine: {'line': b'-- Up-to-date: /workspaces/isaac_ros-dev/install/qcar2_interfaces/lib/libqcar2_interfaces__rosidl_generator_py.so\n'}
[2.223599] (qcar2_interfaces) StdoutLine: {'line': b'-- Up-to-date: /workspaces/isaac_ros-dev/install/qcar2_interfaces/share/qcar2_interfaces/msg/MotorCommands.idl\n'}
[2.223710] (qcar2_interfaces) StdoutLine: {'line': b'-- Up-to-date: /workspaces/isaac_ros-dev/install/qcar2_interfaces/share/qcar2_interfaces/msg/BooleanLeds.idl\n'}
[2.223823] (qcar2_interfaces) StdoutLine: {'line': b'-- Up-to-date: /workspaces/isaac_ros-dev/install/qcar2_interfaces/share/qcar2_interfaces/msg/MotorCommands.msg\n'}
[2.223930] (qcar2_interfaces) StdoutLine: {'line': b'-- Up-to-date: /workspaces/isaac_ros-dev/install/qcar2_interfaces/share/qcar2_interfaces/msg/BooleanLeds.msg\n'}
[2.224019] (qcar2_interfaces) StdoutLine: {'line': b'-- Up-to-date: /workspaces/isaac_ros-dev/install/qcar2_interfaces/share/ament_index/resource_index/package_run_dependencies/qcar2_interfaces\n'}
[2.224253] (qcar2_interfaces) StdoutLine: {'line': b'-- Up-to-date: /workspaces/isaac_ros-dev/install/qcar2_interfaces/share/ament_index/resource_index/parent_prefix_path/qcar2_interfaces\n'}
[2.224407] (qcar2_interfaces) StdoutLine: {'line': b'-- Up-to-date: /workspaces/isaac_ros-dev/install/qcar2_interfaces/share/qcar2_interfaces/environment/ament_prefix_path.sh\n'}
[2.224518] (qcar2_interfaces) StdoutLine: {'line': b'-- Up-to-date: /workspaces/isaac_ros-dev/install/qcar2_interfaces/share/qcar2_interfaces/environment/ament_prefix_path.dsv\n'}
[2.224669] (qcar2_interfaces) StdoutLine: {'line': b'-- Up-to-date: /workspaces/isaac_ros-dev/install/qcar2_interfaces/share/qcar2_interfaces/environment/path.sh\n'}
[2.224853] (qcar2_interfaces) StdoutLine: {'line': b'-- Up-to-date: /workspaces/isaac_ros-dev/install/qcar2_interfaces/share/qcar2_interfaces/environment/path.dsv\n'}
[2.224981] (qcar2_interfaces) StdoutLine: {'line': b'-- Up-to-date: /workspaces/isaac_ros-dev/install/qcar2_interfaces/share/qcar2_interfaces/local_setup.bash\n'}
[2.225063] (qcar2_interfaces) StdoutLine: {'line': b'-- Up-to-date: /workspaces/isaac_ros-dev/install/qcar2_interfaces/share/qcar2_interfaces/local_setup.sh\n'}
[2.225133] (qcar2_interfaces) StdoutLine: {'line': b'-- Up-to-date: /workspaces/isaac_ros-dev/install/qcar2_interfaces/share/qcar2_interfaces/local_setup.zsh\n'}
[2.225202] (qcar2_interfaces) StdoutLine: {'line': b'-- Up-to-date: /workspaces/isaac_ros-dev/install/qcar2_interfaces/share/qcar2_interfaces/local_setup.dsv\n'}
[2.225302] (qcar2_interfaces) StdoutLine: {'line': b'-- Installing: /workspaces/isaac_ros-dev/install/qcar2_interfaces/share/qcar2_interfaces/package.dsv\n'}
[2.225421] (qcar2_interfaces) StdoutLine: {'line': b'-- Up-to-date: /workspaces/isaac_ros-dev/install/qcar2_interfaces/share/ament_index/resource_index/packages/qcar2_interfaces\n'}
[2.225617] (qcar2_interfaces) StdoutLine: {'line': b'-- Up-to-date: /workspaces/isaac_ros-dev/install/qcar2_interfaces/share/qcar2_interfaces/cmake/export_qcar2_interfaces__rosidl_generator_cExport.cmake\n'}
[2.225915] (qcar2_interfaces) StdoutLine: {'line': b'-- Up-to-date: /workspaces/isaac_ros-dev/install/qcar2_interfaces/share/qcar2_interfaces/cmake/export_qcar2_interfaces__rosidl_generator_cExport-noconfig.cmake\n'}
[2.226087] (qcar2_interfaces) StdoutLine: {'line': b'-- Up-to-date: /workspaces/isaac_ros-dev/install/qcar2_interfaces/share/qcar2_interfaces/cmake/export_qcar2_interfaces__rosidl_typesupport_fastrtps_cExport.cmake\n'}
[2.226196] (qcar2_interfaces) StdoutLine: {'line': b'-- Up-to-date: /workspaces/isaac_ros-dev/install/qcar2_interfaces/share/qcar2_interfaces/cmake/export_qcar2_interfaces__rosidl_typesupport_fastrtps_cExport-noconfig.cmake\n'}
[2.226576] (qcar2_interfaces) StdoutLine: {'line': b'-- Up-to-date: /workspaces/isaac_ros-dev/install/qcar2_interfaces/share/qcar2_interfaces/cmake/qcar2_interfaces__rosidl_typesupport_introspection_cExport.cmake\n'}
[2.226739] (qcar2_interfaces) StdoutLine: {'line': b'-- Up-to-date: /workspaces/isaac_ros-dev/install/qcar2_interfaces/share/qcar2_interfaces/cmake/qcar2_interfaces__rosidl_typesupport_introspection_cExport-noconfig.cmake\n'}
[2.226871] (qcar2_interfaces) StdoutLine: {'line': b'-- Up-to-date: /workspaces/isaac_ros-dev/install/qcar2_interfaces/share/qcar2_interfaces/cmake/qcar2_interfaces__rosidl_typesupport_cExport.cmake\n'}
[2.226985] (qcar2_interfaces) StdoutLine: {'line': b'-- Up-to-date: /workspaces/isaac_ros-dev/install/qcar2_interfaces/share/qcar2_interfaces/cmake/qcar2_interfaces__rosidl_typesupport_cExport-noconfig.cmake\n'}
[2.227103] (qcar2_interfaces) StdoutLine: {'line': b'-- Up-to-date: /workspaces/isaac_ros-dev/install/qcar2_interfaces/share/qcar2_interfaces/cmake/export_qcar2_interfaces__rosidl_generator_cppExport.cmake\n'}
[2.227225] (qcar2_interfaces) StdoutLine: {'line': b'-- Up-to-date: /workspaces/isaac_ros-dev/install/qcar2_interfaces/share/qcar2_interfaces/cmake/export_qcar2_interfaces__rosidl_typesupport_fastrtps_cppExport.cmake\n'}
[2.227351] (qcar2_interfaces) StdoutLine: {'line': b'-- Up-to-date: /workspaces/isaac_ros-dev/install/qcar2_interfaces/share/qcar2_interfaces/cmake/export_qcar2_interfaces__rosidl_typesupport_fastrtps_cppExport-noconfig.cmake\n'}
[2.227512] (qcar2_interfaces) StdoutLine: {'line': b'-- Up-to-date: /workspaces/isaac_ros-dev/install/qcar2_interfaces/share/qcar2_interfaces/cmake/qcar2_interfaces__rosidl_typesupport_introspection_cppExport.cmake\n'}
[2.227641] (qcar2_interfaces) StdoutLine: {'line': b'-- Up-to-date: /workspaces/isaac_ros-dev/install/qcar2_interfaces/share/qcar2_interfaces/cmake/qcar2_interfaces__rosidl_typesupport_introspection_cppExport-noconfig.cmake\n'}
[2.227772] (qcar2_interfaces) StdoutLine: {'line': b'-- Up-to-date: /workspaces/isaac_ros-dev/install/qcar2_interfaces/share/qcar2_interfaces/cmake/qcar2_interfaces__rosidl_typesupport_cppExport.cmake\n'}
[2.228666] (qcar2_interfaces) StdoutLine: {'line': b'-- Up-to-date: /workspaces/isaac_ros-dev/install/qcar2_interfaces/share/qcar2_interfaces/cmake/qcar2_interfaces__rosidl_typesupport_cppExport-noconfig.cmake\n'}
[2.230472] (qcar2_interfaces) StdoutLine: {'line': b'-- Up-to-date: /workspaces/isaac_ros-dev/install/qcar2_interfaces/share/qcar2_interfaces/cmake/export_qcar2_interfaces__rosidl_generator_pyExport.cmake\n'}
[2.230841] (qcar2_interfaces) StdoutLine: {'line': b'-- Up-to-date: /workspaces/isaac_ros-dev/install/qcar2_interfaces/share/qcar2_interfaces/cmake/export_qcar2_interfaces__rosidl_generator_pyExport-noconfig.cmake\n'}
[2.231229] (qcar2_interfaces) StdoutLine: {'line': b'-- Up-to-date: /workspaces/isaac_ros-dev/install/qcar2_interfaces/share/qcar2_interfaces/cmake/rosidl_cmake-extras.cmake\n'}
[2.231344] (qcar2_interfaces) StdoutLine: {'line': b'-- Up-to-date: /workspaces/isaac_ros-dev/install/qcar2_interfaces/share/qcar2_interfaces/cmake/ament_cmake_export_include_directories-extras.cmake\n'}
[2.232790] (qcar2_interfaces) StdoutLine: {'line': b'-- Up-to-date: /workspaces/isaac_ros-dev/install/qcar2_interfaces/share/qcar2_interfaces/cmake/ament_cmake_export_libraries-extras.cmake\n'}
[2.233468] (qcar2_interfaces) StdoutLine: {'line': b'-- Up-to-date: /workspaces/isaac_ros-dev/install/qcar2_interfaces/share/qcar2_interfaces/cmake/ament_cmake_export_targets-extras.cmake\n'}
[2.233836] (qcar2_interfaces) StdoutLine: {'line': b'-- Up-to-date: /workspaces/isaac_ros-dev/install/qcar2_interfaces/share/qcar2_interfaces/cmake/rosidl_cmake_export_typesupport_targets-extras.cmake\n'}
[2.234232] (qcar2_interfaces) StdoutLine: {'line': b'-- Up-to-date: /workspaces/isaac_ros-dev/install/qcar2_interfaces/share/qcar2_interfaces/cmake/ament_cmake_export_dependencies-extras.cmake\n'}
[2.234321] (qcar2_interfaces) StdoutLine: {'line': b'-- Up-to-date: /workspaces/isaac_ros-dev/install/qcar2_interfaces/share/qcar2_interfaces/cmake/rosidl_cmake_export_typesupport_libraries-extras.cmake\n'}
[2.234527] (qcar2_interfaces) StdoutLine: {'line': b'-- Up-to-date: /workspaces/isaac_ros-dev/install/qcar2_interfaces/share/qcar2_interfaces/cmake/qcar2_interfacesConfig.cmake\n'}
[2.234890] (qcar2_interfaces) StdoutLine: {'line': b'-- Up-to-date: /workspaces/isaac_ros-dev/install/qcar2_interfaces/share/qcar2_interfaces/cmake/qcar2_interfacesConfig-version.cmake\n'}
[2.235187] (qcar2_interfaces) StdoutLine: {'line': b'-- Up-to-date: /workspaces/isaac_ros-dev/install/qcar2_interfaces/share/qcar2_interfaces/package.xml\n'}
[2.235546] (qcar2_interfaces) CommandEnded: {'returncode': 0}
[2.309336] (-) TimerEvent: {}
[2.409985] (-) TimerEvent: {}
[2.510569] (-) TimerEvent: {}
[2.611250] (-) TimerEvent: {}
[2.711682] (-) TimerEvent: {}
[2.812145] (-) TimerEvent: {}
[2.912560] (-) TimerEvent: {}
[3.013037] (-) TimerEvent: {}
[3.113378] (-) TimerEvent: {}
[3.213825] (-) TimerEvent: {}
[3.314298] (-) TimerEvent: {}
[3.414713] (-) TimerEvent: {}
[3.515106] (-) TimerEvent: {}
[3.615442] (-) TimerEvent: {}
[3.715801] (-) TimerEvent: {}
[3.719273] (qcar2_interfaces) JobEnded: {'identifier': 'qcar2_interfaces', 'rc': 0}
[3.720341] (-) EventReactorShutdown: {}
