[2.346s] Invoking command in '/workspaces/isaac_ros-dev/build/acc_2026_project': CMAKE_PREFIX_PATH=/workspaces/isaac_ros-dev/install/qcar2_interfaces:/workspaces/isaac_ros-dev/install/qcar2_nodes:/workspace/cartographer_ws/install/perception_pcl:/workspace/cartographer_ws/install/pcl_ros:/workspace/cartographer_ws/install/cartographer_rviz:/workspace/cartographer_ws/install/cartographer_ros:/workspace/cartographer_ws/install/pcl_conversions:/workspace/cartographer_ws/install/pcl_msgs:/workspace/cartographer_ws/install/isaac_ros_tensor_list_interfaces:/workspace/cartographer_ws/install/isaac_ros_pointcloud_interfaces:/workspace/cartographer_ws/install/isaac_ros_nova_interfaces:/workspace/cartographer_ws/install/isaac_ros_nitros_bridge_interfaces:/workspace/cartographer_ws/install/isaac_ros_common:/workspace/cartographer_ws/install/isaac_ros_bi3d_interfaces:/workspace/cartographer_ws/install/isaac_ros_apriltag_interfaces:/workspace/cartographer_ws/install/control_msgs:/workspace/cartographer_ws/install/cartographer_ros_msgs:/workspace/cartographer_ws/install/cartographer:/workspace/cartographer_ws/install/absl PYTHONPATH=/workspaces/isaac_ros-dev/build/acc_2026_project/prefix_override:/workspaces/isaac_ros-dev/install/acc_2026_project/lib/python3.8/site-packages:/workspaces/isaac_ros-dev/install/qcar2_interfaces/lib/python3.8/site-packages:/workspaces/isaac_ros-dev/build/qcar2_autonomy:/workspaces/isaac_ros-dev/install/qcar2_autonomy/lib/python3.8/site-packages:/workspaces/isaac_ros-dev/build/acc_2026_project:/workspaces/isaac_ros-dev/install/acc_2026_project/lib/python3.8/site-packages:/workspace/cartographer_ws/install/pcl_msgs/lib/python3.8/site-packages:/workspace/cartographer_ws/build/isaac_ros_test:/workspace/cartographer_ws/install/isaac_ros_test/lib/python3.8/site-packages:/workspace/cartographer_ws/install/isaac_ros_tensor_list_interfaces/lib/python3.8/site-packages:/workspace/cartographer_ws/install/isaac_ros_pointcloud_interfaces/lib/python3.8/site-packages:/workspace/cartographer_ws/install/isaac_ros_nova_interfaces/lib/python3.8/site-packages:/workspace/cartographer_ws/install/isaac_ros_nitros_bridge_interfaces/lib/python3.8/site-packages:/workspace/cartographer_ws/install/isaac_ros_bi3d_interfaces/lib/python3.8/site-packages:/workspace/cartographer_ws/install/isaac_ros_apriltag_interfaces/lib/python3.8/site-packages:/workspace/cartographer_ws/install/control_msgs/lib/python3.8/site-packages:/workspace/cartographer_ws/install/cartographer_ros_msgs/lib/python3.8/site-packages:/opt/ros/humble/lib/python3.8/site-packages:/home/Quanser/0_libraries/python _=/usr/bin/env /usr/bin/python3 setup.py develop --editable --build-directory /workspaces/isaac_ros-dev/build/acc_2026_project/build --no-deps install_data
[2.966s] running develop
[3.335s] running egg_info
[3.335s] creating acc_2026_project.egg-info
[3.352s] writing acc_2026_project.egg-info/PKG-INFO
[3.353s] writing dependency_links to acc_2026_project.egg-info/dependency_links.txt
[3.353s] writing entry points to acc_2026_project.egg-info/entry_points.txt
[3.354s] writing requirements to acc_2026_project.egg-info/requires.txt
[3.354s] writing top-level names to acc_2026_project.egg-info/top_level.txt
[3.354s] writing manifest file 'acc_2026_project.egg-info/SOURCES.txt'
[3.395s] reading manifest file 'acc_2026_project.egg-info/SOURCES.txt'
[3.396s] writing manifest file 'acc_2026_project.egg-info/SOURCES.txt'
[3.481s] running build_ext
[3.481s] Creating /workspaces/isaac_ros-dev/install/acc_2026_project/lib/python3.8/site-packages/acc-2026-project.egg-link (link to .)
[3.483s] Installing check_all_cameras script to /workspaces/isaac_ros-dev/install/acc_2026_project/lib/acc_2026_project
[3.483s] Installing lane_follower script to /workspaces/isaac_ros-dev/install/acc_2026_project/lib/acc_2026_project
[3.484s] Installing test_motor script to /workspaces/isaac_ros-dev/install/acc_2026_project/lib/acc_2026_project
[3.484s] 
[3.484s] Installed /workspaces/isaac_ros-dev/build/acc_2026_project
[3.484s] running install_data
[3.485s] creating /workspaces/isaac_ros-dev/install/acc_2026_project/share/ament_index
[3.485s] creating /workspaces/isaac_ros-dev/install/acc_2026_project/share/ament_index/resource_index
[3.485s] creating /workspaces/isaac_ros-dev/install/acc_2026_project/share/ament_index/resource_index/packages
[3.485s] copying resource/acc_2026_project -> /workspaces/isaac_ros-dev/install/acc_2026_project/share/ament_index/resource_index/packages
[3.485s] copying package.xml -> /workspaces/isaac_ros-dev/install/acc_2026_project/share/acc_2026_project
[3.587s] Invoked command in '/workspaces/isaac_ros-dev/build/acc_2026_project' returned '0': CMAKE_PREFIX_PATH=/workspaces/isaac_ros-dev/install/qcar2_interfaces:/workspaces/isaac_ros-dev/install/qcar2_nodes:/workspace/cartographer_ws/install/perception_pcl:/workspace/cartographer_ws/install/pcl_ros:/workspace/cartographer_ws/install/cartographer_rviz:/workspace/cartographer_ws/install/cartographer_ros:/workspace/cartographer_ws/install/pcl_conversions:/workspace/cartographer_ws/install/pcl_msgs:/workspace/cartographer_ws/install/isaac_ros_tensor_list_interfaces:/workspace/cartographer_ws/install/isaac_ros_pointcloud_interfaces:/workspace/cartographer_ws/install/isaac_ros_nova_interfaces:/workspace/cartographer_ws/install/isaac_ros_nitros_bridge_interfaces:/workspace/cartographer_ws/install/isaac_ros_common:/workspace/cartographer_ws/install/isaac_ros_bi3d_interfaces:/workspace/cartographer_ws/install/isaac_ros_apriltag_interfaces:/workspace/cartographer_ws/install/control_msgs:/workspace/cartographer_ws/install/cartographer_ros_msgs:/workspace/cartographer_ws/install/cartographer:/workspace/cartographer_ws/install/absl PYTHONPATH=/workspaces/isaac_ros-dev/build/acc_2026_project/prefix_override:/workspaces/isaac_ros-dev/install/acc_2026_project/lib/python3.8/site-packages:/workspaces/isaac_ros-dev/install/qcar2_interfaces/lib/python3.8/site-packages:/workspaces/isaac_ros-dev/build/qcar2_autonomy:/workspaces/isaac_ros-dev/install/qcar2_autonomy/lib/python3.8/site-packages:/workspaces/isaac_ros-dev/build/acc_2026_project:/workspaces/isaac_ros-dev/install/acc_2026_project/lib/python3.8/site-packages:/workspace/cartographer_ws/install/pcl_msgs/lib/python3.8/site-packages:/workspace/cartographer_ws/build/isaac_ros_test:/workspace/cartographer_ws/install/isaac_ros_test/lib/python3.8/site-packages:/workspace/cartographer_ws/install/isaac_ros_tensor_list_interfaces/lib/python3.8/site-packages:/workspace/cartographer_ws/install/isaac_ros_pointcloud_interfaces/lib/python3.8/site-packages:/workspace/cartographer_ws/install/isaac_ros_nova_interfaces/lib/python3.8/site-packages:/workspace/cartographer_ws/install/isaac_ros_nitros_bridge_interfaces/lib/python3.8/site-packages:/workspace/cartographer_ws/install/isaac_ros_bi3d_interfaces/lib/python3.8/site-packages:/workspace/cartographer_ws/install/isaac_ros_apriltag_interfaces/lib/python3.8/site-packages:/workspace/cartographer_ws/install/control_msgs/lib/python3.8/site-packages:/workspace/cartographer_ws/install/cartographer_ros_msgs/lib/python3.8/site-packages:/opt/ros/humble/lib/python3.8/site-packages:/home/Quanser/0_libraries/python _=/usr/bin/env /usr/bin/python3 setup.py develop --editable --build-directory /workspaces/isaac_ros-dev/build/acc_2026_project/build --no-deps install_data
