/workspaces/isaac_ros-dev/install/acc_2026_project/lib/python3.8/site-packages/acc_2026_project/osman_dembiala.py
/workspaces/isaac_ros-dev/install/acc_2026_project/lib/python3.8/site-packages/acc_2026_project/QCar2_lane_following.py
/workspaces/isaac_ros-dev/install/acc_2026_project/lib/python3.8/site-packages/acc_2026_project/check_setup.py
/workspaces/isaac_ros-dev/install/acc_2026_project/lib/python3.8/site-packages/acc_2026_project/__init__.py
/workspaces/isaac_ros-dev/install/acc_2026_project/lib/python3.8/site-packages/acc_2026_project/qcar.py
/workspaces/isaac_ros-dev/install/acc_2026_project/lib/python3.8/site-packages/acc_2026_project/check_all_cameras.py
/workspaces/isaac_ros-dev/install/acc_2026_project/lib/python3.8/site-packages/acc_2026_project/fawzi.py
/workspaces/isaac_ros-dev/install/acc_2026_project/lib/python3.8/site-packages/acc_2026_project/lane_follower.py
/workspaces/isaac_ros-dev/install/acc_2026_project/lib/python3.8/site-packages/acc_2026_project/install.py
/workspaces/isaac_ros-dev/install/acc_2026_project/lib/python3.8/site-packages/acc_2026_project/zaid.py
/workspaces/isaac_ros-dev/install/acc_2026_project/lib/python3.8/site-packages/acc_2026_project/Quanser_Interactive_Labs_Resources/__init__.py
/workspaces/isaac_ros-dev/install/acc_2026_project/lib/python3.8/site-packages/acc_2026_project/Quanser_Interactive_Labs_Resources/install.py
/workspaces/isaac_ros-dev/install/acc_2026_project/lib/python3.8/site-packages/acc_2026_project/pal/__init__.py
/workspaces/isaac_ros-dev/install/acc_2026_project/lib/python3.8/site-packages/acc_2026_project/Quanser_Interactive_Labs_Resources/tutorials/shredder_tutorial.py
/workspaces/isaac_ros-dev/install/acc_2026_project/lib/python3.8/site-packages/acc_2026_project/Quanser_Interactive_Labs_Resources/tutorials/conveyor_tutorial.py
/workspaces/isaac_ros-dev/install/acc_2026_project/lib/python3.8/site-packages/acc_2026_project/Quanser_Interactive_Labs_Resources/tutorials/road_signage_tutorial.py
/workspaces/isaac_ros-dev/install/acc_2026_project/lib/python3.8/site-packages/acc_2026_project/Quanser_Interactive_Labs_Resources/tutorials/camera_tutorial.py
/workspaces/isaac_ros-dev/install/acc_2026_project/lib/python3.8/site-packages/acc_2026_project/Quanser_Interactive_Labs_Resources/tutorials/crosswalk_tutorial.py
/workspaces/isaac_ros-dev/install/acc_2026_project/lib/python3.8/site-packages/acc_2026_project/Quanser_Interactive_Labs_Resources/tutorials/traffic_cones_tutorial.py
/workspaces/isaac_ros-dev/install/acc_2026_project/lib/python3.8/site-packages/acc_2026_project/Quanser_Interactive_Labs_Resources/tutorials/complete_road_signage_tutorial.py
/workspaces/isaac_ros-dev/install/acc_2026_project/lib/python3.8/site-packages/acc_2026_project/Quanser_Interactive_Labs_Resources/tutorials/qcar_floor_mats_tutorial.py
/workspaces/isaac_ros-dev/install/acc_2026_project/lib/python3.8/site-packages/acc_2026_project/Quanser_Interactive_Labs_Resources/tutorials/people_tutorial.py
/workspaces/isaac_ros-dev/install/acc_2026_project/lib/python3.8/site-packages/acc_2026_project/Quanser_Interactive_Labs_Resources/tutorials/__init__.py
/workspaces/isaac_ros-dev/install/acc_2026_project/lib/python3.8/site-packages/acc_2026_project/Quanser_Interactive_Labs_Resources/tutorials/qcar2_tutorial.py
/workspaces/isaac_ros-dev/install/acc_2026_project/lib/python3.8/site-packages/acc_2026_project/Quanser_Interactive_Labs_Resources/tutorials/qdrone2_tutorial.py
/workspaces/isaac_ros-dev/install/acc_2026_project/lib/python3.8/site-packages/acc_2026_project/Quanser_Interactive_Labs_Resources/tutorials/walls_tutorial.py
/workspaces/isaac_ros-dev/install/acc_2026_project/lib/python3.8/site-packages/acc_2026_project/Quanser_Interactive_Labs_Resources/tutorials/office_tutorial.py
/workspaces/isaac_ros-dev/install/acc_2026_project/lib/python3.8/site-packages/acc_2026_project/Quanser_Interactive_Labs_Resources/tutorials/splines_tutorial.py
/workspaces/isaac_ros-dev/install/acc_2026_project/lib/python3.8/site-packages/acc_2026_project/Quanser_Interactive_Labs_Resources/tutorials/widgets_tutorial.py
/workspaces/isaac_ros-dev/install/acc_2026_project/lib/python3.8/site-packages/acc_2026_project/Quanser_Interactive_Labs_Resources/tutorials/office_tutorial2.py
/workspaces/isaac_ros-dev/install/acc_2026_project/lib/python3.8/site-packages/acc_2026_project/Quanser_Interactive_Labs_Resources/tutorials/multiagent_tutorial.py
/workspaces/isaac_ros-dev/install/acc_2026_project/lib/python3.8/site-packages/acc_2026_project/Quanser_Interactive_Labs_Resources/tutorials/traffic_lights_tutorial.py
/workspaces/isaac_ros-dev/install/acc_2026_project/lib/python3.8/site-packages/acc_2026_project/Quanser_Interactive_Labs_Resources/tutorials/basic_shapes_tutorial.py
/workspaces/isaac_ros-dev/install/acc_2026_project/lib/python3.8/site-packages/acc_2026_project/Quanser_Interactive_Labs_Resources/tutorials/qcar_tutorial.py
/workspaces/isaac_ros-dev/install/acc_2026_project/lib/python3.8/site-packages/acc_2026_project/Quanser_Interactive_Labs_Resources/tutorials/weather_tutorial.py
/workspaces/isaac_ros-dev/install/acc_2026_project/lib/python3.8/site-packages/acc_2026_project/Quanser_Interactive_Labs_Resources/tutorials/wall_maze_tutorial.py
/workspaces/isaac_ros-dev/install/acc_2026_project/lib/python3.8/site-packages/acc_2026_project/Quanser_Interactive_Labs_Resources/tutorials/animals_tutorial.py
/workspaces/isaac_ros-dev/install/acc_2026_project/lib/python3.8/site-packages/acc_2026_project/__pycache__/osman_dembiala.cpython-38.pyc
/workspaces/isaac_ros-dev/install/acc_2026_project/lib/python3.8/site-packages/acc_2026_project/__pycache__/QCar2_lane_following.cpython-38.pyc
/workspaces/isaac_ros-dev/install/acc_2026_project/lib/python3.8/site-packages/acc_2026_project/__pycache__/check_setup.cpython-38.pyc
/workspaces/isaac_ros-dev/install/acc_2026_project/lib/python3.8/site-packages/acc_2026_project/__pycache__/__init__.cpython-38.pyc
/workspaces/isaac_ros-dev/install/acc_2026_project/lib/python3.8/site-packages/acc_2026_project/__pycache__/qcar.cpython-38.pyc
/workspaces/isaac_ros-dev/install/acc_2026_project/lib/python3.8/site-packages/acc_2026_project/__pycache__/check_all_cameras.cpython-38.pyc
/workspaces/isaac_ros-dev/install/acc_2026_project/lib/python3.8/site-packages/acc_2026_project/__pycache__/fawzi.cpython-38.pyc
/workspaces/isaac_ros-dev/install/acc_2026_project/lib/python3.8/site-packages/acc_2026_project/__pycache__/lane_follower.cpython-38.pyc
/workspaces/isaac_ros-dev/install/acc_2026_project/lib/python3.8/site-packages/acc_2026_project/__pycache__/install.cpython-38.pyc
/workspaces/isaac_ros-dev/install/acc_2026_project/lib/python3.8/site-packages/acc_2026_project/__pycache__/zaid.cpython-38.pyc
/workspaces/isaac_ros-dev/install/acc_2026_project/lib/python3.8/site-packages/acc_2026_project/Quanser_Interactive_Labs_Resources/__pycache__/__init__.cpython-38.pyc
/workspaces/isaac_ros-dev/install/acc_2026_project/lib/python3.8/site-packages/acc_2026_project/Quanser_Interactive_Labs_Resources/__pycache__/install.cpython-38.pyc
/workspaces/isaac_ros-dev/install/acc_2026_project/lib/python3.8/site-packages/acc_2026_project/pal/__pycache__/__init__.cpython-38.pyc
/workspaces/isaac_ros-dev/install/acc_2026_project/lib/python3.8/site-packages/acc_2026_project/Quanser_Interactive_Labs_Resources/tutorials/__pycache__/shredder_tutorial.cpython-38.pyc
/workspaces/isaac_ros-dev/install/acc_2026_project/lib/python3.8/site-packages/acc_2026_project/Quanser_Interactive_Labs_Resources/tutorials/__pycache__/conveyor_tutorial.cpython-38.pyc
/workspaces/isaac_ros-dev/install/acc_2026_project/lib/python3.8/site-packages/acc_2026_project/Quanser_Interactive_Labs_Resources/tutorials/__pycache__/road_signage_tutorial.cpython-38.pyc
/workspaces/isaac_ros-dev/install/acc_2026_project/lib/python3.8/site-packages/acc_2026_project/Quanser_Interactive_Labs_Resources/tutorials/__pycache__/camera_tutorial.cpython-38.pyc
/workspaces/isaac_ros-dev/install/acc_2026_project/lib/python3.8/site-packages/acc_2026_project/Quanser_Interactive_Labs_Resources/tutorials/__pycache__/crosswalk_tutorial.cpython-38.pyc
/workspaces/isaac_ros-dev/install/acc_2026_project/lib/python3.8/site-packages/acc_2026_project/Quanser_Interactive_Labs_Resources/tutorials/__pycache__/traffic_cones_tutorial.cpython-38.pyc
/workspaces/isaac_ros-dev/install/acc_2026_project/lib/python3.8/site-packages/acc_2026_project/Quanser_Interactive_Labs_Resources/tutorials/__pycache__/complete_road_signage_tutorial.cpython-38.pyc
/workspaces/isaac_ros-dev/install/acc_2026_project/lib/python3.8/site-packages/acc_2026_project/Quanser_Interactive_Labs_Resources/tutorials/__pycache__/qcar_floor_mats_tutorial.cpython-38.pyc
/workspaces/isaac_ros-dev/install/acc_2026_project/lib/python3.8/site-packages/acc_2026_project/Quanser_Interactive_Labs_Resources/tutorials/__pycache__/people_tutorial.cpython-38.pyc
/workspaces/isaac_ros-dev/install/acc_2026_project/lib/python3.8/site-packages/acc_2026_project/Quanser_Interactive_Labs_Resources/tutorials/__pycache__/__init__.cpython-38.pyc
/workspaces/isaac_ros-dev/install/acc_2026_project/lib/python3.8/site-packages/acc_2026_project/Quanser_Interactive_Labs_Resources/tutorials/__pycache__/qcar2_tutorial.cpython-38.pyc
/workspaces/isaac_ros-dev/install/acc_2026_project/lib/python3.8/site-packages/acc_2026_project/Quanser_Interactive_Labs_Resources/tutorials/__pycache__/qdrone2_tutorial.cpython-38.pyc
/workspaces/isaac_ros-dev/install/acc_2026_project/lib/python3.8/site-packages/acc_2026_project/Quanser_Interactive_Labs_Resources/tutorials/__pycache__/walls_tutorial.cpython-38.pyc
/workspaces/isaac_ros-dev/install/acc_2026_project/lib/python3.8/site-packages/acc_2026_project/Quanser_Interactive_Labs_Resources/tutorials/__pycache__/office_tutorial.cpython-38.pyc
/workspaces/isaac_ros-dev/install/acc_2026_project/lib/python3.8/site-packages/acc_2026_project/Quanser_Interactive_Labs_Resources/tutorials/__pycache__/splines_tutorial.cpython-38.pyc
/workspaces/isaac_ros-dev/install/acc_2026_project/lib/python3.8/site-packages/acc_2026_project/Quanser_Interactive_Labs_Resources/tutorials/__pycache__/widgets_tutorial.cpython-38.pyc
/workspaces/isaac_ros-dev/install/acc_2026_project/lib/python3.8/site-packages/acc_2026_project/Quanser_Interactive_Labs_Resources/tutorials/__pycache__/office_tutorial2.cpython-38.pyc
/workspaces/isaac_ros-dev/install/acc_2026_project/lib/python3.8/site-packages/acc_2026_project/Quanser_Interactive_Labs_Resources/tutorials/__pycache__/multiagent_tutorial.cpython-38.pyc
/workspaces/isaac_ros-dev/install/acc_2026_project/lib/python3.8/site-packages/acc_2026_project/Quanser_Interactive_Labs_Resources/tutorials/__pycache__/traffic_lights_tutorial.cpython-38.pyc
/workspaces/isaac_ros-dev/install/acc_2026_project/lib/python3.8/site-packages/acc_2026_project/Quanser_Interactive_Labs_Resources/tutorials/__pycache__/basic_shapes_tutorial.cpython-38.pyc
/workspaces/isaac_ros-dev/install/acc_2026_project/lib/python3.8/site-packages/acc_2026_project/Quanser_Interactive_Labs_Resources/tutorials/__pycache__/qcar_tutorial.cpython-38.pyc
/workspaces/isaac_ros-dev/install/acc_2026_project/lib/python3.8/site-packages/acc_2026_project/Quanser_Interactive_Labs_Resources/tutorials/__pycache__/weather_tutorial.cpython-38.pyc
/workspaces/isaac_ros-dev/install/acc_2026_project/lib/python3.8/site-packages/acc_2026_project/Quanser_Interactive_Labs_Resources/tutorials/__pycache__/wall_maze_tutorial.cpython-38.pyc
/workspaces/isaac_ros-dev/install/acc_2026_project/lib/python3.8/site-packages/acc_2026_project/Quanser_Interactive_Labs_Resources/tutorials/__pycache__/animals_tutorial.cpython-38.pyc
/workspaces/isaac_ros-dev/install/acc_2026_project/share/ament_index/resource_index/packages/acc_2026_project
/workspaces/isaac_ros-dev/install/acc_2026_project/share/acc_2026_project/package.xml
/workspaces/isaac_ros-dev/install/acc_2026_project/lib/python3.8/site-packages/acc_2026_project-0.0.0-py3.8.egg-info/zip-safe
/workspaces/isaac_ros-dev/install/acc_2026_project/lib/python3.8/site-packages/acc_2026_project-0.0.0-py3.8.egg-info/dependency_links.txt
/workspaces/isaac_ros-dev/install/acc_2026_project/lib/python3.8/site-packages/acc_2026_project-0.0.0-py3.8.egg-info/PKG-INFO
/workspaces/isaac_ros-dev/install/acc_2026_project/lib/python3.8/site-packages/acc_2026_project-0.0.0-py3.8.egg-info/requires.txt
/workspaces/isaac_ros-dev/install/acc_2026_project/lib/python3.8/site-packages/acc_2026_project-0.0.0-py3.8.egg-info/SOURCES.txt
/workspaces/isaac_ros-dev/install/acc_2026_project/lib/python3.8/site-packages/acc_2026_project-0.0.0-py3.8.egg-info/top_level.txt
/workspaces/isaac_ros-dev/install/acc_2026_project/lib/python3.8/site-packages/acc_2026_project-0.0.0-py3.8.egg-info/entry_points.txt
/workspaces/isaac_ros-dev/install/acc_2026_project/lib/acc_2026_project/check_all_cameras
/workspaces/isaac_ros-dev/install/acc_2026_project/lib/acc_2026_project/lane_follower
/workspaces/isaac_ros-dev/install/acc_2026_project/lib/acc_2026_project/test_motor
