[0.000000] (-) TimerEvent: {}
[0.000817] (-) JobUnselected: {'identifier': 'acc_2026_project'}
[0.000974] (-) JobUnselected: {'identifier': 'acc_2026_project'}
[0.001105] (-) JobUnselected: {'identifier': 'cv_bridge'}
[0.001168] (-) JobUnselected: {'identifier': 'image_geometry'}
[0.001241] (-) JobUnselected: {'identifier': 'isaac_ros_apriltag_interfaces'}
[0.001460] (-) JobUnselected: {'identifier': 'isaac_ros_apriltag_interfaces'}
[0.001630] (-) JobUnselected: {'identifier': 'isaac_ros_bi3d_interfaces'}
[0.001767] (-) JobUnselected: {'identifier': 'isaac_ros_bi3d_interfaces'}
[0.001847] (-) JobUnselected: {'identifier': 'isaac_ros_common'}
[0.001902] (-) JobUnselected: {'identifier': 'isaac_ros_common'}
[0.001937] (-) JobUnselected: {'identifier': 'isaac_ros_nitros_bridge_interfaces'}
[0.001955] (-) JobUnselected: {'identifier': 'isaac_ros_nitros_bridge_interfaces'}
[0.001971] (-) JobUnselected: {'identifier': 'isaac_ros_nova_interfaces'}
[0.001987] (-) JobUnselected: {'identifier': 'isaac_ros_nova_interfaces'}
[0.002002] (-) JobUnselected: {'identifier': 'isaac_ros_pointcloud_interfaces'}
[0.002018] (-) JobUnselected: {'identifier': 'isaac_ros_pointcloud_interfaces'}
[0.002033] (-) JobUnselected: {'identifier': 'isaac_ros_tensor_list_interfaces'}
[0.002048] (-) JobUnselected: {'identifier': 'isaac_ros_tensor_list_interfaces'}
[0.002064] (-) JobUnselected: {'identifier': 'isaac_ros_test'}
[0.002080] (-) JobUnselected: {'identifier': 'isaac_ros_test'}
[0.002096] (-) JobUnselected: {'identifier': 'opencv_tests'}
[0.002111] (-) JobUnselected: {'identifier': 'qcar'}
[0.002127] (-) JobUnselected: {'identifier': 'qcar'}
[0.002142] (-) JobUnselected: {'identifier': 'qcar'}
[0.002157] (-) JobUnselected: {'identifier': 'qcar2_autonomy'}
[0.002199] (-) JobUnselected: {'identifier': 'qcar2_autonomy'}
[0.002215] (-) JobUnselected: {'identifier': 'qcar2_nodes'}
[0.002231] (-) JobUnselected: {'identifier': 'qcar2_nodes'}
[0.002246] (-) JobUnselected: {'identifier': 'rplidar_ros'}
[0.002261] (-) JobUnselected: {'identifier': 'teleop_twist_keyboard'}
[0.002277] (-) JobUnselected: {'identifier': 'vision_opencv'}
[0.002298] (qcar2_interfaces) JobQueued: {'identifier': 'qcar2_interfaces', 'dependencies': OrderedDict()}
[0.002325] (qcar2_interfaces) JobStarted: {'identifier': 'qcar2_interfaces'}
[0.086728] (qcar2_interfaces) JobProgress: {'identifier': 'qcar2_interfaces', 'progress': 'cmake'}
[0.087661] (qcar2_interfaces) Command: {'cmd': ['/usr/bin/cmake', '/workspaces/isaac_ros-dev/src/qcar2_interfaces', '-DCMAKE_INSTALL_PREFIX=/workspaces/isaac_ros-dev/install/qcar2_interfaces'], 'cwd': '/workspaces/isaac_ros-dev/build/qcar2_interfaces', 'env': OrderedDict([('NPP_VERSION', '11.8.0.86'), ('SHELL', '/bin/bash'), ('ROS_VERSION', '2'), ('NVIDIA_VISIBLE_DEVICES', 'all'), ('DALI_BUILD', '5838886'), ('CUSOLVER_VERSION', '11.4.1.48'), ('USER_UID', '1000'), ('CUBLAS_VERSION', '11.11.3.6'), ('PKG_CONFIG_PATH', '/workspace/cartographer_ws/install/cartographer/lib/x86_64-linux-gnu/pkgconfig:/workspace/cartographer_ws/install/cartographer/lib/pkgconfig'), ('ROS_PYTHON_VERSION', '3'), ('HOSTNAME', 'mohammadsal-IdeaPad-Slim-3-14IRH8'), ('DCGM_VERSION', '2.2.9'), ('CUFFT_VERSION', '10.9.0.58'), ('NVIDIA_REQUIRE_CUDA', 'cuda>=9.0'), ('CUDA_CACHE_DISABLE', '1'), ('NCCL_VERSION', '2.15.1'), ('CUSPARSE_VERSION', '11.7.5.86'), ('ENV', '/etc/shinit_v2'), ('PWD', '/workspaces/isaac_ros-dev/build/qcar2_interfaces'), ('OPENUCX_VERSION', '1.14.0'), ('NSIGHT_SYSTEMS_VERSION', '2022.3.1.43'), ('NVIDIA_DRIVER_CAPABILITIES', 'compute,utility,video'), ('POLYGRAPHY_VERSION', '0.38.0'), ('TF_ENABLE_WINOGRAD_NONFUSED', '1'), ('TRT_VERSION', '8.5.0.12'), ('USER_GID', '1000'), ('NVIDIA_PRODUCT_NAME', 'Triton Server'), ('RDMACORE_VERSION', '36.0'), ('NVIDIA_CPU_ONLY', '1'), ('HOME', '/home/admin'), ('USERNAME', 'admin'), ('LANG', 'en_US.UTF-8'), ('CUDA_VERSION', '11.8.0.062'), ('CURAND_VERSION', '10.3.0.86'), ('AMENT_PREFIX_PATH', '/workspaces/isaac_ros-dev/install/qcar2_nodes:/workspaces/isaac_ros-dev/install/qcar2_autonomy:/workspaces/isaac_ros-dev/install/qcar2_interfaces:/workspace/cartographer_ws/install/perception_pcl:/workspace/cartographer_ws/install/pcl_ros:/workspace/cartographer_ws/install/cartographer_rviz:/workspace/cartographer_ws/install/cartographer_ros:/workspace/cartographer_ws/install/pcl_conversions:/workspace/cartographer_ws/install/pcl_msgs:/workspace/cartographer_ws/install/isaac_ros_test:/workspace/cartographer_ws/install/isaac_ros_tensor_list_interfaces:/workspace/cartographer_ws/install/isaac_ros_pointcloud_interfaces:/workspace/cartographer_ws/install/isaac_ros_nova_interfaces:/workspace/cartographer_ws/install/isaac_ros_nitros_bridge_interfaces:/workspace/cartographer_ws/install/isaac_ros_common:/workspace/cartographer_ws/install/isaac_ros_bi3d_interfaces:/workspace/cartographer_ws/install/isaac_ros_apriltag_interfaces:/workspace/cartographer_ws/install/control_msgs:/workspace/cartographer_ws/install/cartographer_ros_msgs:/opt/ros/humble'), ('CMAKE_PREFIX_PATH', '/workspaces/isaac_ros-dev/install/qcar2_nodes:/workspaces/isaac_ros-dev/install/qcar2_interfaces:/workspace/cartographer_ws/install/perception_pcl:/workspace/cartographer_ws/install/pcl_ros:/workspace/cartographer_ws/install/cartographer_rviz:/workspace/cartographer_ws/install/cartographer_ros:/workspace/cartographer_ws/install/pcl_conversions:/workspace/cartographer_ws/install/pcl_msgs:/workspace/cartographer_ws/install/isaac_ros_tensor_list_interfaces:/workspace/cartographer_ws/install/isaac_ros_pointcloud_interfaces:/workspace/cartographer_ws/install/isaac_ros_nova_interfaces:/workspace/cartographer_ws/install/isaac_ros_nitros_bridge_interfaces:/workspace/cartographer_ws/install/isaac_ros_common:/workspace/cartographer_ws/install/isaac_ros_bi3d_interfaces:/workspace/cartographer_ws/install/isaac_ros_apriltag_interfaces:/workspace/cartographer_ws/install/control_msgs:/workspace/cartographer_ws/install/cartographer_ros_msgs:/workspace/cartographer_ws/install/cartographer:/workspace/cartographer_ws/install/absl:/workspaces/isaac_ros-dev/install/qcar2_autonomy:/workspace/cartographer_ws/install/isaac_ros_test:/opt/ros/humble'), ('COLCON_PREFIX_PATH', '/workspaces/isaac_ros-dev/install:/workspace/cartographer_ws/install'), ('CUTENSOR_VERSION', '1.6.1.5'), ('TRITON_SERVER_GPU_ENABLED', '1'), ('HPCX_VERSION', '2.12.1a0'), ('PYTHONPATH', '/workspaces/isaac_ros-dev/install/qcar2_autonomy/lib/python3.8/site-packages:/workspaces/isaac_ros-dev/install/qcar2_interfaces/lib/python3.8/site-packages:/workspace/cartographer_ws/install/pcl_msgs/lib/python3.8/site-packages:/workspace/cartographer_ws/build/isaac_ros_test:/workspace/cartographer_ws/install/isaac_ros_test/lib/python3.8/site-packages:/workspace/cartographer_ws/install/isaac_ros_tensor_list_interfaces/lib/python3.8/site-packages:/workspace/cartographer_ws/install/isaac_ros_pointcloud_interfaces/lib/python3.8/site-packages:/workspace/cartographer_ws/install/isaac_ros_nova_interfaces/lib/python3.8/site-packages:/workspace/cartographer_ws/install/isaac_ros_nitros_bridge_interfaces/lib/python3.8/site-packages:/workspace/cartographer_ws/install/isaac_ros_bi3d_interfaces/lib/python3.8/site-packages:/workspace/cartographer_ws/install/isaac_ros_apriltag_interfaces/lib/python3.8/site-packages:/workspace/cartographer_ws/install/control_msgs/lib/python3.8/site-packages:/workspace/cartographer_ws/install/cartographer_ros_msgs/lib/python3.8/site-packages:/opt/ros/humble/lib/python3.8/site-packages:/home/Quanser/0_libraries/python'), ('COLCON', '1'), ('TERM', 'xterm'), ('TRITON_SERVER_VERSION', '2.26.0'), ('GDRCOPY_VERSION', '2.3'), ('OPENMPI_VERSION', '4.1.4'), ('NVJPEG_VERSION', '11.9.0.86'), ('LIBRARY_PATH', '/usr/local/cuda/lib64/stubs:'), ('DISPLAY', ':0'), ('SHLVL', '1'), ('BASH_ENV', '/etc/bash.bashrc'), ('TF_AUTOTUNE_THRESHOLD', '2'), ('CUDNN_VERSION', '8.6.0.163'), ('NSIGHT_COMPUTE_VERSION', '2022.3.0.22'), ('DALI_VERSION', '1.17.0'), ('NVIDIA_TRITON_SERVER_VERSION', '22.09'), ('LD_LIBRARY_PATH', '/workspaces/isaac_ros-dev/install/qcar2_interfaces/lib:/workspace/cartographer_ws/install/pcl_ros/lib:/workspace/cartographer_ws/install/cartographer_rviz/lib:/workspace/cartographer_ws/install/cartographer_ros/lib:/workspace/cartographer_ws/install/pcl_msgs/lib:/workspace/cartographer_ws/install/isaac_ros_tensor_list_interfaces/lib:/workspace/cartographer_ws/install/isaac_ros_pointcloud_interfaces/lib:/workspace/cartographer_ws/install/isaac_ros_nova_interfaces/lib:/workspace/cartographer_ws/install/isaac_ros_nitros_bridge_interfaces/lib:/workspace/cartographer_ws/install/isaac_ros_common/lib:/workspace/cartographer_ws/install/isaac_ros_bi3d_interfaces/lib:/workspace/cartographer_ws/install/isaac_ros_apriltag_interfaces/lib:/workspace/cartographer_ws/install/control_msgs/lib:/workspace/cartographer_ws/install/cartographer_ros_msgs/lib:/opt/ros/humble/opt/rviz_ogre_vendor/lib:/opt/ros/humble/lib/x86_64-linux-gnu:/opt/ros/humble/lib:/opt/tritonserver/backends/onnxruntime:/usr/local/cuda/compat/lib:/usr/local/nvidia/lib:/usr/local/nvidia/lib64:/opt/tritonserver/lib'), ('NVIDIA_BUILD_ID', '44909143'), ('ROS_LOCALHOST_ONLY', '0'), ('OMPI_MCA_coll_hcoll_enable', '0'), ('OPAL_PREFIX', '/opt/hpcx/ompi'), ('CUDA_DRIVER_VERSION', '520.61.03'), ('_CUDA_COMPAT_PATH', '/usr/local/cuda/compat'), ('PATH', '/workspace/cartographer_ws/install/cartographer/bin:/opt/ros/humble/bin:/opt/tritonserver/bin:/usr/local/mpi/bin:/usr/local/nvidia/bin:/usr/local/cuda/bin:/usr/local/sbin:/usr/local/bin:/usr/sbin:/usr/bin:/sbin:/bin:/usr/local/ucx/bin:/opt/nvidia/tao'), ('TRITON_SERVER_USER', 'triton-server'), ('PYTHONWARNINGS', 'ignore:::setuptools.command.install,ignore:::setuptools.command.easy_install,ignore:::pkg_resources'), ('MOFED_VERSION', '5.4-rdmacore36.0'), ('TRTOSS_VERSION', ''), ('DEBIAN_FRONTEND', 'noninteractive'), ('ROS_ROOT', '/opt/ros/humble'), ('ROS_DISTRO', 'humble'), ('TF_ADJUST_HUE_FUSED', '1'), ('TF_ADJUST_SATURATION_FUSED', '1'), ('SHARP_COLL_ENABLE_CUDA', '0'), ('RMW_IMPLEMENTATION', 'rmw_fastrtps_cpp'), ('OLDPWD', '/workspace/cartographer_ws'), ('_', '/usr/bin/env')]), 'shell': False}
[0.099505] (-) TimerEvent: {}
[0.200854] (-) TimerEvent: {}
[0.301307] (-) TimerEvent: {}
[0.317898] (qcar2_interfaces) StdoutLine: {'line': b'-- The C compiler identification is GNU 9.4.0\n'}
[0.401464] (-) TimerEvent: {}
[0.487473] (qcar2_interfaces) StdoutLine: {'line': b'-- The CXX compiler identification is GNU 9.4.0\n'}
[0.501650] (-) TimerEvent: {}
[0.504530] (qcar2_interfaces) StdoutLine: {'line': b'-- Detecting C compiler ABI info\n'}
[0.601746] (-) TimerEvent: {}
[0.634257] (qcar2_interfaces) StdoutLine: {'line': b'-- Detecting C compiler ABI info - done\n'}
[0.647593] (qcar2_interfaces) StdoutLine: {'line': b'-- Check for working C compiler: /usr/bin/cc - skipped\n'}
[0.648263] (qcar2_interfaces) StdoutLine: {'line': b'-- Detecting C compile features\n'}
[0.649474] (qcar2_interfaces) StdoutLine: {'line': b'-- Detecting C compile features - done\n'}
[0.654398] (qcar2_interfaces) StdoutLine: {'line': b'-- Detecting CXX compiler ABI info\n'}
[0.701909] (-) TimerEvent: {}
[0.802398] (-) TimerEvent: {}
[0.815265] (qcar2_interfaces) StdoutLine: {'line': b'-- Detecting CXX compiler ABI info - done\n'}
[0.835427] (qcar2_interfaces) StdoutLine: {'line': b'-- Check for working CXX compiler: /usr/bin/c++ - skipped\n'}
[0.835996] (qcar2_interfaces) StdoutLine: {'line': b'-- Detecting CXX compile features\n'}
[0.836727] (qcar2_interfaces) StdoutLine: {'line': b'-- Detecting CXX compile features - done\n'}
[0.848879] (qcar2_interfaces) StdoutLine: {'line': b'-- Found ament_cmake: 1.3.5 (/opt/ros/humble/share/ament_cmake/cmake)\n'}
[0.902554] (-) TimerEvent: {}
[1.003223] (-) TimerEvent: {}
[1.103747] (-) TimerEvent: {}
[1.204210] (-) TimerEvent: {}
[1.304691] (-) TimerEvent: {}
[1.405056] (-) TimerEvent: {}
[1.505466] (-) TimerEvent: {}
[1.605830] (-) TimerEvent: {}
[1.706206] (-) TimerEvent: {}
[1.806673] (-) TimerEvent: {}
[1.907048] (-) TimerEvent: {}
[2.007380] (-) TimerEvent: {}
[2.014715] (qcar2_interfaces) StdoutLine: {'line': b'-- Found Python3: /usr/bin/python3.8 (found version "3.8.10") found components: Interpreter \n'}
[2.107522] (-) TimerEvent: {}
[2.177248] (qcar2_interfaces) StdoutLine: {'line': b'-- Found rosidl_default_generators: 1.2.0 (/opt/ros/humble/share/rosidl_default_generators/cmake)\n'}
[2.186290] (qcar2_interfaces) StdoutLine: {'line': b'-- Using all available rosidl_typesupport_c: rosidl_typesupport_fastrtps_c;rosidl_typesupport_introspection_c\n'}
[2.203055] (qcar2_interfaces) StdoutLine: {'line': b'-- Found rosidl_adapter: 3.1.5 (/opt/ros/humble/share/rosidl_adapter/cmake)\n'}
[2.207670] (-) TimerEvent: {}
[2.285224] (qcar2_interfaces) StdoutLine: {'line': b'-- Using all available rosidl_typesupport_cpp: rosidl_typesupport_fastrtps_cpp;rosidl_typesupport_introspection_cpp\n'}
[2.307796] (-) TimerEvent: {}
[2.408299] (-) TimerEvent: {}
[2.508648] (-) TimerEvent: {}
[2.609001] (-) TimerEvent: {}
[2.649424] (qcar2_interfaces) StdoutLine: {'line': b'-- Found ament_cmake_ros: 0.10.0 (/opt/ros/humble/share/ament_cmake_ros/cmake)\n'}
[2.709128] (-) TimerEvent: {}
[2.809502] (-) TimerEvent: {}
[2.850653] (qcar2_interfaces) StdoutLine: {'line': b'-- Using all available rosidl_typesupport_c: rosidl_typesupport_fastrtps_c;rosidl_typesupport_introspection_c\n'}
[2.909689] (-) TimerEvent: {}
[3.010168] (-) TimerEvent: {}
[3.089928] (qcar2_interfaces) StdoutLine: {'line': b'-- Using all available rosidl_typesupport_cpp: rosidl_typesupport_fastrtps_cpp;rosidl_typesupport_introspection_cpp\n'}
[3.110283] (-) TimerEvent: {}
[3.135829] (qcar2_interfaces) StdoutLine: {'line': b'-- Found PythonInterp: /usr/bin/python3 (found suitable version "3.8.10", minimum required is "3.6") \n'}
[3.141085] (qcar2_interfaces) StdoutLine: {'line': b'-- Found python_cmake_module: 0.10.0 (/opt/ros/humble/share/python_cmake_module/cmake)\n'}
[3.209068] (qcar2_interfaces) StdoutLine: {'line': b'-- Found PythonLibs: /usr/lib/x86_64-linux-gnu/libpython3.8.so (found suitable version "3.8.10", minimum required is "3.5") \n'}
[3.209353] (qcar2_interfaces) StdoutLine: {'line': b'-- Using PYTHON_EXECUTABLE: /usr/bin/python3\n'}
[3.209425] (qcar2_interfaces) StdoutLine: {'line': b'-- Using PYTHON_INCLUDE_DIRS: /usr/include/python3.8\n'}
[3.209484] (qcar2_interfaces) StdoutLine: {'line': b'-- Using PYTHON_LIBRARIES: /usr/lib/x86_64-linux-gnu/libpython3.8.so\n'}
[3.210359] (-) TimerEvent: {}
[3.253287] (qcar2_interfaces) StdoutLine: {'line': b'-- Found PythonExtra: .so  \n'}
[3.310508] (-) TimerEvent: {}
[3.330208] (qcar2_interfaces) StdoutLine: {'line': b'-- Found ament_lint_auto: 0.12.8 (/opt/ros/humble/share/ament_lint_auto/cmake)\n'}
[3.372530] (qcar2_interfaces) StdoutLine: {'line': b"-- Added test 'lint_cmake' to check CMake code style\n"}
[3.374049] (qcar2_interfaces) StdoutLine: {'line': b"-- Added test 'xmllint' to check XML markup files\n"}
[3.377868] (qcar2_interfaces) StdoutLine: {'line': b'-- Configuring done\n'}
[3.410669] (-) TimerEvent: {}
[3.414519] (qcar2_interfaces) StdoutLine: {'line': b'-- Generating done\n'}
[3.417491] (qcar2_interfaces) StdoutLine: {'line': b'-- Build files have been written to: /workspaces/isaac_ros-dev/build/qcar2_interfaces\n'}
[3.425461] (qcar2_interfaces) CommandEnded: {'returncode': 0}
[3.426792] (qcar2_interfaces) JobProgress: {'identifier': 'qcar2_interfaces', 'progress': 'build'}
[3.428008] (qcar2_interfaces) Command: {'cmd': ['/usr/bin/cmake', '--build', '/workspaces/isaac_ros-dev/build/qcar2_interfaces', '--', '-j16', '-l16'], 'cwd': '/workspaces/isaac_ros-dev/build/qcar2_interfaces', 'env': OrderedDict([('NPP_VERSION', '11.8.0.86'), ('SHELL', '/bin/bash'), ('ROS_VERSION', '2'), ('NVIDIA_VISIBLE_DEVICES', 'all'), ('DALI_BUILD', '5838886'), ('CUSOLVER_VERSION', '11.4.1.48'), ('USER_UID', '1000'), ('CUBLAS_VERSION', '11.11.3.6'), ('PKG_CONFIG_PATH', '/workspace/cartographer_ws/install/cartographer/lib/x86_64-linux-gnu/pkgconfig:/workspace/cartographer_ws/install/cartographer/lib/pkgconfig'), ('ROS_PYTHON_VERSION', '3'), ('HOSTNAME', 'mohammadsal-IdeaPad-Slim-3-14IRH8'), ('DCGM_VERSION', '2.2.9'), ('CUFFT_VERSION', '10.9.0.58'), ('NVIDIA_REQUIRE_CUDA', 'cuda>=9.0'), ('CUDA_CACHE_DISABLE', '1'), ('NCCL_VERSION', '2.15.1'), ('CUSPARSE_VERSION', '11.7.5.86'), ('ENV', '/etc/shinit_v2'), ('PWD', '/workspaces/isaac_ros-dev/build/qcar2_interfaces'), ('OPENUCX_VERSION', '1.14.0'), ('NSIGHT_SYSTEMS_VERSION', '2022.3.1.43'), ('NVIDIA_DRIVER_CAPABILITIES', 'compute,utility,video'), ('POLYGRAPHY_VERSION', '0.38.0'), ('TF_ENABLE_WINOGRAD_NONFUSED', '1'), ('TRT_VERSION', '8.5.0.12'), ('USER_GID', '1000'), ('NVIDIA_PRODUCT_NAME', 'Triton Server'), ('RDMACORE_VERSION', '36.0'), ('NVIDIA_CPU_ONLY', '1'), ('HOME', '/home/admin'), ('USERNAME', 'admin'), ('LANG', 'en_US.UTF-8'), ('CUDA_VERSION', '11.8.0.062'), ('CURAND_VERSION', '10.3.0.86'), ('AMENT_PREFIX_PATH', '/workspaces/isaac_ros-dev/install/qcar2_nodes:/workspaces/isaac_ros-dev/install/qcar2_autonomy:/workspaces/isaac_ros-dev/install/qcar2_interfaces:/workspace/cartographer_ws/install/perception_pcl:/workspace/cartographer_ws/install/pcl_ros:/workspace/cartographer_ws/install/cartographer_rviz:/workspace/cartographer_ws/install/cartographer_ros:/workspace/cartographer_ws/install/pcl_conversions:/workspace/cartographer_ws/install/pcl_msgs:/workspace/cartographer_ws/install/isaac_ros_test:/workspace/cartographer_ws/install/isaac_ros_tensor_list_interfaces:/workspace/cartographer_ws/install/isaac_ros_pointcloud_interfaces:/workspace/cartographer_ws/install/isaac_ros_nova_interfaces:/workspace/cartographer_ws/install/isaac_ros_nitros_bridge_interfaces:/workspace/cartographer_ws/install/isaac_ros_common:/workspace/cartographer_ws/install/isaac_ros_bi3d_interfaces:/workspace/cartographer_ws/install/isaac_ros_apriltag_interfaces:/workspace/cartographer_ws/install/control_msgs:/workspace/cartographer_ws/install/cartographer_ros_msgs:/opt/ros/humble'), ('CMAKE_PREFIX_PATH', '/workspaces/isaac_ros-dev/install/qcar2_nodes:/workspaces/isaac_ros-dev/install/qcar2_interfaces:/workspace/cartographer_ws/install/perception_pcl:/workspace/cartographer_ws/install/pcl_ros:/workspace/cartographer_ws/install/cartographer_rviz:/workspace/cartographer_ws/install/cartographer_ros:/workspace/cartographer_ws/install/pcl_conversions:/workspace/cartographer_ws/install/pcl_msgs:/workspace/cartographer_ws/install/isaac_ros_tensor_list_interfaces:/workspace/cartographer_ws/install/isaac_ros_pointcloud_interfaces:/workspace/cartographer_ws/install/isaac_ros_nova_interfaces:/workspace/cartographer_ws/install/isaac_ros_nitros_bridge_interfaces:/workspace/cartographer_ws/install/isaac_ros_common:/workspace/cartographer_ws/install/isaac_ros_bi3d_interfaces:/workspace/cartographer_ws/install/isaac_ros_apriltag_interfaces:/workspace/cartographer_ws/install/control_msgs:/workspace/cartographer_ws/install/cartographer_ros_msgs:/workspace/cartographer_ws/install/cartographer:/workspace/cartographer_ws/install/absl:/workspaces/isaac_ros-dev/install/qcar2_autonomy:/workspace/cartographer_ws/install/isaac_ros_test:/opt/ros/humble'), ('COLCON_PREFIX_PATH', '/workspaces/isaac_ros-dev/install:/workspace/cartographer_ws/install'), ('CUTENSOR_VERSION', '1.6.1.5'), ('TRITON_SERVER_GPU_ENABLED', '1'), ('HPCX_VERSION', '2.12.1a0'), ('PYTHONPATH', '/workspaces/isaac_ros-dev/install/qcar2_autonomy/lib/python3.8/site-packages:/workspaces/isaac_ros-dev/install/qcar2_interfaces/lib/python3.8/site-packages:/workspace/cartographer_ws/install/pcl_msgs/lib/python3.8/site-packages:/workspace/cartographer_ws/build/isaac_ros_test:/workspace/cartographer_ws/install/isaac_ros_test/lib/python3.8/site-packages:/workspace/cartographer_ws/install/isaac_ros_tensor_list_interfaces/lib/python3.8/site-packages:/workspace/cartographer_ws/install/isaac_ros_pointcloud_interfaces/lib/python3.8/site-packages:/workspace/cartographer_ws/install/isaac_ros_nova_interfaces/lib/python3.8/site-packages:/workspace/cartographer_ws/install/isaac_ros_nitros_bridge_interfaces/lib/python3.8/site-packages:/workspace/cartographer_ws/install/isaac_ros_bi3d_interfaces/lib/python3.8/site-packages:/workspace/cartographer_ws/install/isaac_ros_apriltag_interfaces/lib/python3.8/site-packages:/workspace/cartographer_ws/install/control_msgs/lib/python3.8/site-packages:/workspace/cartographer_ws/install/cartographer_ros_msgs/lib/python3.8/site-packages:/opt/ros/humble/lib/python3.8/site-packages:/home/Quanser/0_libraries/python'), ('COLCON', '1'), ('TERM', 'xterm'), ('TRITON_SERVER_VERSION', '2.26.0'), ('GDRCOPY_VERSION', '2.3'), ('OPENMPI_VERSION', '4.1.4'), ('NVJPEG_VERSION', '11.9.0.86'), ('LIBRARY_PATH', '/usr/local/cuda/lib64/stubs:'), ('DISPLAY', ':0'), ('SHLVL', '1'), ('BASH_ENV', '/etc/bash.bashrc'), ('TF_AUTOTUNE_THRESHOLD', '2'), ('CUDNN_VERSION', '8.6.0.163'), ('NSIGHT_COMPUTE_VERSION', '2022.3.0.22'), ('DALI_VERSION', '1.17.0'), ('NVIDIA_TRITON_SERVER_VERSION', '22.09'), ('LD_LIBRARY_PATH', '/workspaces/isaac_ros-dev/install/qcar2_interfaces/lib:/workspace/cartographer_ws/install/pcl_ros/lib:/workspace/cartographer_ws/install/cartographer_rviz/lib:/workspace/cartographer_ws/install/cartographer_ros/lib:/workspace/cartographer_ws/install/pcl_msgs/lib:/workspace/cartographer_ws/install/isaac_ros_tensor_list_interfaces/lib:/workspace/cartographer_ws/install/isaac_ros_pointcloud_interfaces/lib:/workspace/cartographer_ws/install/isaac_ros_nova_interfaces/lib:/workspace/cartographer_ws/install/isaac_ros_nitros_bridge_interfaces/lib:/workspace/cartographer_ws/install/isaac_ros_common/lib:/workspace/cartographer_ws/install/isaac_ros_bi3d_interfaces/lib:/workspace/cartographer_ws/install/isaac_ros_apriltag_interfaces/lib:/workspace/cartographer_ws/install/control_msgs/lib:/workspace/cartographer_ws/install/cartographer_ros_msgs/lib:/opt/ros/humble/opt/rviz_ogre_vendor/lib:/opt/ros/humble/lib/x86_64-linux-gnu:/opt/ros/humble/lib:/opt/tritonserver/backends/onnxruntime:/usr/local/cuda/compat/lib:/usr/local/nvidia/lib:/usr/local/nvidia/lib64:/opt/tritonserver/lib'), ('NVIDIA_BUILD_ID', '44909143'), ('ROS_LOCALHOST_ONLY', '0'), ('OMPI_MCA_coll_hcoll_enable', '0'), ('OPAL_PREFIX', '/opt/hpcx/ompi'), ('CUDA_DRIVER_VERSION', '520.61.03'), ('_CUDA_COMPAT_PATH', '/usr/local/cuda/compat'), ('PATH', '/workspace/cartographer_ws/install/cartographer/bin:/opt/ros/humble/bin:/opt/tritonserver/bin:/usr/local/mpi/bin:/usr/local/nvidia/bin:/usr/local/cuda/bin:/usr/local/sbin:/usr/local/bin:/usr/sbin:/usr/bin:/sbin:/bin:/usr/local/ucx/bin:/opt/nvidia/tao'), ('TRITON_SERVER_USER', 'triton-server'), ('PYTHONWARNINGS', 'ignore:::setuptools.command.install,ignore:::setuptools.command.easy_install,ignore:::pkg_resources'), ('MOFED_VERSION', '5.4-rdmacore36.0'), ('TRTOSS_VERSION', ''), ('DEBIAN_FRONTEND', 'noninteractive'), ('ROS_ROOT', '/opt/ros/humble'), ('ROS_DISTRO', 'humble'), ('TF_ADJUST_HUE_FUSED', '1'), ('TF_ADJUST_SATURATION_FUSED', '1'), ('SHARP_COLL_ENABLE_CUDA', '0'), ('RMW_IMPLEMENTATION', 'rmw_fastrtps_cpp'), ('OLDPWD', '/workspace/cartographer_ws'), ('_', '/usr/bin/env')]), 'shell': False}
[3.502079] (qcar2_interfaces) StdoutLine: {'line': b'[  2%] \x1b[34m\x1b[1mGenerating C code for ROS interfaces\x1b[0m\n'}
[3.510824] (-) TimerEvent: {}
[3.529011] (qcar2_interfaces) StdoutLine: {'line': b'[  5%] \x1b[34m\x1b[1mGenerating C++ code for ROS interfaces\x1b[0m\n'}
[3.538214] (qcar2_interfaces) StdoutLine: {'line': b'[  5%] Built target ament_cmake_python_copy_qcar2_interfaces\n'}
[3.610961] (-) TimerEvent: {}
[3.711419] (-) TimerEvent: {}
[3.811924] (-) TimerEvent: {}
[3.912537] (-) TimerEvent: {}
[4.013194] (-) TimerEvent: {}
[4.113673] (-) TimerEvent: {}
[4.126698] (qcar2_interfaces) StdoutLine: {'line': b'[  5%] Built target qcar2_interfaces__cpp\n'}
[4.162444] (qcar2_interfaces) StdoutLine: {'line': b'[  7%] \x1b[34m\x1b[1mGenerating C++ type support dispatch for ROS interfaces\x1b[0m\n'}
[4.167110] (qcar2_interfaces) StdoutLine: {'line': b'[ 10%] \x1b[34m\x1b[1mGenerating C++ introspection for ROS interfaces\x1b[0m\n'}
[4.193935] (qcar2_interfaces) StdoutLine: {'line': b'[ 12%] \x1b[34m\x1b[1mGenerating C++ type support for eProsima Fast-RTPS\x1b[0m\n'}
[4.195413] (qcar2_interfaces) StdoutLine: {'line': b'[ 15%] \x1b[32mBuilding C object CMakeFiles/qcar2_interfaces__rosidl_generator_c.dir/rosidl_generator_c/qcar2_interfaces/msg/detail/boolean_leds__functions.c.o\x1b[0m\n'}
[4.196615] (qcar2_interfaces) StdoutLine: {'line': b'[ 17%] \x1b[32mBuilding C object CMakeFiles/qcar2_interfaces__rosidl_generator_c.dir/rosidl_generator_c/qcar2_interfaces/msg/detail/motor_commands__functions.c.o\x1b[0m\n'}
[4.213812] (-) TimerEvent: {}
[4.314492] (-) TimerEvent: {}
[4.365897] (qcar2_interfaces) StdoutLine: {'line': b'running egg_info\n'}
[4.368455] (qcar2_interfaces) StdoutLine: {'line': b'creating qcar2_interfaces.egg-info\n'}
[4.369343] (qcar2_interfaces) StdoutLine: {'line': b'[ 20%] \x1b[32m\x1b[1mLinking C shared library libqcar2_interfaces__rosidl_generator_c.so\x1b[0m\n'}
[4.404712] (qcar2_interfaces) StdoutLine: {'line': b'writing qcar2_interfaces.egg-info/PKG-INFO\n'}
[4.408801] (qcar2_interfaces) StdoutLine: {'line': b'writing dependency_links to qcar2_interfaces.egg-info/dependency_links.txt\n'}
[4.409253] (qcar2_interfaces) StdoutLine: {'line': b'writing top-level names to qcar2_interfaces.egg-info/top_level.txt\n'}
[4.409605] (qcar2_interfaces) StdoutLine: {'line': b"writing manifest file 'qcar2_interfaces.egg-info/SOURCES.txt'\n"}
[4.414773] (-) TimerEvent: {}
[4.463354] (qcar2_interfaces) StdoutLine: {'line': b'[ 20%] Built target qcar2_interfaces__rosidl_generator_c\n'}
[4.499270] (qcar2_interfaces) StdoutLine: {'line': b"reading manifest file 'qcar2_interfaces.egg-info/SOURCES.txt'\n"}
[4.500765] (qcar2_interfaces) StdoutLine: {'line': b"writing manifest file 'qcar2_interfaces.egg-info/SOURCES.txt'\n"}
[4.505462] (qcar2_interfaces) StdoutLine: {'line': b'[ 23%] \x1b[34m\x1b[1mGenerating C introspection for ROS interfaces\x1b[0m\n'}
[4.510739] (qcar2_interfaces) StdoutLine: {'line': b'[ 28%] \x1b[34m\x1b[1mGenerating C type support for eProsima Fast-RTPS\x1b[0m\n'}
[4.511188] (qcar2_interfaces) StdoutLine: {'line': b'[ 28%] \x1b[34m\x1b[1mGenerating C type support dispatch for ROS interfaces\x1b[0m\n'}
[4.514893] (-) TimerEvent: {}
[4.615658] (-) TimerEvent: {}
[4.652833] (qcar2_interfaces) StdoutLine: {'line': b'[ 28%] Built target ament_cmake_python_build_qcar2_interfaces_egg\n'}
[4.715821] (-) TimerEvent: {}
[4.816429] (-) TimerEvent: {}
[4.874942] (qcar2_interfaces) StdoutLine: {'line': b'[ 30%] \x1b[32mBuilding CXX object CMakeFiles/qcar2_interfaces__rosidl_typesupport_cpp.dir/rosidl_typesupport_cpp/qcar2_interfaces/msg/motor_commands__type_support.cpp.o\x1b[0m\n'}
[4.876705] (qcar2_interfaces) StdoutLine: {'line': b'[ 33%] \x1b[32mBuilding CXX object CMakeFiles/qcar2_interfaces__rosidl_typesupport_cpp.dir/rosidl_typesupport_cpp/qcar2_interfaces/msg/boolean_leds__type_support.cpp.o\x1b[0m\n'}
[4.916567] (-) TimerEvent: {}
[4.988709] (qcar2_interfaces) StdoutLine: {'line': b'[ 35%] \x1b[32mBuilding CXX object CMakeFiles/qcar2_interfaces__rosidl_typesupport_introspection_cpp.dir/rosidl_typesupport_introspection_cpp/qcar2_interfaces/msg/detail/motor_commands__type_support.cpp.o\x1b[0m\n'}
[5.003488] (qcar2_interfaces) StdoutLine: {'line': b'[ 38%] \x1b[32mBuilding CXX object CMakeFiles/qcar2_interfaces__rosidl_typesupport_introspection_cpp.dir/rosidl_typesupport_introspection_cpp/qcar2_interfaces/msg/detail/boolean_leds__type_support.cpp.o\x1b[0m\n'}
[5.017024] (-) TimerEvent: {}
[5.119644] (-) TimerEvent: {}
[5.220178] (-) TimerEvent: {}
[5.264134] (qcar2_interfaces) StdoutLine: {'line': b'[ 41%] \x1b[32mBuilding CXX object CMakeFiles/qcar2_interfaces__rosidl_typesupport_fastrtps_cpp.dir/rosidl_typesupport_fastrtps_cpp/qcar2_interfaces/msg/detail/dds_fastrtps/boolean_leds__type_support.cpp.o\x1b[0m\n'}
[5.265798] (qcar2_interfaces) StdoutLine: {'line': b'[ 43%] \x1b[32mBuilding CXX object CMakeFiles/qcar2_interfaces__rosidl_typesupport_fastrtps_cpp.dir/rosidl_typesupport_fastrtps_cpp/qcar2_interfaces/msg/detail/dds_fastrtps/motor_commands__type_support.cpp.o\x1b[0m\n'}
[5.321142] (-) TimerEvent: {}
[5.421717] (-) TimerEvent: {}
[5.525496] (-) TimerEvent: {}
[5.558703] (qcar2_interfaces) StdoutLine: {'line': b'[ 46%] \x1b[32mBuilding CXX object CMakeFiles/qcar2_interfaces__rosidl_typesupport_c.dir/rosidl_typesupport_c/qcar2_interfaces/msg/motor_commands__type_support.cpp.o\x1b[0m\n'}
[5.562182] (qcar2_interfaces) StdoutLine: {'line': b'[ 48%] \x1b[32mBuilding CXX object CMakeFiles/qcar2_interfaces__rosidl_typesupport_c.dir/rosidl_typesupport_c/qcar2_interfaces/msg/boolean_leds__type_support.cpp.o\x1b[0m\n'}
[5.641975] (-) TimerEvent: {}
[5.706089] (qcar2_interfaces) StdoutLine: {'line': b'[ 51%] \x1b[32mBuilding C object CMakeFiles/qcar2_interfaces__rosidl_typesupport_introspection_c.dir/rosidl_typesupport_introspection_c/qcar2_interfaces/msg/detail/motor_commands__type_support.c.o\x1b[0m\n'}
[5.712291] (qcar2_interfaces) StdoutLine: {'line': b'[ 53%] \x1b[32mBuilding CXX object CMakeFiles/qcar2_interfaces__rosidl_typesupport_fastrtps_c.dir/rosidl_typesupport_fastrtps_c/qcar2_interfaces/msg/detail/boolean_leds__type_support_c.cpp.o\x1b[0m\n'}
[5.738022] (qcar2_interfaces) StdoutLine: {'line': b'[ 56%] \x1b[32mBuilding CXX object CMakeFiles/qcar2_interfaces__rosidl_typesupport_fastrtps_c.dir/rosidl_typesupport_fastrtps_c/qcar2_interfaces/msg/detail/motor_commands__type_support_c.cpp.o\x1b[0m\n'}
[5.742102] (-) TimerEvent: {}
[5.745939] (qcar2_interfaces) StdoutLine: {'line': b'[ 58%] \x1b[32mBuilding C object CMakeFiles/qcar2_interfaces__rosidl_typesupport_introspection_c.dir/rosidl_typesupport_introspection_c/qcar2_interfaces/msg/detail/boolean_leds__type_support.c.o\x1b[0m\n'}
[5.762783] (qcar2_interfaces) StdoutLine: {'line': b'[ 61%] \x1b[32m\x1b[1mLinking CXX shared library libqcar2_interfaces__rosidl_typesupport_c.so\x1b[0m\n'}
[5.850771] (-) TimerEvent: {}
[5.953773] (-) TimerEvent: {}
[6.004461] (qcar2_interfaces) StdoutLine: {'line': b'[ 64%] \x1b[32m\x1b[1mLinking C shared library libqcar2_interfaces__rosidl_typesupport_introspection_c.so\x1b[0m\n'}
[6.004915] (qcar2_interfaces) StdoutLine: {'line': b'[ 64%] Built target qcar2_interfaces__rosidl_typesupport_c\n'}
[6.041555] (qcar2_interfaces) StdoutLine: {'line': b'[ 66%] \x1b[32m\x1b[1mLinking CXX shared library libqcar2_interfaces__rosidl_typesupport_cpp.so\x1b[0m\n'}
[6.053936] (-) TimerEvent: {}
[6.106902] (qcar2_interfaces) StdoutLine: {'line': b'[ 66%] Built target qcar2_interfaces__rosidl_typesupport_introspection_c\n'}
[6.154165] (-) TimerEvent: {}
[6.196091] (qcar2_interfaces) StdoutLine: {'line': b'[ 66%] Built target qcar2_interfaces__rosidl_typesupport_cpp\n'}
[6.254356] (-) TimerEvent: {}
[6.355048] (-) TimerEvent: {}
[6.455914] (-) TimerEvent: {}
[6.556543] (-) TimerEvent: {}
[6.657346] (-) TimerEvent: {}
[6.699239] (qcar2_interfaces) StdoutLine: {'line': b'[ 69%] \x1b[32m\x1b[1mLinking CXX shared library libqcar2_interfaces__rosidl_typesupport_introspection_cpp.so\x1b[0m\n'}
[6.757507] (-) TimerEvent: {}
[6.790262] (qcar2_interfaces) StdoutLine: {'line': b'[ 71%] \x1b[32m\x1b[1mLinking CXX shared library libqcar2_interfaces__rosidl_typesupport_fastrtps_c.so\x1b[0m\n'}
[6.857747] (-) TimerEvent: {}
[6.865337] (qcar2_interfaces) StdoutLine: {'line': b'[ 71%] Built target qcar2_interfaces__rosidl_typesupport_introspection_cpp\n'}
[6.927568] (qcar2_interfaces) StdoutLine: {'line': b'[ 74%] \x1b[32m\x1b[1mLinking CXX shared library libqcar2_interfaces__rosidl_typesupport_fastrtps_cpp.so\x1b[0m\n'}
[6.938761] (qcar2_interfaces) StdoutLine: {'line': b'[ 74%] Built target qcar2_interfaces__rosidl_typesupport_fastrtps_c\n'}
[6.957837] (-) TimerEvent: {}
[7.058330] (-) TimerEvent: {}
[7.068446] (qcar2_interfaces) StdoutLine: {'line': b'[ 74%] Built target qcar2_interfaces__rosidl_typesupport_fastrtps_cpp\n'}
[7.122894] (qcar2_interfaces) StdoutLine: {'line': b'[ 74%] Built target qcar2_interfaces\n'}
[7.158475] (-) TimerEvent: {}
[7.176396] (qcar2_interfaces) StdoutLine: {'line': b'[ 76%] \x1b[34m\x1b[1mGenerating Python code for ROS interfaces\x1b[0m\n'}
[7.258642] (-) TimerEvent: {}
[7.359080] (-) TimerEvent: {}
[7.459701] (-) TimerEvent: {}
[7.560220] (-) TimerEvent: {}
[7.660611] (-) TimerEvent: {}
[7.761024] (-) TimerEvent: {}
[7.861392] (-) TimerEvent: {}
[7.920847] (qcar2_interfaces) StdoutLine: {'line': b'[ 76%] Built target qcar2_interfaces__py\n'}
[7.961519] (-) TimerEvent: {}
[7.968626] (qcar2_interfaces) StdoutLine: {'line': b'[ 79%] \x1b[32mBuilding C object CMakeFiles/qcar2_interfaces__rosidl_generator_py.dir/rosidl_generator_py/qcar2_interfaces/msg/_boolean_leds_s.c.o\x1b[0m\n'}
[7.974048] (qcar2_interfaces) StdoutLine: {'line': b'[ 82%] \x1b[32mBuilding C object CMakeFiles/qcar2_interfaces__rosidl_generator_py.dir/rosidl_generator_py/qcar2_interfaces/msg/_motor_commands_s.c.o\x1b[0m\n'}
[8.061663] (-) TimerEvent: {}
[8.162100] (-) TimerEvent: {}
[8.162693] (qcar2_interfaces) StdoutLine: {'line': b'[ 84%] \x1b[32m\x1b[1mLinking C shared library rosidl_generator_py/qcar2_interfaces/libqcar2_interfaces__rosidl_generator_py.so\x1b[0m\n'}
[8.228385] (qcar2_interfaces) StdoutLine: {'line': b'[ 84%] Built target qcar2_interfaces__rosidl_generator_py\n'}
[8.262232] (-) TimerEvent: {}
[8.281790] (qcar2_interfaces) StdoutLine: {'line': b'[ 89%] \x1b[32mBuilding C object CMakeFiles/qcar2_interfaces__rosidl_typesupport_c__pyext.dir/rosidl_generator_py/qcar2_interfaces/_qcar2_interfaces_s.ep.rosidl_typesupport_c.c.o\x1b[0m\n'}
[8.282159] (qcar2_interfaces) StdoutLine: {'line': b'[ 89%] \x1b[32mBuilding C object CMakeFiles/qcar2_interfaces__rosidl_typesupport_fastrtps_c__pyext.dir/rosidl_generator_py/qcar2_interfaces/_qcar2_interfaces_s.ep.rosidl_typesupport_fastrtps_c.c.o\x1b[0m\n'}
[8.282443] (qcar2_interfaces) StdoutLine: {'line': b'[ 92%] \x1b[32mBuilding C object CMakeFiles/qcar2_interfaces__rosidl_typesupport_introspection_c__pyext.dir/rosidl_generator_py/qcar2_interfaces/_qcar2_interfaces_s.ep.rosidl_typesupport_introspection_c.c.o\x1b[0m\n'}
[8.362374] (-) TimerEvent: {}
[8.432895] (qcar2_interfaces) StdoutLine: {'line': b'[ 94%] \x1b[32m\x1b[1mLinking C shared library rosidl_generator_py/qcar2_interfaces/qcar2_interfaces_s__rosidl_typesupport_fastrtps_c.cpython-38-x86_64-linux-gnu.so\x1b[0m\n'}
[8.433447] (qcar2_interfaces) StdoutLine: {'line': b'[ 97%] \x1b[32m\x1b[1mLinking C shared library rosidl_generator_py/qcar2_interfaces/qcar2_interfaces_s__rosidl_typesupport_c.cpython-38-x86_64-linux-gnu.so\x1b[0m\n'}
[8.449305] (qcar2_interfaces) StdoutLine: {'line': b'[100%] \x1b[32m\x1b[1mLinking C shared library rosidl_generator_py/qcar2_interfaces/qcar2_interfaces_s__rosidl_typesupport_introspection_c.cpython-38-x86_64-linux-gnu.so\x1b[0m\n'}
[8.464743] (-) TimerEvent: {}
[8.507554] (qcar2_interfaces) StdoutLine: {'line': b'[100%] Built target qcar2_interfaces__rosidl_typesupport_c__pyext\n'}
[8.513970] (qcar2_interfaces) StdoutLine: {'line': b'[100%] Built target qcar2_interfaces__rosidl_typesupport_fastrtps_c__pyext\n'}
[8.518705] (qcar2_interfaces) StdoutLine: {'line': b'[100%] Built target qcar2_interfaces__rosidl_typesupport_introspection_c__pyext\n'}
[8.528930] (qcar2_interfaces) CommandEnded: {'returncode': 0}
[8.564923] (-) TimerEvent: {}
[8.665686] (-) TimerEvent: {}
[8.766468] (-) TimerEvent: {}
[8.867155] (-) TimerEvent: {}
[8.967909] (-) TimerEvent: {}
[9.068422] (-) TimerEvent: {}
[9.168811] (-) TimerEvent: {}
[9.269209] (-) TimerEvent: {}
[9.369611] (-) TimerEvent: {}
[9.470141] (-) TimerEvent: {}
[9.570719] (-) TimerEvent: {}
[9.671291] (-) TimerEvent: {}
[9.771631] (-) TimerEvent: {}
[9.872002] (-) TimerEvent: {}
[9.879251] (qcar2_interfaces) JobProgress: {'identifier': 'qcar2_interfaces', 'progress': 'install'}
[9.889590] (qcar2_interfaces) Command: {'cmd': ['/usr/bin/cmake', '--install', '/workspaces/isaac_ros-dev/build/qcar2_interfaces'], 'cwd': '/workspaces/isaac_ros-dev/build/qcar2_interfaces', 'env': OrderedDict([('NPP_VERSION', '11.8.0.86'), ('SHELL', '/bin/bash'), ('ROS_VERSION', '2'), ('NVIDIA_VISIBLE_DEVICES', 'all'), ('DALI_BUILD', '5838886'), ('CUSOLVER_VERSION', '11.4.1.48'), ('USER_UID', '1000'), ('CUBLAS_VERSION', '11.11.3.6'), ('PKG_CONFIG_PATH', '/workspace/cartographer_ws/install/cartographer/lib/x86_64-linux-gnu/pkgconfig:/workspace/cartographer_ws/install/cartographer/lib/pkgconfig'), ('ROS_PYTHON_VERSION', '3'), ('HOSTNAME', 'mohammadsal-IdeaPad-Slim-3-14IRH8'), ('DCGM_VERSION', '2.2.9'), ('CUFFT_VERSION', '10.9.0.58'), ('NVIDIA_REQUIRE_CUDA', 'cuda>=9.0'), ('CUDA_CACHE_DISABLE', '1'), ('NCCL_VERSION', '2.15.1'), ('CUSPARSE_VERSION', '11.7.5.86'), ('ENV', '/etc/shinit_v2'), ('PWD', '/workspaces/isaac_ros-dev/build/qcar2_interfaces'), ('OPENUCX_VERSION', '1.14.0'), ('NSIGHT_SYSTEMS_VERSION', '2022.3.1.43'), ('NVIDIA_DRIVER_CAPABILITIES', 'compute,utility,video'), ('POLYGRAPHY_VERSION', '0.38.0'), ('TF_ENABLE_WINOGRAD_NONFUSED', '1'), ('TRT_VERSION', '8.5.0.12'), ('USER_GID', '1000'), ('NVIDIA_PRODUCT_NAME', 'Triton Server'), ('RDMACORE_VERSION', '36.0'), ('NVIDIA_CPU_ONLY', '1'), ('HOME', '/home/admin'), ('USERNAME', 'admin'), ('LANG', 'en_US.UTF-8'), ('CUDA_VERSION', '11.8.0.062'), ('CURAND_VERSION', '10.3.0.86'), ('AMENT_PREFIX_PATH', '/workspaces/isaac_ros-dev/install/qcar2_nodes:/workspaces/isaac_ros-dev/install/qcar2_autonomy:/workspaces/isaac_ros-dev/install/qcar2_interfaces:/workspace/cartographer_ws/install/perception_pcl:/workspace/cartographer_ws/install/pcl_ros:/workspace/cartographer_ws/install/cartographer_rviz:/workspace/cartographer_ws/install/cartographer_ros:/workspace/cartographer_ws/install/pcl_conversions:/workspace/cartographer_ws/install/pcl_msgs:/workspace/cartographer_ws/install/isaac_ros_test:/workspace/cartographer_ws/install/isaac_ros_tensor_list_interfaces:/workspace/cartographer_ws/install/isaac_ros_pointcloud_interfaces:/workspace/cartographer_ws/install/isaac_ros_nova_interfaces:/workspace/cartographer_ws/install/isaac_ros_nitros_bridge_interfaces:/workspace/cartographer_ws/install/isaac_ros_common:/workspace/cartographer_ws/install/isaac_ros_bi3d_interfaces:/workspace/cartographer_ws/install/isaac_ros_apriltag_interfaces:/workspace/cartographer_ws/install/control_msgs:/workspace/cartographer_ws/install/cartographer_ros_msgs:/opt/ros/humble'), ('CMAKE_PREFIX_PATH', '/workspaces/isaac_ros-dev/install/qcar2_nodes:/workspaces/isaac_ros-dev/install/qcar2_interfaces:/workspace/cartographer_ws/install/perception_pcl:/workspace/cartographer_ws/install/pcl_ros:/workspace/cartographer_ws/install/cartographer_rviz:/workspace/cartographer_ws/install/cartographer_ros:/workspace/cartographer_ws/install/pcl_conversions:/workspace/cartographer_ws/install/pcl_msgs:/workspace/cartographer_ws/install/isaac_ros_tensor_list_interfaces:/workspace/cartographer_ws/install/isaac_ros_pointcloud_interfaces:/workspace/cartographer_ws/install/isaac_ros_nova_interfaces:/workspace/cartographer_ws/install/isaac_ros_nitros_bridge_interfaces:/workspace/cartographer_ws/install/isaac_ros_common:/workspace/cartographer_ws/install/isaac_ros_bi3d_interfaces:/workspace/cartographer_ws/install/isaac_ros_apriltag_interfaces:/workspace/cartographer_ws/install/control_msgs:/workspace/cartographer_ws/install/cartographer_ros_msgs:/workspace/cartographer_ws/install/cartographer:/workspace/cartographer_ws/install/absl:/workspaces/isaac_ros-dev/install/qcar2_autonomy:/workspace/cartographer_ws/install/isaac_ros_test:/opt/ros/humble'), ('COLCON_PREFIX_PATH', '/workspaces/isaac_ros-dev/install:/workspace/cartographer_ws/install'), ('CUTENSOR_VERSION', '1.6.1.5'), ('TRITON_SERVER_GPU_ENABLED', '1'), ('HPCX_VERSION', '2.12.1a0'), ('PYTHONPATH', '/workspaces/isaac_ros-dev/install/qcar2_autonomy/lib/python3.8/site-packages:/workspaces/isaac_ros-dev/install/qcar2_interfaces/lib/python3.8/site-packages:/workspace/cartographer_ws/install/pcl_msgs/lib/python3.8/site-packages:/workspace/cartographer_ws/build/isaac_ros_test:/workspace/cartographer_ws/install/isaac_ros_test/lib/python3.8/site-packages:/workspace/cartographer_ws/install/isaac_ros_tensor_list_interfaces/lib/python3.8/site-packages:/workspace/cartographer_ws/install/isaac_ros_pointcloud_interfaces/lib/python3.8/site-packages:/workspace/cartographer_ws/install/isaac_ros_nova_interfaces/lib/python3.8/site-packages:/workspace/cartographer_ws/install/isaac_ros_nitros_bridge_interfaces/lib/python3.8/site-packages:/workspace/cartographer_ws/install/isaac_ros_bi3d_interfaces/lib/python3.8/site-packages:/workspace/cartographer_ws/install/isaac_ros_apriltag_interfaces/lib/python3.8/site-packages:/workspace/cartographer_ws/install/control_msgs/lib/python3.8/site-packages:/workspace/cartographer_ws/install/cartographer_ros_msgs/lib/python3.8/site-packages:/opt/ros/humble/lib/python3.8/site-packages:/home/Quanser/0_libraries/python'), ('COLCON', '1'), ('TERM', 'xterm'), ('TRITON_SERVER_VERSION', '2.26.0'), ('GDRCOPY_VERSION', '2.3'), ('OPENMPI_VERSION', '4.1.4'), ('NVJPEG_VERSION', '11.9.0.86'), ('LIBRARY_PATH', '/usr/local/cuda/lib64/stubs:'), ('DISPLAY', ':0'), ('SHLVL', '1'), ('BASH_ENV', '/etc/bash.bashrc'), ('TF_AUTOTUNE_THRESHOLD', '2'), ('CUDNN_VERSION', '8.6.0.163'), ('NSIGHT_COMPUTE_VERSION', '2022.3.0.22'), ('DALI_VERSION', '1.17.0'), ('NVIDIA_TRITON_SERVER_VERSION', '22.09'), ('LD_LIBRARY_PATH', '/workspaces/isaac_ros-dev/install/qcar2_interfaces/lib:/workspace/cartographer_ws/install/pcl_ros/lib:/workspace/cartographer_ws/install/cartographer_rviz/lib:/workspace/cartographer_ws/install/cartographer_ros/lib:/workspace/cartographer_ws/install/pcl_msgs/lib:/workspace/cartographer_ws/install/isaac_ros_tensor_list_interfaces/lib:/workspace/cartographer_ws/install/isaac_ros_pointcloud_interfaces/lib:/workspace/cartographer_ws/install/isaac_ros_nova_interfaces/lib:/workspace/cartographer_ws/install/isaac_ros_nitros_bridge_interfaces/lib:/workspace/cartographer_ws/install/isaac_ros_common/lib:/workspace/cartographer_ws/install/isaac_ros_bi3d_interfaces/lib:/workspace/cartographer_ws/install/isaac_ros_apriltag_interfaces/lib:/workspace/cartographer_ws/install/control_msgs/lib:/workspace/cartographer_ws/install/cartographer_ros_msgs/lib:/opt/ros/humble/opt/rviz_ogre_vendor/lib:/opt/ros/humble/lib/x86_64-linux-gnu:/opt/ros/humble/lib:/opt/tritonserver/backends/onnxruntime:/usr/local/cuda/compat/lib:/usr/local/nvidia/lib:/usr/local/nvidia/lib64:/opt/tritonserver/lib'), ('NVIDIA_BUILD_ID', '44909143'), ('ROS_LOCALHOST_ONLY', '0'), ('OMPI_MCA_coll_hcoll_enable', '0'), ('OPAL_PREFIX', '/opt/hpcx/ompi'), ('CUDA_DRIVER_VERSION', '520.61.03'), ('_CUDA_COMPAT_PATH', '/usr/local/cuda/compat'), ('PATH', '/workspace/cartographer_ws/install/cartographer/bin:/opt/ros/humble/bin:/opt/tritonserver/bin:/usr/local/mpi/bin:/usr/local/nvidia/bin:/usr/local/cuda/bin:/usr/local/sbin:/usr/local/bin:/usr/sbin:/usr/bin:/sbin:/bin:/usr/local/ucx/bin:/opt/nvidia/tao'), ('TRITON_SERVER_USER', 'triton-server'), ('PYTHONWARNINGS', 'ignore:::setuptools.command.install,ignore:::setuptools.command.easy_install,ignore:::pkg_resources'), ('MOFED_VERSION', '5.4-rdmacore36.0'), ('TRTOSS_VERSION', ''), ('DEBIAN_FRONTEND', 'noninteractive'), ('ROS_ROOT', '/opt/ros/humble'), ('ROS_DISTRO', 'humble'), ('TF_ADJUST_HUE_FUSED', '1'), ('TF_ADJUST_SATURATION_FUSED', '1'), ('SHARP_COLL_ENABLE_CUDA', '0'), ('RMW_IMPLEMENTATION', 'rmw_fastrtps_cpp'), ('OLDPWD', '/workspace/cartographer_ws'), ('_', '/usr/bin/env')]), 'shell': False}
[9.901738] (qcar2_interfaces) StdoutLine: {'line': b'-- Install configuration: ""\n'}
[9.902010] (qcar2_interfaces) StdoutLine: {'line': b'-- Installing: /workspaces/isaac_ros-dev/install/qcar2_interfaces/share/ament_index/resource_index/rosidl_interfaces/qcar2_interfaces\n'}
[9.904767] (qcar2_interfaces) StdoutLine: {'line': b'-- Installing: /workspaces/isaac_ros-dev/install/qcar2_interfaces/include/qcar2_interfaces/qcar2_interfaces\n'}
[9.904915] (qcar2_interfaces) StdoutLine: {'line': b'-- Installing: /workspaces/isaac_ros-dev/install/qcar2_interfaces/include/qcar2_interfaces/qcar2_interfaces/msg\n'}
[9.905090] (qcar2_interfaces) StdoutLine: {'line': b'-- Installing: /workspaces/isaac_ros-dev/install/qcar2_interfaces/include/qcar2_interfaces/qcar2_interfaces/msg/motor_commands.h\n'}
[9.905234] (qcar2_interfaces) StdoutLine: {'line': b'-- Installing: /workspaces/isaac_ros-dev/install/qcar2_interfaces/include/qcar2_interfaces/qcar2_interfaces/msg/rosidl_generator_c__visibility_control.h\n'}
[9.905331] (qcar2_interfaces) StdoutLine: {'line': b'-- Installing: /workspaces/isaac_ros-dev/install/qcar2_interfaces/include/qcar2_interfaces/qcar2_interfaces/msg/detail\n'}
[9.905384] (qcar2_interfaces) StdoutLine: {'line': b'-- Installing: /workspaces/isaac_ros-dev/install/qcar2_interfaces/include/qcar2_interfaces/qcar2_interfaces/msg/detail/motor_commands__struct.h\n'}
[9.905436] (qcar2_interfaces) StdoutLine: {'line': b'-- Installing: /workspaces/isaac_ros-dev/install/qcar2_interfaces/include/qcar2_interfaces/qcar2_interfaces/msg/detail/boolean_leds__struct.h\n'}
[9.905541] (qcar2_interfaces) StdoutLine: {'line': b'-- Installing: /workspaces/isaac_ros-dev/install/qcar2_interfaces/include/qcar2_interfaces/qcar2_interfaces/msg/detail/motor_commands__functions.h\n'}
[9.905591] (qcar2_interfaces) StdoutLine: {'line': b'-- Installing: /workspaces/isaac_ros-dev/install/qcar2_interfaces/include/qcar2_interfaces/qcar2_interfaces/msg/detail/motor_commands__functions.c\n'}
[9.905640] (qcar2_interfaces) StdoutLine: {'line': b'-- Installing: /workspaces/isaac_ros-dev/install/qcar2_interfaces/include/qcar2_interfaces/qcar2_interfaces/msg/detail/boolean_leds__functions.c\n'}
[9.905686] (qcar2_interfaces) StdoutLine: {'line': b'-- Installing: /workspaces/isaac_ros-dev/install/qcar2_interfaces/include/qcar2_interfaces/qcar2_interfaces/msg/detail/boolean_leds__functions.h\n'}
[9.905732] (qcar2_interfaces) StdoutLine: {'line': b'-- Installing: /workspaces/isaac_ros-dev/install/qcar2_interfaces/include/qcar2_interfaces/qcar2_interfaces/msg/detail/motor_commands__type_support.h\n'}
[9.905779] (qcar2_interfaces) StdoutLine: {'line': b'-- Installing: /workspaces/isaac_ros-dev/install/qcar2_interfaces/include/qcar2_interfaces/qcar2_interfaces/msg/detail/boolean_leds__type_support.h\n'}
[9.905826] (qcar2_interfaces) StdoutLine: {'line': b'-- Installing: /workspaces/isaac_ros-dev/install/qcar2_interfaces/include/qcar2_interfaces/qcar2_interfaces/msg/boolean_leds.h\n'}
[9.905899] (qcar2_interfaces) StdoutLine: {'line': b'-- Installing: /workspaces/isaac_ros-dev/install/qcar2_interfaces/share/qcar2_interfaces/environment/library_path.sh\n'}
[9.905970] (qcar2_interfaces) StdoutLine: {'line': b'-- Installing: /workspaces/isaac_ros-dev/install/qcar2_interfaces/share/qcar2_interfaces/environment/library_path.dsv\n'}
[9.906153] (qcar2_interfaces) StdoutLine: {'line': b'-- Installing: /workspaces/isaac_ros-dev/install/qcar2_interfaces/lib/libqcar2_interfaces__rosidl_generator_c.so\n'}
[9.906413] (qcar2_interfaces) StdoutLine: {'line': b'-- Set runtime path of "/workspaces/isaac_ros-dev/install/qcar2_interfaces/lib/libqcar2_interfaces__rosidl_generator_c.so" to ""\n'}
[9.906481] (qcar2_interfaces) StdoutLine: {'line': b'-- Up-to-date: /workspaces/isaac_ros-dev/install/qcar2_interfaces/include/qcar2_interfaces/qcar2_interfaces\n'}
[9.906544] (qcar2_interfaces) StdoutLine: {'line': b'-- Up-to-date: /workspaces/isaac_ros-dev/install/qcar2_interfaces/include/qcar2_interfaces/qcar2_interfaces/msg\n'}
[9.906609] (qcar2_interfaces) StdoutLine: {'line': b'-- Installing: /workspaces/isaac_ros-dev/install/qcar2_interfaces/include/qcar2_interfaces/qcar2_interfaces/msg/rosidl_typesupport_fastrtps_c__visibility_control.h\n'}
[9.906677] (qcar2_interfaces) StdoutLine: {'line': b'-- Up-to-date: /workspaces/isaac_ros-dev/install/qcar2_interfaces/include/qcar2_interfaces/qcar2_interfaces/msg/detail\n'}
[9.906814] (qcar2_interfaces) StdoutLine: {'line': b'-- Installing: /workspaces/isaac_ros-dev/install/qcar2_interfaces/include/qcar2_interfaces/qcar2_interfaces/msg/detail/motor_commands__rosidl_typesupport_fastrtps_c.h\n'}
[9.906951] (qcar2_interfaces) StdoutLine: {'line': b'-- Installing: /workspaces/isaac_ros-dev/install/qcar2_interfaces/include/qcar2_interfaces/qcar2_interfaces/msg/detail/boolean_leds__rosidl_typesupport_fastrtps_c.h\n'}
[9.907119] (qcar2_interfaces) StdoutLine: {'line': b'-- Installing: /workspaces/isaac_ros-dev/install/qcar2_interfaces/lib/libqcar2_interfaces__rosidl_typesupport_fastrtps_c.so\n'}
[9.907276] (qcar2_interfaces) StdoutLine: {'line': b'-- Set runtime path of "/workspaces/isaac_ros-dev/install/qcar2_interfaces/lib/libqcar2_interfaces__rosidl_typesupport_fastrtps_c.so" to ""\n'}
[9.907410] (qcar2_interfaces) StdoutLine: {'line': b'-- Up-to-date: /workspaces/isaac_ros-dev/install/qcar2_interfaces/include/qcar2_interfaces/qcar2_interfaces\n'}
[9.907473] (qcar2_interfaces) StdoutLine: {'line': b'-- Up-to-date: /workspaces/isaac_ros-dev/install/qcar2_interfaces/include/qcar2_interfaces/qcar2_interfaces/msg\n'}
[9.907551] (qcar2_interfaces) StdoutLine: {'line': b'-- Installing: /workspaces/isaac_ros-dev/install/qcar2_interfaces/include/qcar2_interfaces/qcar2_interfaces/msg/rosidl_typesupport_introspection_c__visibility_control.h\n'}
[9.907676] (qcar2_interfaces) StdoutLine: {'line': b'-- Up-to-date: /workspaces/isaac_ros-dev/install/qcar2_interfaces/include/qcar2_interfaces/qcar2_interfaces/msg/detail\n'}
[9.907728] (qcar2_interfaces) StdoutLine: {'line': b'-- Installing: /workspaces/isaac_ros-dev/install/qcar2_interfaces/include/qcar2_interfaces/qcar2_interfaces/msg/detail/boolean_leds__type_support.c\n'}
[9.907779] (qcar2_interfaces) StdoutLine: {'line': b'-- Installing: /workspaces/isaac_ros-dev/install/qcar2_interfaces/include/qcar2_interfaces/qcar2_interfaces/msg/detail/motor_commands__type_support.c\n'}
[9.907864] (qcar2_interfaces) StdoutLine: {'line': b'-- Installing: /workspaces/isaac_ros-dev/install/qcar2_interfaces/include/qcar2_interfaces/qcar2_interfaces/msg/detail/boolean_leds__rosidl_typesupport_introspection_c.h\n'}
[9.907975] (qcar2_interfaces) StdoutLine: {'line': b'-- Installing: /workspaces/isaac_ros-dev/install/qcar2_interfaces/include/qcar2_interfaces/qcar2_interfaces/msg/detail/motor_commands__rosidl_typesupport_introspection_c.h\n'}
[9.908033] (qcar2_interfaces) StdoutLine: {'line': b'-- Installing: /workspaces/isaac_ros-dev/install/qcar2_interfaces/lib/libqcar2_interfaces__rosidl_typesupport_introspection_c.so\n'}
[9.908145] (qcar2_interfaces) StdoutLine: {'line': b'-- Set runtime path of "/workspaces/isaac_ros-dev/install/qcar2_interfaces/lib/libqcar2_interfaces__rosidl_typesupport_introspection_c.so" to ""\n'}
[9.908247] (qcar2_interfaces) StdoutLine: {'line': b'-- Installing: /workspaces/isaac_ros-dev/install/qcar2_interfaces/lib/libqcar2_interfaces__rosidl_typesupport_c.so\n'}
[9.908358] (qcar2_interfaces) StdoutLine: {'line': b'-- Set runtime path of "/workspaces/isaac_ros-dev/install/qcar2_interfaces/lib/libqcar2_interfaces__rosidl_typesupport_c.so" to ""\n'}
[9.908439] (qcar2_interfaces) StdoutLine: {'line': b'-- Up-to-date: /workspaces/isaac_ros-dev/install/qcar2_interfaces/include/qcar2_interfaces/qcar2_interfaces\n'}
[9.908516] (qcar2_interfaces) StdoutLine: {'line': b'-- Up-to-date: /workspaces/isaac_ros-dev/install/qcar2_interfaces/include/qcar2_interfaces/qcar2_interfaces/msg\n'}
[9.908609] (qcar2_interfaces) StdoutLine: {'line': b'-- Installing: /workspaces/isaac_ros-dev/install/qcar2_interfaces/include/qcar2_interfaces/qcar2_interfaces/msg/boolean_leds.hpp\n'}
[9.908816] (qcar2_interfaces) StdoutLine: {'line': b'-- Up-to-date: /workspaces/isaac_ros-dev/install/qcar2_interfaces/include/qcar2_interfaces/qcar2_interfaces/msg/detail\n'}
[9.908957] (qcar2_interfaces) StdoutLine: {'line': b'-- Installing: /workspaces/isaac_ros-dev/install/qcar2_interfaces/include/qcar2_interfaces/qcar2_interfaces/msg/detail/boolean_leds__struct.hpp\n'}
[9.909112] (qcar2_interfaces) StdoutLine: {'line': b'-- Installing: /workspaces/isaac_ros-dev/install/qcar2_interfaces/include/qcar2_interfaces/qcar2_interfaces/msg/detail/motor_commands__builder.hpp\n'}
[9.909302] (qcar2_interfaces) StdoutLine: {'line': b'-- Installing: /workspaces/isaac_ros-dev/install/qcar2_interfaces/include/qcar2_interfaces/qcar2_interfaces/msg/detail/boolean_leds__builder.hpp\n'}
[9.909522] (qcar2_interfaces) StdoutLine: {'line': b'-- Installing: /workspaces/isaac_ros-dev/install/qcar2_interfaces/include/qcar2_interfaces/qcar2_interfaces/msg/detail/boolean_leds__traits.hpp\n'}
[9.909710] (qcar2_interfaces) StdoutLine: {'line': b'-- Installing: /workspaces/isaac_ros-dev/install/qcar2_interfaces/include/qcar2_interfaces/qcar2_interfaces/msg/detail/motor_commands__traits.hpp\n'}
[9.909838] (qcar2_interfaces) StdoutLine: {'line': b'-- Installing: /workspaces/isaac_ros-dev/install/qcar2_interfaces/include/qcar2_interfaces/qcar2_interfaces/msg/detail/motor_commands__struct.hpp\n'}
[9.909971] (qcar2_interfaces) StdoutLine: {'line': b'-- Installing: /workspaces/isaac_ros-dev/install/qcar2_interfaces/include/qcar2_interfaces/qcar2_interfaces/msg/motor_commands.hpp\n'}
[9.910224] (qcar2_interfaces) StdoutLine: {'line': b'-- Up-to-date: /workspaces/isaac_ros-dev/install/qcar2_interfaces/include/qcar2_interfaces/qcar2_interfaces\n'}
[9.910373] (qcar2_interfaces) StdoutLine: {'line': b'-- Up-to-date: /workspaces/isaac_ros-dev/install/qcar2_interfaces/include/qcar2_interfaces/qcar2_interfaces/msg\n'}
[9.910645] (qcar2_interfaces) StdoutLine: {'line': b'-- Up-to-date: /workspaces/isaac_ros-dev/install/qcar2_interfaces/include/qcar2_interfaces/qcar2_interfaces/msg/detail\n'}
[9.910808] (qcar2_interfaces) StdoutLine: {'line': b'-- Installing: /workspaces/isaac_ros-dev/install/qcar2_interfaces/include/qcar2_interfaces/qcar2_interfaces/msg/detail/motor_commands__rosidl_typesupport_fastrtps_cpp.hpp\n'}
[9.910946] (qcar2_interfaces) StdoutLine: {'line': b'-- Installing: /workspaces/isaac_ros-dev/install/qcar2_interfaces/include/qcar2_interfaces/qcar2_interfaces/msg/detail/dds_fastrtps\n'}
[9.911185] (qcar2_interfaces) StdoutLine: {'line': b'-- Installing: /workspaces/isaac_ros-dev/install/qcar2_interfaces/include/qcar2_interfaces/qcar2_interfaces/msg/detail/boolean_leds__rosidl_typesupport_fastrtps_cpp.hpp\n'}
[9.911644] (qcar2_interfaces) StdoutLine: {'line': b'-- Installing: /workspaces/isaac_ros-dev/install/qcar2_interfaces/include/qcar2_interfaces/qcar2_interfaces/msg/rosidl_typesupport_fastrtps_cpp__visibility_control.h\n'}
[9.912357] (qcar2_interfaces) StdoutLine: {'line': b'-- Installing: /workspaces/isaac_ros-dev/install/qcar2_interfaces/lib/libqcar2_interfaces__rosidl_typesupport_fastrtps_cpp.so\n'}
[9.912871] (qcar2_interfaces) StdoutLine: {'line': b'-- Set runtime path of "/workspaces/isaac_ros-dev/install/qcar2_interfaces/lib/libqcar2_interfaces__rosidl_typesupport_fastrtps_cpp.so" to ""\n'}
[9.913940] (qcar2_interfaces) StdoutLine: {'line': b'-- Up-to-date: /workspaces/isaac_ros-dev/install/qcar2_interfaces/include/qcar2_interfaces/qcar2_interfaces\n'}
[9.914495] (qcar2_interfaces) StdoutLine: {'line': b'-- Up-to-date: /workspaces/isaac_ros-dev/install/qcar2_interfaces/include/qcar2_interfaces/qcar2_interfaces/msg\n'}
[9.914925] (qcar2_interfaces) StdoutLine: {'line': b'-- Up-to-date: /workspaces/isaac_ros-dev/install/qcar2_interfaces/include/qcar2_interfaces/qcar2_interfaces/msg/detail\n'}
[9.915510] (qcar2_interfaces) StdoutLine: {'line': b'-- Installing: /workspaces/isaac_ros-dev/install/qcar2_interfaces/include/qcar2_interfaces/qcar2_interfaces/msg/detail/boolean_leds__rosidl_typesupport_introspection_cpp.hpp\n'}
[9.916022] (qcar2_interfaces) StdoutLine: {'line': b'-- Installing: /workspaces/isaac_ros-dev/install/qcar2_interfaces/include/qcar2_interfaces/qcar2_interfaces/msg/detail/motor_commands__type_support.cpp\n'}
[9.916485] (qcar2_interfaces) StdoutLine: {'line': b'-- Installing: /workspaces/isaac_ros-dev/install/qcar2_interfaces/include/qcar2_interfaces/qcar2_interfaces/msg/detail/boolean_leds__type_support.cpp\n'}
[9.916976] (qcar2_interfaces) StdoutLine: {'line': b'-- Installing: /workspaces/isaac_ros-dev/install/qcar2_interfaces/include/qcar2_interfaces/qcar2_interfaces/msg/detail/motor_commands__rosidl_typesupport_introspection_cpp.hpp\n'}
[9.917438] (qcar2_interfaces) StdoutLine: {'line': b'-- Installing: /workspaces/isaac_ros-dev/install/qcar2_interfaces/lib/libqcar2_interfaces__rosidl_typesupport_introspection_cpp.so\n'}
[9.918005] (qcar2_interfaces) StdoutLine: {'line': b'-- Set runtime path of "/workspaces/isaac_ros-dev/install/qcar2_interfaces/lib/libqcar2_interfaces__rosidl_typesupport_introspection_cpp.so" to ""\n'}
[9.918288] (qcar2_interfaces) StdoutLine: {'line': b'-- Installing: /workspaces/isaac_ros-dev/install/qcar2_interfaces/lib/libqcar2_interfaces__rosidl_typesupport_cpp.so\n'}
[9.918437] (qcar2_interfaces) StdoutLine: {'line': b'-- Set runtime path of "/workspaces/isaac_ros-dev/install/qcar2_interfaces/lib/libqcar2_interfaces__rosidl_typesupport_cpp.so" to ""\n'}
[9.918571] (qcar2_interfaces) StdoutLine: {'line': b'-- Installing: /workspaces/isaac_ros-dev/install/qcar2_interfaces/share/qcar2_interfaces/environment/pythonpath.sh\n'}
[9.918827] (qcar2_interfaces) StdoutLine: {'line': b'-- Installing: /workspaces/isaac_ros-dev/install/qcar2_interfaces/share/qcar2_interfaces/environment/pythonpath.dsv\n'}
[9.918965] (qcar2_interfaces) StdoutLine: {'line': b'-- Installing: /workspaces/isaac_ros-dev/install/qcar2_interfaces/lib/python3.8/site-packages/qcar2_interfaces-0.0.0-py3.8.egg-info\n'}
[9.919115] (qcar2_interfaces) StdoutLine: {'line': b'-- Installing: /workspaces/isaac_ros-dev/install/qcar2_interfaces/lib/python3.8/site-packages/qcar2_interfaces-0.0.0-py3.8.egg-info/dependency_links.txt\n'}
[9.919251] (qcar2_interfaces) StdoutLine: {'line': b'-- Installing: /workspaces/isaac_ros-dev/install/qcar2_interfaces/lib/python3.8/site-packages/qcar2_interfaces-0.0.0-py3.8.egg-info/PKG-INFO\n'}
[9.919382] (qcar2_interfaces) StdoutLine: {'line': b'-- Installing: /workspaces/isaac_ros-dev/install/qcar2_interfaces/lib/python3.8/site-packages/qcar2_interfaces-0.0.0-py3.8.egg-info/SOURCES.txt\n'}
[9.919524] (qcar2_interfaces) StdoutLine: {'line': b'-- Installing: /workspaces/isaac_ros-dev/install/qcar2_interfaces/lib/python3.8/site-packages/qcar2_interfaces-0.0.0-py3.8.egg-info/top_level.txt\n'}
[9.920510] (qcar2_interfaces) StdoutLine: {'line': b'-- Installing: /workspaces/isaac_ros-dev/install/qcar2_interfaces/lib/python3.8/site-packages/qcar2_interfaces\n'}
[9.920949] (qcar2_interfaces) StdoutLine: {'line': b'-- Installing: /workspaces/isaac_ros-dev/install/qcar2_interfaces/lib/python3.8/site-packages/qcar2_interfaces/_qcar2_interfaces_s.ep.rosidl_typesupport_fastrtps_c.c\n'}
[9.921189] (qcar2_interfaces) StdoutLine: {'line': b'-- Installing: /workspaces/isaac_ros-dev/install/qcar2_interfaces/lib/python3.8/site-packages/qcar2_interfaces/qcar2_interfaces_s__rosidl_typesupport_c.cpython-38-x86_64-linux-gnu.so\n'}
[9.921421] (qcar2_interfaces) StdoutLine: {'line': b'-- Installing: /workspaces/isaac_ros-dev/install/qcar2_interfaces/lib/python3.8/site-packages/qcar2_interfaces/_qcar2_interfaces_s.ep.rosidl_typesupport_introspection_c.c\n'}
[9.921642] (qcar2_interfaces) StdoutLine: {'line': b'-- Installing: /workspaces/isaac_ros-dev/install/qcar2_interfaces/lib/python3.8/site-packages/qcar2_interfaces/qcar2_interfaces_s__rosidl_typesupport_introspection_c.cpython-38-x86_64-linux-gnu.so\n'}
[9.921855] (qcar2_interfaces) StdoutLine: {'line': b'-- Installing: /workspaces/isaac_ros-dev/install/qcar2_interfaces/lib/python3.8/site-packages/qcar2_interfaces/qcar2_interfaces_s__rosidl_typesupport_fastrtps_c.cpython-38-x86_64-linux-gnu.so\n'}
[9.922114] (qcar2_interfaces) StdoutLine: {'line': b'-- Installing: /workspaces/isaac_ros-dev/install/qcar2_interfaces/lib/python3.8/site-packages/qcar2_interfaces/libqcar2_interfaces__rosidl_generator_py.so\n'}
[9.922323] (qcar2_interfaces) StdoutLine: {'line': b'-- Installing: /workspaces/isaac_ros-dev/install/qcar2_interfaces/lib/python3.8/site-packages/qcar2_interfaces/__init__.py\n'}
[9.922546] (qcar2_interfaces) StdoutLine: {'line': b'-- Installing: /workspaces/isaac_ros-dev/install/qcar2_interfaces/lib/python3.8/site-packages/qcar2_interfaces/msg\n'}
[9.922939] (qcar2_interfaces) StdoutLine: {'line': b'-- Installing: /workspaces/isaac_ros-dev/install/qcar2_interfaces/lib/python3.8/site-packages/qcar2_interfaces/msg/_boolean_leds.py\n'}
[9.923247] (qcar2_interfaces) StdoutLine: {'line': b'-- Installing: /workspaces/isaac_ros-dev/install/qcar2_interfaces/lib/python3.8/site-packages/qcar2_interfaces/msg/__init__.py\n'}
[9.923477] (qcar2_interfaces) StdoutLine: {'line': b'-- Installing: /workspaces/isaac_ros-dev/install/qcar2_interfaces/lib/python3.8/site-packages/qcar2_interfaces/msg/_boolean_leds_s.c\n'}
[9.923711] (qcar2_interfaces) StdoutLine: {'line': b'-- Installing: /workspaces/isaac_ros-dev/install/qcar2_interfaces/lib/python3.8/site-packages/qcar2_interfaces/msg/_motor_commands.py\n'}
[9.923900] (qcar2_interfaces) StdoutLine: {'line': b'-- Installing: /workspaces/isaac_ros-dev/install/qcar2_interfaces/lib/python3.8/site-packages/qcar2_interfaces/msg/_motor_commands_s.c\n'}
[9.924072] (qcar2_interfaces) StdoutLine: {'line': b'-- Installing: /workspaces/isaac_ros-dev/install/qcar2_interfaces/lib/python3.8/site-packages/qcar2_interfaces/_qcar2_interfaces_s.ep.rosidl_typesupport_c.c\n'}
[9.972180] (-) TimerEvent: {}
[9.999647] (qcar2_interfaces) StdoutLine: {'line': b"Listing '/workspaces/isaac_ros-dev/install/qcar2_interfaces/lib/python3.8/site-packages/qcar2_interfaces'...\n"}
[9.999853] (qcar2_interfaces) StdoutLine: {'line': b"Compiling '/workspaces/isaac_ros-dev/install/qcar2_interfaces/lib/python3.8/site-packages/qcar2_interfaces/__init__.py'...\n"}
[10.000007] (qcar2_interfaces) StdoutLine: {'line': b"Listing '/workspaces/isaac_ros-dev/install/qcar2_interfaces/lib/python3.8/site-packages/qcar2_interfaces/msg'...\n"}
[10.000080] (qcar2_interfaces) StdoutLine: {'line': b"Compiling '/workspaces/isaac_ros-dev/install/qcar2_interfaces/lib/python3.8/site-packages/qcar2_interfaces/msg/__init__.py'...\n"}
[10.000130] (qcar2_interfaces) StdoutLine: {'line': b"Compiling '/workspaces/isaac_ros-dev/install/qcar2_interfaces/lib/python3.8/site-packages/qcar2_interfaces/msg/_boolean_leds.py'...\n"}
[10.000174] (qcar2_interfaces) StdoutLine: {'line': b"Compiling '/workspaces/isaac_ros-dev/install/qcar2_interfaces/lib/python3.8/site-packages/qcar2_interfaces/msg/_motor_commands.py'...\n"}
[10.004798] (qcar2_interfaces) StdoutLine: {'line': b'-- Installing: /workspaces/isaac_ros-dev/install/qcar2_interfaces/lib/python3.8/site-packages/qcar2_interfaces/qcar2_interfaces_s__rosidl_typesupport_fastrtps_c.cpython-38-x86_64-linux-gnu.so\n'}
[10.005138] (qcar2_interfaces) StdoutLine: {'line': b'-- Set runtime path of "/workspaces/isaac_ros-dev/install/qcar2_interfaces/lib/python3.8/site-packages/qcar2_interfaces/qcar2_interfaces_s__rosidl_typesupport_fastrtps_c.cpython-38-x86_64-linux-gnu.so" to ""\n'}
[10.005316] (qcar2_interfaces) StdoutLine: {'line': b'-- Installing: /workspaces/isaac_ros-dev/install/qcar2_interfaces/lib/python3.8/site-packages/qcar2_interfaces/qcar2_interfaces_s__rosidl_typesupport_introspection_c.cpython-38-x86_64-linux-gnu.so\n'}
[10.005675] (qcar2_interfaces) StdoutLine: {'line': b'-- Set runtime path of "/workspaces/isaac_ros-dev/install/qcar2_interfaces/lib/python3.8/site-packages/qcar2_interfaces/qcar2_interfaces_s__rosidl_typesupport_introspection_c.cpython-38-x86_64-linux-gnu.so" to ""\n'}
[10.005863] (qcar2_interfaces) StdoutLine: {'line': b'-- Installing: /workspaces/isaac_ros-dev/install/qcar2_interfaces/lib/python3.8/site-packages/qcar2_interfaces/qcar2_interfaces_s__rosidl_typesupport_c.cpython-38-x86_64-linux-gnu.so\n'}
[10.006233] (qcar2_interfaces) StdoutLine: {'line': b'-- Set runtime path of "/workspaces/isaac_ros-dev/install/qcar2_interfaces/lib/python3.8/site-packages/qcar2_interfaces/qcar2_interfaces_s__rosidl_typesupport_c.cpython-38-x86_64-linux-gnu.so" to ""\n'}
[10.006363] (qcar2_interfaces) StdoutLine: {'line': b'-- Installing: /workspaces/isaac_ros-dev/install/qcar2_interfaces/lib/libqcar2_interfaces__rosidl_generator_py.so\n'}
[10.006655] (qcar2_interfaces) StdoutLine: {'line': b'-- Set runtime path of "/workspaces/isaac_ros-dev/install/qcar2_interfaces/lib/libqcar2_interfaces__rosidl_generator_py.so" to ""\n'}
[10.006783] (qcar2_interfaces) StdoutLine: {'line': b'-- Installing: /workspaces/isaac_ros-dev/install/qcar2_interfaces/share/qcar2_interfaces/msg/MotorCommands.idl\n'}
[10.006886] (qcar2_interfaces) StdoutLine: {'line': b'-- Installing: /workspaces/isaac_ros-dev/install/qcar2_interfaces/share/qcar2_interfaces/msg/BooleanLeds.idl\n'}
[10.006987] (qcar2_interfaces) StdoutLine: {'line': b'-- Installing: /workspaces/isaac_ros-dev/install/qcar2_interfaces/share/qcar2_interfaces/msg/MotorCommands.msg\n'}
[10.007091] (qcar2_interfaces) StdoutLine: {'line': b'-- Installing: /workspaces/isaac_ros-dev/install/qcar2_interfaces/share/qcar2_interfaces/msg/BooleanLeds.msg\n'}
[10.007175] (qcar2_interfaces) StdoutLine: {'line': b'-- Installing: /workspaces/isaac_ros-dev/install/qcar2_interfaces/share/ament_index/resource_index/package_run_dependencies/qcar2_interfaces\n'}
[10.008039] (qcar2_interfaces) StdoutLine: {'line': b'-- Installing: /workspaces/isaac_ros-dev/install/qcar2_interfaces/share/ament_index/resource_index/parent_prefix_path/qcar2_interfaces\n'}
[10.008823] (qcar2_interfaces) StdoutLine: {'line': b'-- Installing: /workspaces/isaac_ros-dev/install/qcar2_interfaces/share/qcar2_interfaces/environment/ament_prefix_path.sh\n'}
[10.008964] (qcar2_interfaces) StdoutLine: {'line': b'-- Installing: /workspaces/isaac_ros-dev/install/qcar2_interfaces/share/qcar2_interfaces/environment/ament_prefix_path.dsv\n'}
[10.009125] (qcar2_interfaces) StdoutLine: {'line': b'-- Installing: /workspaces/isaac_ros-dev/install/qcar2_interfaces/share/qcar2_interfaces/environment/path.sh\n'}
[10.009216] (qcar2_interfaces) StdoutLine: {'line': b'-- Installing: /workspaces/isaac_ros-dev/install/qcar2_interfaces/share/qcar2_interfaces/environment/path.dsv\n'}
[10.010448] (qcar2_interfaces) StdoutLine: {'line': b'-- Installing: /workspaces/isaac_ros-dev/install/qcar2_interfaces/share/qcar2_interfaces/local_setup.bash\n'}
[10.010710] (qcar2_interfaces) StdoutLine: {'line': b'-- Installing: /workspaces/isaac_ros-dev/install/qcar2_interfaces/share/qcar2_interfaces/local_setup.sh\n'}
[10.010813] (qcar2_interfaces) StdoutLine: {'line': b'-- Installing: /workspaces/isaac_ros-dev/install/qcar2_interfaces/share/qcar2_interfaces/local_setup.zsh\n'}
[10.011183] (qcar2_interfaces) StdoutLine: {'line': b'-- Installing: /workspaces/isaac_ros-dev/install/qcar2_interfaces/share/qcar2_interfaces/local_setup.dsv\n'}
[10.011444] (qcar2_interfaces) StdoutLine: {'line': b'-- Installing: /workspaces/isaac_ros-dev/install/qcar2_interfaces/share/qcar2_interfaces/package.dsv\n'}
[10.011786] (qcar2_interfaces) StdoutLine: {'line': b'-- Installing: /workspaces/isaac_ros-dev/install/qcar2_interfaces/share/ament_index/resource_index/packages/qcar2_interfaces\n'}
[10.012180] (qcar2_interfaces) StdoutLine: {'line': b'-- Installing: /workspaces/isaac_ros-dev/install/qcar2_interfaces/share/qcar2_interfaces/cmake/export_qcar2_interfaces__rosidl_generator_cExport.cmake\n'}
[10.012312] (qcar2_interfaces) StdoutLine: {'line': b'-- Installing: /workspaces/isaac_ros-dev/install/qcar2_interfaces/share/qcar2_interfaces/cmake/export_qcar2_interfaces__rosidl_generator_cExport-noconfig.cmake\n'}
[10.012984] (qcar2_interfaces) StdoutLine: {'line': b'-- Installing: /workspaces/isaac_ros-dev/install/qcar2_interfaces/share/qcar2_interfaces/cmake/export_qcar2_interfaces__rosidl_typesupport_fastrtps_cExport.cmake\n'}
[10.013158] (qcar2_interfaces) StdoutLine: {'line': b'-- Installing: /workspaces/isaac_ros-dev/install/qcar2_interfaces/share/qcar2_interfaces/cmake/export_qcar2_interfaces__rosidl_typesupport_fastrtps_cExport-noconfig.cmake\n'}
[10.013295] (qcar2_interfaces) StdoutLine: {'line': b'-- Installing: /workspaces/isaac_ros-dev/install/qcar2_interfaces/share/qcar2_interfaces/cmake/qcar2_interfaces__rosidl_typesupport_introspection_cExport.cmake\n'}
[10.013415] (qcar2_interfaces) StdoutLine: {'line': b'-- Installing: /workspaces/isaac_ros-dev/install/qcar2_interfaces/share/qcar2_interfaces/cmake/qcar2_interfaces__rosidl_typesupport_introspection_cExport-noconfig.cmake\n'}
[10.013575] (qcar2_interfaces) StdoutLine: {'line': b'-- Installing: /workspaces/isaac_ros-dev/install/qcar2_interfaces/share/qcar2_interfaces/cmake/qcar2_interfaces__rosidl_typesupport_cExport.cmake\n'}
[10.013906] (qcar2_interfaces) StdoutLine: {'line': b'-- Installing: /workspaces/isaac_ros-dev/install/qcar2_interfaces/share/qcar2_interfaces/cmake/qcar2_interfaces__rosidl_typesupport_cExport-noconfig.cmake\n'}
[10.014020] (qcar2_interfaces) StdoutLine: {'line': b'-- Installing: /workspaces/isaac_ros-dev/install/qcar2_interfaces/share/qcar2_interfaces/cmake/export_qcar2_interfaces__rosidl_generator_cppExport.cmake\n'}
[10.014981] (qcar2_interfaces) StdoutLine: {'line': b'-- Installing: /workspaces/isaac_ros-dev/install/qcar2_interfaces/share/qcar2_interfaces/cmake/export_qcar2_interfaces__rosidl_typesupport_fastrtps_cppExport.cmake\n'}
[10.019274] (qcar2_interfaces) StdoutLine: {'line': b'-- Installing: /workspaces/isaac_ros-dev/install/qcar2_interfaces/share/qcar2_interfaces/cmake/export_qcar2_interfaces__rosidl_typesupport_fastrtps_cppExport-noconfig.cmake\n'}
[10.019483] (qcar2_interfaces) StdoutLine: {'line': b'-- Installing: /workspaces/isaac_ros-dev/install/qcar2_interfaces/share/qcar2_interfaces/cmake/qcar2_interfaces__rosidl_typesupport_introspection_cppExport.cmake\n'}
[10.019571] (qcar2_interfaces) StdoutLine: {'line': b'-- Installing: /workspaces/isaac_ros-dev/install/qcar2_interfaces/share/qcar2_interfaces/cmake/qcar2_interfaces__rosidl_typesupport_introspection_cppExport-noconfig.cmake\n'}
[10.019654] (qcar2_interfaces) StdoutLine: {'line': b'-- Installing: /workspaces/isaac_ros-dev/install/qcar2_interfaces/share/qcar2_interfaces/cmake/qcar2_interfaces__rosidl_typesupport_cppExport.cmake\n'}
[10.019718] (qcar2_interfaces) StdoutLine: {'line': b'-- Installing: /workspaces/isaac_ros-dev/install/qcar2_interfaces/share/qcar2_interfaces/cmake/qcar2_interfaces__rosidl_typesupport_cppExport-noconfig.cmake\n'}
[10.019779] (qcar2_interfaces) StdoutLine: {'line': b'-- Installing: /workspaces/isaac_ros-dev/install/qcar2_interfaces/share/qcar2_interfaces/cmake/export_qcar2_interfaces__rosidl_generator_pyExport.cmake\n'}
[10.019837] (qcar2_interfaces) StdoutLine: {'line': b'-- Installing: /workspaces/isaac_ros-dev/install/qcar2_interfaces/share/qcar2_interfaces/cmake/export_qcar2_interfaces__rosidl_generator_pyExport-noconfig.cmake\n'}
[10.019898] (qcar2_interfaces) StdoutLine: {'line': b'-- Installing: /workspaces/isaac_ros-dev/install/qcar2_interfaces/share/qcar2_interfaces/cmake/rosidl_cmake-extras.cmake\n'}
[10.019957] (qcar2_interfaces) StdoutLine: {'line': b'-- Installing: /workspaces/isaac_ros-dev/install/qcar2_interfaces/share/qcar2_interfaces/cmake/ament_cmake_export_include_directories-extras.cmake\n'}
[10.020481] (qcar2_interfaces) StdoutLine: {'line': b'-- Installing: /workspaces/isaac_ros-dev/install/qcar2_interfaces/share/qcar2_interfaces/cmake/ament_cmake_export_libraries-extras.cmake\n'}
[10.020714] (qcar2_interfaces) StdoutLine: {'line': b'-- Installing: /workspaces/isaac_ros-dev/install/qcar2_interfaces/share/qcar2_interfaces/cmake/ament_cmake_export_targets-extras.cmake\n'}
[10.021010] (qcar2_interfaces) StdoutLine: {'line': b'-- Installing: /workspaces/isaac_ros-dev/install/qcar2_interfaces/share/qcar2_interfaces/cmake/rosidl_cmake_export_typesupport_targets-extras.cmake\n'}
[10.021084] (qcar2_interfaces) StdoutLine: {'line': b'-- Installing: /workspaces/isaac_ros-dev/install/qcar2_interfaces/share/qcar2_interfaces/cmake/ament_cmake_export_dependencies-extras.cmake\n'}
[10.021151] (qcar2_interfaces) StdoutLine: {'line': b'-- Installing: /workspaces/isaac_ros-dev/install/qcar2_interfaces/share/qcar2_interfaces/cmake/rosidl_cmake_export_typesupport_libraries-extras.cmake\n'}
[10.021216] (qcar2_interfaces) StdoutLine: {'line': b'-- Installing: /workspaces/isaac_ros-dev/install/qcar2_interfaces/share/qcar2_interfaces/cmake/qcar2_interfacesConfig.cmake\n'}
[10.021284] (qcar2_interfaces) StdoutLine: {'line': b'-- Installing: /workspaces/isaac_ros-dev/install/qcar2_interfaces/share/qcar2_interfaces/cmake/qcar2_interfacesConfig-version.cmake\n'}
[10.021350] (qcar2_interfaces) StdoutLine: {'line': b'-- Installing: /workspaces/isaac_ros-dev/install/qcar2_interfaces/share/qcar2_interfaces/package.xml\n'}
[10.022644] (qcar2_interfaces) CommandEnded: {'returncode': 0}
[10.072277] (-) TimerEvent: {}
[10.172818] (-) TimerEvent: {}
[10.273284] (-) TimerEvent: {}
[10.373663] (-) TimerEvent: {}
[10.474067] (-) TimerEvent: {}
[10.574417] (-) TimerEvent: {}
[10.674810] (-) TimerEvent: {}
[10.775473] (-) TimerEvent: {}
[10.875862] (-) TimerEvent: {}
[10.976480] (-) TimerEvent: {}
[11.077075] (-) TimerEvent: {}
[11.177700] (-) TimerEvent: {}
[11.278613] (-) TimerEvent: {}
[11.379148] (-) TimerEvent: {}
[11.473698] (qcar2_interfaces) JobEnded: {'identifier': 'qcar2_interfaces', 'rc': 0}
[11.474774] (-) EventReactorShutdown: {}
