[ 10%] Built target qcar2_interfaces__rosidl_generator_c
[ 12%] Built target qcar2_interfaces__cpp
[ 12%] Built target ament_cmake_python_copy_qcar2_interfaces
[ 23%] Built target qcar2_interfaces__rosidl_typesupport_introspection_c
[ 33%] Built target qcar2_interfaces__rosidl_typesupport_c
[ 43%] Built target qcar2_interfaces__rosidl_typesupport_fastrtps_c
[ 53%] Built target qcar2_interfaces__rosidl_typesupport_fastrtps_cpp
[ 64%] Built target qcar2_interfaces__rosidl_typesupport_cpp
[ 74%] Built target qcar2_interfaces__rosidl_typesupport_introspection_cpp
[ 74%] Built target qcar2_interfaces
[ 76%] Built target qcar2_interfaces__py
[ 84%] Built target qcar2_interfaces__rosidl_generator_py
[ 89%] Built target qcar2_interfaces__rosidl_typesupport_introspection_c__pyext
[ 94%] Built target qcar2_interfaces__rosidl_typesupport_c__pyext
[100%] Built target qcar2_interfaces__rosidl_typesupport_fastrtps_c__pyext
running egg_info
writing qcar2_interfaces.egg-info/PKG-INFO
writing dependency_links to qcar2_interfaces.egg-info/dependency_links.txt
writing top-level names to qcar2_interfaces.egg-info/top_level.txt
reading manifest file 'qcar2_interfaces.egg-info/SOURCES.txt'
writing manifest file 'qcar2_interfaces.egg-info/SOURCES.txt'
[100%] Built target ament_cmake_python_build_qcar2_interfaces_egg
