[0.167s] Invoking command in '/workspaces/isaac_ros-dev/build/qcar2_interfaces': CMAKE_PREFIX_PATH=${CMAKE_PREFIX_PATH}:/workspaces/isaac_ros-dev/install/qcar2_autonomy:/workspaces/isaac_ros-dev/install/acc_2026_project:/workspace/cartographer_ws/install/isaac_ros_test:/opt/ros/humble _=/usr/bin/env /usr/bin/cmake --build /workspaces/isaac_ros-dev/build/qcar2_interfaces -- -j16 -l16
[0.228s] [ 10%] Built target qcar2_interfaces__rosidl_generator_c
[0.232s] [ 12%] Built target qcar2_interfaces__cpp
[0.241s] [ 12%] Built target ament_cmake_python_copy_qcar2_interfaces
[0.273s] [ 23%] Built target qcar2_interfaces__rosidl_typesupport_introspection_c
[0.279s] [ 33%] Built target qcar2_interfaces__rosidl_typesupport_c
[0.283s] [ 43%] Built target qcar2_interfaces__rosidl_typesupport_fastrtps_c
[0.283s] [ 53%] Built target qcar2_interfaces__rosidl_typesupport_fastrtps_cpp
[0.284s] [ 64%] Built target qcar2_interfaces__rosidl_typesupport_cpp
[0.291s] [ 74%] Built target qcar2_interfaces__rosidl_typesupport_introspection_cpp
[0.330s] [ 74%] Built target qcar2_interfaces
[0.365s] [ 76%] Built target qcar2_interfaces__py
[0.408s] [ 84%] Built target qcar2_interfaces__rosidl_generator_py
[0.452s] [ 89%] Built target qcar2_interfaces__rosidl_typesupport_introspection_c__pyext
[0.455s] [ 94%] Built target qcar2_interfaces__rosidl_typesupport_c__pyext
[0.455s] [100%] Built target qcar2_interfaces__rosidl_typesupport_fastrtps_c__pyext
[0.709s] running egg_info
[0.723s] writing qcar2_interfaces.egg-info/PKG-INFO
[0.724s] writing dependency_links to qcar2_interfaces.egg-info/dependency_links.txt
[0.724s] writing top-level names to qcar2_interfaces.egg-info/top_level.txt
[0.766s] reading manifest file 'qcar2_interfaces.egg-info/SOURCES.txt'
[0.766s] writing manifest file 'qcar2_interfaces.egg-info/SOURCES.txt'
[0.828s] [100%] Built target ament_cmake_python_build_qcar2_interfaces_egg
[0.838s] Invoked command in '/workspaces/isaac_ros-dev/build/qcar2_interfaces' returned '0': CMAKE_PREFIX_PATH=${CMAKE_PREFIX_PATH}:/workspaces/isaac_ros-dev/install/qcar2_autonomy:/workspaces/isaac_ros-dev/install/acc_2026_project:/workspace/cartographer_ws/install/isaac_ros_test:/opt/ros/humble _=/usr/bin/env /usr/bin/cmake --build /workspaces/isaac_ros-dev/build/qcar2_interfaces -- -j16 -l16
