/workspaces/isaac_ros-dev/install/qcar2_autonomy/lib/python3.8/site-packages/autonomy/trip_planner.py
/workspaces/isaac_ros-dev/install/qcar2_autonomy/lib/python3.8/site-packages/autonomy/__init__.py
/workspaces/isaac_ros-dev/install/qcar2_autonomy/lib/python3.8/site-packages/autonomy/yolo_detector.py
/workspaces/isaac_ros-dev/install/qcar2_autonomy/lib/python3.8/site-packages/autonomy/traffic_system_detector.py
/workspaces/isaac_ros-dev/install/qcar2_autonomy/lib/python3.8/site-packages/autonomy/nav_to_pose.py
/workspaces/isaac_ros-dev/install/qcar2_autonomy/lib/python3.8/site-packages/autonomy/__pycache__/trip_planner.cpython-38.pyc
/workspaces/isaac_ros-dev/install/qcar2_autonomy/lib/python3.8/site-packages/autonomy/__pycache__/__init__.cpython-38.pyc
/workspaces/isaac_ros-dev/install/qcar2_autonomy/lib/python3.8/site-packages/autonomy/__pycache__/yolo_detector.cpython-38.pyc
/workspaces/isaac_ros-dev/install/qcar2_autonomy/lib/python3.8/site-packages/autonomy/__pycache__/traffic_system_detector.cpython-38.pyc
/workspaces/isaac_ros-dev/install/qcar2_autonomy/lib/python3.8/site-packages/autonomy/__pycache__/nav_to_pose.cpython-38.pyc
/workspaces/isaac_ros-dev/install/qcar2_autonomy/share/ament_index/resource_index/packages/qcar2_autonomy
/workspaces/isaac_ros-dev/install/qcar2_autonomy/share/qcar2_autonomy/package.xml
/workspaces/isaac_ros-dev/install/qcar2_autonomy/share/qcar2_autonomy/launch/autonomy_planner_launch.py
/workspaces/isaac_ros-dev/install/qcar2_autonomy/lib/python3.8/site-packages/qcar2_autonomy-0.0.0-py3.8.egg-info/zip-safe
/workspaces/isaac_ros-dev/install/qcar2_autonomy/lib/python3.8/site-packages/qcar2_autonomy-0.0.0-py3.8.egg-info/dependency_links.txt
/workspaces/isaac_ros-dev/install/qcar2_autonomy/lib/python3.8/site-packages/qcar2_autonomy-0.0.0-py3.8.egg-info/PKG-INFO
/workspaces/isaac_ros-dev/install/qcar2_autonomy/lib/python3.8/site-packages/qcar2_autonomy-0.0.0-py3.8.egg-info/requires.txt
/workspaces/isaac_ros-dev/install/qcar2_autonomy/lib/python3.8/site-packages/qcar2_autonomy-0.0.0-py3.8.egg-info/SOURCES.txt
/workspaces/isaac_ros-dev/install/qcar2_autonomy/lib/python3.8/site-packages/qcar2_autonomy-0.0.0-py3.8.egg-info/top_level.txt
/workspaces/isaac_ros-dev/install/qcar2_autonomy/lib/python3.8/site-packages/qcar2_autonomy-0.0.0-py3.8.egg-info/entry_points.txt
/workspaces/isaac_ros-dev/install/qcar2_autonomy/lib/qcar2_autonomy/lane_detector
/workspaces/isaac_ros-dev/install/qcar2_autonomy/lib/qcar2_autonomy/path_follower
/workspaces/isaac_ros-dev/install/qcar2_autonomy/lib/qcar2_autonomy/traffic_system_detector
/workspaces/isaac_ros-dev/install/qcar2_autonomy/lib/qcar2_autonomy/trip_planner
/workspaces/isaac_ros-dev/install/qcar2_autonomy/lib/qcar2_autonomy/yolo_detector
