[0.000000] (-) TimerEvent: {}
[0.000431] (-) JobUnselected: {'identifier': 'isaac_ros_apriltag_interfaces'}
[0.000725] (-) JobUnselected: {'identifier': 'isaac_ros_bi3d_interfaces'}
[0.000918] (-) JobUnselected: {'identifier': 'isaac_ros_common'}
[0.000998] (-) JobUnselected: {'identifier': 'isaac_ros_nitros_bridge_interfaces'}
[0.001103] (-) JobUnselected: {'identifier': 'isaac_ros_nova_interfaces'}
[0.001128] (-) JobUnselected: {'identifier': 'isaac_ros_pointcloud_interfaces'}
[0.001156] (-) JobUnselected: {'identifier': 'isaac_ros_tensor_list_interfaces'}
[0.001251] (-) JobUnselected: {'identifier': 'isaac_ros_test'}
[0.001271] (-) JobUnselected: {'identifier': 'qcar2_autonomy'}
[0.001284] (-) JobUnselected: {'identifier': 'qcar2_interfaces'}
[0.001297] (-) JobUnselected: {'identifier': 'qcar2_nodes'}
[0.001311] (-) JobUnselected: {'identifier': 'teleop_twist_keyboard'}
[0.001327] (acc_2026_project) JobQueued: {'identifier': 'acc_2026_project', 'dependencies': OrderedDict([('qcar2_interfaces', '/workspaces/isaac_ros-dev/install/qcar2_interfaces')])}
[0.001350] (acc_2026_project) JobStarted: {'identifier': 'acc_2026_project'}
[0.099688] (-) TimerEvent: {}
[0.200347] (-) TimerEvent: {}
[0.300862] (-) TimerEvent: {}
[0.401341] (-) TimerEvent: {}
[0.502197] (-) TimerEvent: {}
[0.602658] (-) TimerEvent: {}
[0.703196] (-) TimerEvent: {}
[0.803667] (-) TimerEvent: {}
[0.904102] (-) TimerEvent: {}
[1.004448] (-) TimerEvent: {}
[1.104789] (-) TimerEvent: {}
[1.205075] (-) TimerEvent: {}
[1.305389] (-) TimerEvent: {}
[1.405740] (-) TimerEvent: {}
[1.506151] (-) TimerEvent: {}
[1.531390] (acc_2026_project) Command: {'cmd': ['/usr/bin/python3', 'setup.py', 'egg_info', '--egg-base', '../../build/acc_2026_project', 'build', '--build-base', '/workspaces/isaac_ros-dev/build/acc_2026_project/build', 'install', '--record', '/workspaces/isaac_ros-dev/build/acc_2026_project/install.log', '--single-version-externally-managed'], 'cwd': '/workspaces/isaac_ros-dev/src/acc_2026_project', 'env': {'NPP_VERSION': '11.8.0.86', 'SHELL': '/bin/bash', 'ROS_VERSION': '2', 'NVIDIA_VISIBLE_DEVICES': 'all', 'DALI_BUILD': '5838886', 'CUSOLVER_VERSION': '11.4.1.48', 'USER_UID': '1000', 'CUBLAS_VERSION': '11.11.3.6', 'PKG_CONFIG_PATH': '/workspace/cartographer_ws/install/cartographer/lib/x86_64-linux-gnu/pkgconfig:/workspace/cartographer_ws/install/cartographer/lib/pkgconfig', 'ROS_PYTHON_VERSION': '3', 'HOSTNAME': 'mohammadsal-IdeaPad-Slim-3-14IRH8', 'DCGM_VERSION': '2.2.9', 'CUFFT_VERSION': '10.9.0.58', 'NVIDIA_REQUIRE_CUDA': 'cuda>=9.0', 'CUDA_CACHE_DISABLE': '1', 'NCCL_VERSION': '2.15.1', 'CUSPARSE_VERSION': '11.7.5.86', 'ENV': '/etc/shinit_v2', 'PWD': '/workspaces/isaac_ros-dev/build/acc_2026_project', 'OPENUCX_VERSION': '1.14.0', 'NSIGHT_SYSTEMS_VERSION': '2022.3.1.43', 'NVIDIA_DRIVER_CAPABILITIES': 'compute,utility,video', 'POLYGRAPHY_VERSION': '0.38.0', 'TF_ENABLE_WINOGRAD_NONFUSED': '1', 'TRT_VERSION': '8.5.0.12', 'USER_GID': '1000', 'NVIDIA_PRODUCT_NAME': 'Triton Server', 'RDMACORE_VERSION': '36.0', 'NVIDIA_CPU_ONLY': '1', 'HOME': '/home/admin', 'USERNAME': 'admin', 'LANG': 'en_US.UTF-8', 'CUDA_VERSION': '11.8.0.062', 'CURAND_VERSION': '10.3.0.86', 'AMENT_PREFIX_PATH': '/workspaces/isaac_ros-dev/install/qcar2_nodes:/workspaces/isaac_ros-dev/install/qcar2_autonomy:/workspaces/isaac_ros-dev/install/qcar2_interfaces:/workspace/cartographer_ws/install/perception_pcl:/workspace/cartographer_ws/install/pcl_ros:/workspace/cartographer_ws/install/cartographer_rviz:/workspace/cartographer_ws/install/cartographer_ros:/workspace/cartographer_ws/install/pcl_conversions:/workspace/cartographer_ws/install/pcl_msgs:/workspace/cartographer_ws/install/isaac_ros_test:/workspace/cartographer_ws/install/isaac_ros_tensor_list_interfaces:/workspace/cartographer_ws/install/isaac_ros_pointcloud_interfaces:/workspace/cartographer_ws/install/isaac_ros_nova_interfaces:/workspace/cartographer_ws/install/isaac_ros_nitros_bridge_interfaces:/workspace/cartographer_ws/install/isaac_ros_common:/workspace/cartographer_ws/install/isaac_ros_bi3d_interfaces:/workspace/cartographer_ws/install/isaac_ros_apriltag_interfaces:/workspace/cartographer_ws/install/control_msgs:/workspace/cartographer_ws/install/cartographer_ros_msgs:/opt/ros/humble', 'CMAKE_PREFIX_PATH': '/workspaces/isaac_ros-dev/install/qcar2_interfaces:/workspaces/isaac_ros-dev/install/qcar2_nodes:/workspace/cartographer_ws/install/perception_pcl:/workspace/cartographer_ws/install/pcl_ros:/workspace/cartographer_ws/install/cartographer_rviz:/workspace/cartographer_ws/install/cartographer_ros:/workspace/cartographer_ws/install/pcl_conversions:/workspace/cartographer_ws/install/pcl_msgs:/workspace/cartographer_ws/install/isaac_ros_tensor_list_interfaces:/workspace/cartographer_ws/install/isaac_ros_pointcloud_interfaces:/workspace/cartographer_ws/install/isaac_ros_nova_interfaces:/workspace/cartographer_ws/install/isaac_ros_nitros_bridge_interfaces:/workspace/cartographer_ws/install/isaac_ros_common:/workspace/cartographer_ws/install/isaac_ros_bi3d_interfaces:/workspace/cartographer_ws/install/isaac_ros_apriltag_interfaces:/workspace/cartographer_ws/install/control_msgs:/workspace/cartographer_ws/install/cartographer_ros_msgs:/workspace/cartographer_ws/install/cartographer:/workspace/cartographer_ws/install/absl', 'COLCON_PREFIX_PATH': '/workspaces/isaac_ros-dev/install:/workspace/cartographer_ws/install', 'CUTENSOR_VERSION': '1.6.1.5', 'TRITON_SERVER_GPU_ENABLED': '1', 'HPCX_VERSION': '2.12.1a0', 'PYTHONPATH': '/workspaces/isaac_ros-dev/build/acc_2026_project/prefix_override:/workspaces/isaac_ros-dev/install/acc_2026_project/lib/python3.8/site-packages:/workspaces/isaac_ros-dev/install/qcar2_interfaces/lib/python3.8/site-packages:/workspaces/isaac_ros-dev/install/qcar2_autonomy/lib/python3.8/site-packages:/workspace/cartographer_ws/install/pcl_msgs/lib/python3.8/site-packages:/workspace/cartographer_ws/build/isaac_ros_test:/workspace/cartographer_ws/install/isaac_ros_test/lib/python3.8/site-packages:/workspace/cartographer_ws/install/isaac_ros_tensor_list_interfaces/lib/python3.8/site-packages:/workspace/cartographer_ws/install/isaac_ros_pointcloud_interfaces/lib/python3.8/site-packages:/workspace/cartographer_ws/install/isaac_ros_nova_interfaces/lib/python3.8/site-packages:/workspace/cartographer_ws/install/isaac_ros_nitros_bridge_interfaces/lib/python3.8/site-packages:/workspace/cartographer_ws/install/isaac_ros_bi3d_interfaces/lib/python3.8/site-packages:/workspace/cartographer_ws/install/isaac_ros_apriltag_interfaces/lib/python3.8/site-packages:/workspace/cartographer_ws/install/control_msgs/lib/python3.8/site-packages:/workspace/cartographer_ws/install/cartographer_ros_msgs/lib/python3.8/site-packages:/opt/ros/humble/lib/python3.8/site-packages:/home/Quanser/0_libraries/python', 'COLCON': '1', 'TERM': 'xterm', 'TRITON_SERVER_VERSION': '2.26.0', 'GDRCOPY_VERSION': '2.3', 'OPENMPI_VERSION': '4.1.4', 'NVJPEG_VERSION': '11.9.0.86', 'LIBRARY_PATH': '/usr/local/cuda/lib64/stubs:', 'DISPLAY': ':0', 'SHLVL': '1', 'BASH_ENV': '/etc/bash.bashrc', 'TF_AUTOTUNE_THRESHOLD': '2', 'CUDNN_VERSION': '8.6.0.163', 'NSIGHT_COMPUTE_VERSION': '2022.3.0.22', 'DALI_VERSION': '1.17.0', 'NVIDIA_TRITON_SERVER_VERSION': '22.09', 'LD_LIBRARY_PATH': '/workspaces/isaac_ros-dev/install/qcar2_interfaces/lib:/workspace/cartographer_ws/install/pcl_ros/lib:/workspace/cartographer_ws/install/cartographer_rviz/lib:/workspace/cartographer_ws/install/cartographer_ros/lib:/workspace/cartographer_ws/install/pcl_msgs/lib:/workspace/cartographer_ws/install/isaac_ros_tensor_list_interfaces/lib:/workspace/cartographer_ws/install/isaac_ros_pointcloud_interfaces/lib:/workspace/cartographer_ws/install/isaac_ros_nova_interfaces/lib:/workspace/cartographer_ws/install/isaac_ros_nitros_bridge_interfaces/lib:/workspace/cartographer_ws/install/isaac_ros_common/lib:/workspace/cartographer_ws/install/isaac_ros_bi3d_interfaces/lib:/workspace/cartographer_ws/install/isaac_ros_apriltag_interfaces/lib:/workspace/cartographer_ws/install/control_msgs/lib:/workspace/cartographer_ws/install/cartographer_ros_msgs/lib:/opt/ros/humble/opt/rviz_ogre_vendor/lib:/opt/ros/humble/lib/x86_64-linux-gnu:/opt/ros/humble/lib:/opt/tritonserver/backends/onnxruntime:/usr/local/cuda/compat/lib:/usr/local/nvidia/lib:/usr/local/nvidia/lib64:/opt/tritonserver/lib', 'NVIDIA_BUILD_ID': '44909143', 'ROS_LOCALHOST_ONLY': '0', 'OMPI_MCA_coll_hcoll_enable': '0', 'OPAL_PREFIX': '/opt/hpcx/ompi', 'CUDA_DRIVER_VERSION': '520.61.03', '_CUDA_COMPAT_PATH': '/usr/local/cuda/compat', 'PATH': '/workspace/cartographer_ws/install/cartographer/bin:/opt/ros/humble/bin:/opt/tritonserver/bin:/usr/local/mpi/bin:/usr/local/nvidia/bin:/usr/local/cuda/bin:/usr/local/sbin:/usr/local/bin:/usr/sbin:/usr/bin:/sbin:/bin:/usr/local/ucx/bin:/opt/nvidia/tao', 'TRITON_SERVER_USER': 'triton-server', 'PYTHONWARNINGS': 'ignore:::setuptools.command.install,ignore:::setuptools.command.easy_install,ignore:::pkg_resources', 'MOFED_VERSION': '5.4-rdmacore36.0', 'TRTOSS_VERSION': '', 'DEBIAN_FRONTEND': 'noninteractive', 'ROS_ROOT': '/opt/ros/humble', 'ROS_DISTRO': 'humble', 'TF_ADJUST_HUE_FUSED': '1', 'TF_ADJUST_SATURATION_FUSED': '1', 'SHARP_COLL_ENABLE_CUDA': '0', 'RMW_IMPLEMENTATION': 'rmw_fastrtps_cpp', 'OLDPWD': '/workspaces/isaac_ros-dev', '_': '/usr/bin/env'}, 'shell': False}
[1.606321] (-) TimerEvent: {}
[1.706775] (-) TimerEvent: {}
[1.807106] (-) TimerEvent: {}
[1.907458] (-) TimerEvent: {}
[1.954679] (acc_2026_project) StdoutLine: {'line': b'running egg_info\n'}
[1.955485] (acc_2026_project) StdoutLine: {'line': b'creating ../../build/acc_2026_project/acc_2026_project.egg-info\n'}
[1.967434] (acc_2026_project) StdoutLine: {'line': b'writing ../../build/acc_2026_project/acc_2026_project.egg-info/PKG-INFO\n'}
[1.967704] (acc_2026_project) StdoutLine: {'line': b'writing dependency_links to ../../build/acc_2026_project/acc_2026_project.egg-info/dependency_links.txt\n'}
[1.967874] (acc_2026_project) StdoutLine: {'line': b'writing entry points to ../../build/acc_2026_project/acc_2026_project.egg-info/entry_points.txt\n'}
[1.968074] (acc_2026_project) StdoutLine: {'line': b'writing requirements to ../../build/acc_2026_project/acc_2026_project.egg-info/requires.txt\n'}
[1.968259] (acc_2026_project) StdoutLine: {'line': b'writing top-level names to ../../build/acc_2026_project/acc_2026_project.egg-info/top_level.txt\n'}
[1.968399] (acc_2026_project) StdoutLine: {'line': b"writing manifest file '../../build/acc_2026_project/acc_2026_project.egg-info/SOURCES.txt'\n"}
[1.993428] (acc_2026_project) StdoutLine: {'line': b"reading manifest file '../../build/acc_2026_project/acc_2026_project.egg-info/SOURCES.txt'\n"}
[1.995191] (acc_2026_project) StdoutLine: {'line': b"writing manifest file '../../build/acc_2026_project/acc_2026_project.egg-info/SOURCES.txt'\n"}
[1.995611] (acc_2026_project) StdoutLine: {'line': b'running build\n'}
[1.995766] (acc_2026_project) StdoutLine: {'line': b'running build_py\n'}
[1.995950] (acc_2026_project) StdoutLine: {'line': b'creating /workspaces/isaac_ros-dev/build/acc_2026_project/build\n'}
[1.996144] (acc_2026_project) StdoutLine: {'line': b'creating /workspaces/isaac_ros-dev/build/acc_2026_project/build/lib\n'}
[1.996363] (acc_2026_project) StdoutLine: {'line': b'creating /workspaces/isaac_ros-dev/build/acc_2026_project/build/lib/acc_2026_project\n'}
[1.997187] (acc_2026_project) StdoutLine: {'line': b'copying acc_2026_project/osman_dembiala.py -> /workspaces/isaac_ros-dev/build/acc_2026_project/build/lib/acc_2026_project\n'}
[1.997399] (acc_2026_project) StdoutLine: {'line': b'copying acc_2026_project/QCar2_lane_following.py -> /workspaces/isaac_ros-dev/build/acc_2026_project/build/lib/acc_2026_project\n'}
[1.997515] (acc_2026_project) StdoutLine: {'line': b'copying acc_2026_project/check_setup.py -> /workspaces/isaac_ros-dev/build/acc_2026_project/build/lib/acc_2026_project\n'}
[1.997583] (acc_2026_project) StdoutLine: {'line': b'copying acc_2026_project/__init__.py -> /workspaces/isaac_ros-dev/build/acc_2026_project/build/lib/acc_2026_project\n'}
[1.997642] (acc_2026_project) StdoutLine: {'line': b'copying acc_2026_project/qcar.py -> /workspaces/isaac_ros-dev/build/acc_2026_project/build/lib/acc_2026_project\n'}
[1.997737] (acc_2026_project) StdoutLine: {'line': b'copying acc_2026_project/check_all_cameras.py -> /workspaces/isaac_ros-dev/build/acc_2026_project/build/lib/acc_2026_project\n'}
[1.997833] (acc_2026_project) StdoutLine: {'line': b'copying acc_2026_project/fawzi.py -> /workspaces/isaac_ros-dev/build/acc_2026_project/build/lib/acc_2026_project\n'}
[1.997886] (acc_2026_project) StdoutLine: {'line': b'copying acc_2026_project/lane_follower.py -> /workspaces/isaac_ros-dev/build/acc_2026_project/build/lib/acc_2026_project\n'}
[1.997943] (acc_2026_project) StdoutLine: {'line': b'copying acc_2026_project/install.py -> /workspaces/isaac_ros-dev/build/acc_2026_project/build/lib/acc_2026_project\n'}
[1.998012] (acc_2026_project) StdoutLine: {'line': b'copying acc_2026_project/zaid.py -> /workspaces/isaac_ros-dev/build/acc_2026_project/build/lib/acc_2026_project\n'}
[1.998122] (acc_2026_project) StdoutLine: {'line': b'creating /workspaces/isaac_ros-dev/build/acc_2026_project/build/lib/acc_2026_project/Quanser_Interactive_Labs_Resources\n'}
[1.998307] (acc_2026_project) StdoutLine: {'line': b'copying acc_2026_project/Quanser_Interactive_Labs_Resources/__init__.py -> /workspaces/isaac_ros-dev/build/acc_2026_project/build/lib/acc_2026_project/Quanser_Interactive_Labs_Resources\n'}
[1.998402] (acc_2026_project) StdoutLine: {'line': b'copying acc_2026_project/Quanser_Interactive_Labs_Resources/install.py -> /workspaces/isaac_ros-dev/build/acc_2026_project/build/lib/acc_2026_project/Quanser_Interactive_Labs_Resources\n'}
[1.998454] (acc_2026_project) StdoutLine: {'line': b'creating /workspaces/isaac_ros-dev/build/acc_2026_project/build/lib/acc_2026_project/pal\n'}
[1.998502] (acc_2026_project) StdoutLine: {'line': b'copying acc_2026_project/pal/__init__.py -> /workspaces/isaac_ros-dev/build/acc_2026_project/build/lib/acc_2026_project/pal\n'}
[1.998711] (acc_2026_project) StdoutLine: {'line': b'creating /workspaces/isaac_ros-dev/build/acc_2026_project/build/lib/acc_2026_project/Quanser_Interactive_Labs_Resources/tutorials\n'}
[1.998788] (acc_2026_project) StdoutLine: {'line': b'copying acc_2026_project/Quanser_Interactive_Labs_Resources/tutorials/shredder_tutorial.py -> /workspaces/isaac_ros-dev/build/acc_2026_project/build/lib/acc_2026_project/Quanser_Interactive_Labs_Resources/tutorials\n'}
[1.998897] (acc_2026_project) StdoutLine: {'line': b'copying acc_2026_project/Quanser_Interactive_Labs_Resources/tutorials/conveyor_tutorial.py -> /workspaces/isaac_ros-dev/build/acc_2026_project/build/lib/acc_2026_project/Quanser_Interactive_Labs_Resources/tutorials\n'}
[1.999002] (acc_2026_project) StdoutLine: {'line': b'copying acc_2026_project/Quanser_Interactive_Labs_Resources/tutorials/road_signage_tutorial.py -> /workspaces/isaac_ros-dev/build/acc_2026_project/build/lib/acc_2026_project/Quanser_Interactive_Labs_Resources/tutorials\n'}
[1.999104] (acc_2026_project) StdoutLine: {'line': b'copying acc_2026_project/Quanser_Interactive_Labs_Resources/tutorials/camera_tutorial.py -> /workspaces/isaac_ros-dev/build/acc_2026_project/build/lib/acc_2026_project/Quanser_Interactive_Labs_Resources/tutorials\n'}
[1.999192] (acc_2026_project) StdoutLine: {'line': b'copying acc_2026_project/Quanser_Interactive_Labs_Resources/tutorials/crosswalk_tutorial.py -> /workspaces/isaac_ros-dev/build/acc_2026_project/build/lib/acc_2026_project/Quanser_Interactive_Labs_Resources/tutorials\n'}
[1.999319] (acc_2026_project) StdoutLine: {'line': b'copying acc_2026_project/Quanser_Interactive_Labs_Resources/tutorials/traffic_cones_tutorial.py -> /workspaces/isaac_ros-dev/build/acc_2026_project/build/lib/acc_2026_project/Quanser_Interactive_Labs_Resources/tutorials\n'}
[1.999470] (acc_2026_project) StdoutLine: {'line': b'copying acc_2026_project/Quanser_Interactive_Labs_Resources/tutorials/complete_road_signage_tutorial.py -> /workspaces/isaac_ros-dev/build/acc_2026_project/build/lib/acc_2026_project/Quanser_Interactive_Labs_Resources/tutorials\n'}
[1.999611] (acc_2026_project) StdoutLine: {'line': b'copying acc_2026_project/Quanser_Interactive_Labs_Resources/tutorials/qcar_floor_mats_tutorial.py -> /workspaces/isaac_ros-dev/build/acc_2026_project/build/lib/acc_2026_project/Quanser_Interactive_Labs_Resources/tutorials\n'}
[1.999763] (acc_2026_project) StdoutLine: {'line': b'copying acc_2026_project/Quanser_Interactive_Labs_Resources/tutorials/people_tutorial.py -> /workspaces/isaac_ros-dev/build/acc_2026_project/build/lib/acc_2026_project/Quanser_Interactive_Labs_Resources/tutorials\n'}
[1.999819] (acc_2026_project) StdoutLine: {'line': b'copying acc_2026_project/Quanser_Interactive_Labs_Resources/tutorials/__init__.py -> /workspaces/isaac_ros-dev/build/acc_2026_project/build/lib/acc_2026_project/Quanser_Interactive_Labs_Resources/tutorials\n'}
[1.999887] (acc_2026_project) StdoutLine: {'line': b'copying acc_2026_project/Quanser_Interactive_Labs_Resources/tutorials/qcar2_tutorial.py -> /workspaces/isaac_ros-dev/build/acc_2026_project/build/lib/acc_2026_project/Quanser_Interactive_Labs_Resources/tutorials\n'}
[1.999979] (acc_2026_project) StdoutLine: {'line': b'copying acc_2026_project/Quanser_Interactive_Labs_Resources/tutorials/qdrone2_tutorial.py -> /workspaces/isaac_ros-dev/build/acc_2026_project/build/lib/acc_2026_project/Quanser_Interactive_Labs_Resources/tutorials\n'}
[2.000046] (acc_2026_project) StdoutLine: {'line': b'copying acc_2026_project/Quanser_Interactive_Labs_Resources/tutorials/walls_tutorial.py -> /workspaces/isaac_ros-dev/build/acc_2026_project/build/lib/acc_2026_project/Quanser_Interactive_Labs_Resources/tutorials\n'}
[2.000096] (acc_2026_project) StdoutLine: {'line': b'copying acc_2026_project/Quanser_Interactive_Labs_Resources/tutorials/office_tutorial.py -> /workspaces/isaac_ros-dev/build/acc_2026_project/build/lib/acc_2026_project/Quanser_Interactive_Labs_Resources/tutorials\n'}
[2.000175] (acc_2026_project) StdoutLine: {'line': b'copying acc_2026_project/Quanser_Interactive_Labs_Resources/tutorials/splines_tutorial.py -> /workspaces/isaac_ros-dev/build/acc_2026_project/build/lib/acc_2026_project/Quanser_Interactive_Labs_Resources/tutorials\n'}
[2.000360] (acc_2026_project) StdoutLine: {'line': b'copying acc_2026_project/Quanser_Interactive_Labs_Resources/tutorials/widgets_tutorial.py -> /workspaces/isaac_ros-dev/build/acc_2026_project/build/lib/acc_2026_project/Quanser_Interactive_Labs_Resources/tutorials\n'}
[2.000452] (acc_2026_project) StdoutLine: {'line': b'copying acc_2026_project/Quanser_Interactive_Labs_Resources/tutorials/office_tutorial2.py -> /workspaces/isaac_ros-dev/build/acc_2026_project/build/lib/acc_2026_project/Quanser_Interactive_Labs_Resources/tutorials\n'}
[2.000510] (acc_2026_project) StdoutLine: {'line': b'copying acc_2026_project/Quanser_Interactive_Labs_Resources/tutorials/multiagent_tutorial.py -> /workspaces/isaac_ros-dev/build/acc_2026_project/build/lib/acc_2026_project/Quanser_Interactive_Labs_Resources/tutorials\n'}
[2.000572] (acc_2026_project) StdoutLine: {'line': b'copying acc_2026_project/Quanser_Interactive_Labs_Resources/tutorials/traffic_lights_tutorial.py -> /workspaces/isaac_ros-dev/build/acc_2026_project/build/lib/acc_2026_project/Quanser_Interactive_Labs_Resources/tutorials\n'}
[2.000625] (acc_2026_project) StdoutLine: {'line': b'copying acc_2026_project/Quanser_Interactive_Labs_Resources/tutorials/basic_shapes_tutorial.py -> /workspaces/isaac_ros-dev/build/acc_2026_project/build/lib/acc_2026_project/Quanser_Interactive_Labs_Resources/tutorials\n'}
[2.000677] (acc_2026_project) StdoutLine: {'line': b'copying acc_2026_project/Quanser_Interactive_Labs_Resources/tutorials/qcar_tutorial.py -> /workspaces/isaac_ros-dev/build/acc_2026_project/build/lib/acc_2026_project/Quanser_Interactive_Labs_Resources/tutorials\n'}
[2.000762] (acc_2026_project) StdoutLine: {'line': b'copying acc_2026_project/Quanser_Interactive_Labs_Resources/tutorials/weather_tutorial.py -> /workspaces/isaac_ros-dev/build/acc_2026_project/build/lib/acc_2026_project/Quanser_Interactive_Labs_Resources/tutorials\n'}
[2.000816] (acc_2026_project) StdoutLine: {'line': b'copying acc_2026_project/Quanser_Interactive_Labs_Resources/tutorials/wall_maze_tutorial.py -> /workspaces/isaac_ros-dev/build/acc_2026_project/build/lib/acc_2026_project/Quanser_Interactive_Labs_Resources/tutorials\n'}
[2.000880] (acc_2026_project) StdoutLine: {'line': b'copying acc_2026_project/Quanser_Interactive_Labs_Resources/tutorials/animals_tutorial.py -> /workspaces/isaac_ros-dev/build/acc_2026_project/build/lib/acc_2026_project/Quanser_Interactive_Labs_Resources/tutorials\n'}
[2.001615] (acc_2026_project) StdoutLine: {'line': b'running install\n'}
[2.007562] (-) TimerEvent: {}
[2.007812] (acc_2026_project) StdoutLine: {'line': b'running install_lib\n'}
[2.021504] (acc_2026_project) StdoutLine: {'line': b'creating /workspaces/isaac_ros-dev/install/acc_2026_project/lib/python3.8/site-packages/acc_2026_project\n'}
[2.021744] (acc_2026_project) StdoutLine: {'line': b'copying /workspaces/isaac_ros-dev/build/acc_2026_project/build/lib/acc_2026_project/osman_dembiala.py -> /workspaces/isaac_ros-dev/install/acc_2026_project/lib/python3.8/site-packages/acc_2026_project\n'}
[2.021817] (acc_2026_project) StdoutLine: {'line': b'copying /workspaces/isaac_ros-dev/build/acc_2026_project/build/lib/acc_2026_project/QCar2_lane_following.py -> /workspaces/isaac_ros-dev/install/acc_2026_project/lib/python3.8/site-packages/acc_2026_project\n'}
[2.021945] (acc_2026_project) StdoutLine: {'line': b'copying /workspaces/isaac_ros-dev/build/acc_2026_project/build/lib/acc_2026_project/check_setup.py -> /workspaces/isaac_ros-dev/install/acc_2026_project/lib/python3.8/site-packages/acc_2026_project\n'}
[2.022094] (acc_2026_project) StdoutLine: {'line': b'copying /workspaces/isaac_ros-dev/build/acc_2026_project/build/lib/acc_2026_project/__init__.py -> /workspaces/isaac_ros-dev/install/acc_2026_project/lib/python3.8/site-packages/acc_2026_project\n'}
[2.022274] (acc_2026_project) StdoutLine: {'line': b'copying /workspaces/isaac_ros-dev/build/acc_2026_project/build/lib/acc_2026_project/qcar.py -> /workspaces/isaac_ros-dev/install/acc_2026_project/lib/python3.8/site-packages/acc_2026_project\n'}
[2.022579] (acc_2026_project) StdoutLine: {'line': b'copying /workspaces/isaac_ros-dev/build/acc_2026_project/build/lib/acc_2026_project/check_all_cameras.py -> /workspaces/isaac_ros-dev/install/acc_2026_project/lib/python3.8/site-packages/acc_2026_project\n'}
[2.022791] (acc_2026_project) StdoutLine: {'line': b'copying /workspaces/isaac_ros-dev/build/acc_2026_project/build/lib/acc_2026_project/fawzi.py -> /workspaces/isaac_ros-dev/install/acc_2026_project/lib/python3.8/site-packages/acc_2026_project\n'}
[2.023070] (acc_2026_project) StdoutLine: {'line': b'creating /workspaces/isaac_ros-dev/install/acc_2026_project/lib/python3.8/site-packages/acc_2026_project/Quanser_Interactive_Labs_Resources\n'}
[2.023272] (acc_2026_project) StdoutLine: {'line': b'copying /workspaces/isaac_ros-dev/build/acc_2026_project/build/lib/acc_2026_project/Quanser_Interactive_Labs_Resources/__init__.py -> /workspaces/isaac_ros-dev/install/acc_2026_project/lib/python3.8/site-packages/acc_2026_project/Quanser_Interactive_Labs_Resources\n'}
[2.023474] (acc_2026_project) StdoutLine: {'line': b'copying /workspaces/isaac_ros-dev/build/acc_2026_project/build/lib/acc_2026_project/Quanser_Interactive_Labs_Resources/install.py -> /workspaces/isaac_ros-dev/install/acc_2026_project/lib/python3.8/site-packages/acc_2026_project/Quanser_Interactive_Labs_Resources\n'}
[2.023650] (acc_2026_project) StdoutLine: {'line': b'creating /workspaces/isaac_ros-dev/install/acc_2026_project/lib/python3.8/site-packages/acc_2026_project/Quanser_Interactive_Labs_Resources/tutorials\n'}
[2.023829] (acc_2026_project) StdoutLine: {'line': b'copying /workspaces/isaac_ros-dev/build/acc_2026_project/build/lib/acc_2026_project/Quanser_Interactive_Labs_Resources/tutorials/shredder_tutorial.py -> /workspaces/isaac_ros-dev/install/acc_2026_project/lib/python3.8/site-packages/acc_2026_project/Quanser_Interactive_Labs_Resources/tutorials\n'}
[2.024024] (acc_2026_project) StdoutLine: {'line': b'copying /workspaces/isaac_ros-dev/build/acc_2026_project/build/lib/acc_2026_project/Quanser_Interactive_Labs_Resources/tutorials/conveyor_tutorial.py -> /workspaces/isaac_ros-dev/install/acc_2026_project/lib/python3.8/site-packages/acc_2026_project/Quanser_Interactive_Labs_Resources/tutorials\n'}
[2.024210] (acc_2026_project) StdoutLine: {'line': b'copying /workspaces/isaac_ros-dev/build/acc_2026_project/build/lib/acc_2026_project/Quanser_Interactive_Labs_Resources/tutorials/road_signage_tutorial.py -> /workspaces/isaac_ros-dev/install/acc_2026_project/lib/python3.8/site-packages/acc_2026_project/Quanser_Interactive_Labs_Resources/tutorials\n'}
[2.024508] (acc_2026_project) StdoutLine: {'line': b'copying /workspaces/isaac_ros-dev/build/acc_2026_project/build/lib/acc_2026_project/Quanser_Interactive_Labs_Resources/tutorials/camera_tutorial.py -> /workspaces/isaac_ros-dev/install/acc_2026_project/lib/python3.8/site-packages/acc_2026_project/Quanser_Interactive_Labs_Resources/tutorials\n'}
[2.024733] (acc_2026_project) StdoutLine: {'line': b'copying /workspaces/isaac_ros-dev/build/acc_2026_project/build/lib/acc_2026_project/Quanser_Interactive_Labs_Resources/tutorials/crosswalk_tutorial.py -> /workspaces/isaac_ros-dev/install/acc_2026_project/lib/python3.8/site-packages/acc_2026_project/Quanser_Interactive_Labs_Resources/tutorials\n'}
[2.024886] (acc_2026_project) StdoutLine: {'line': b'copying /workspaces/isaac_ros-dev/build/acc_2026_project/build/lib/acc_2026_project/Quanser_Interactive_Labs_Resources/tutorials/traffic_cones_tutorial.py -> /workspaces/isaac_ros-dev/install/acc_2026_project/lib/python3.8/site-packages/acc_2026_project/Quanser_Interactive_Labs_Resources/tutorials\n'}
[2.025126] (acc_2026_project) StdoutLine: {'line': b'copying /workspaces/isaac_ros-dev/build/acc_2026_project/build/lib/acc_2026_project/Quanser_Interactive_Labs_Resources/tutorials/complete_road_signage_tutorial.py -> /workspaces/isaac_ros-dev/install/acc_2026_project/lib/python3.8/site-packages/acc_2026_project/Quanser_Interactive_Labs_Resources/tutorials\n'}
[2.025293] (acc_2026_project) StdoutLine: {'line': b'copying /workspaces/isaac_ros-dev/build/acc_2026_project/build/lib/acc_2026_project/Quanser_Interactive_Labs_Resources/tutorials/qcar_floor_mats_tutorial.py -> /workspaces/isaac_ros-dev/install/acc_2026_project/lib/python3.8/site-packages/acc_2026_project/Quanser_Interactive_Labs_Resources/tutorials\n'}
[2.025426] (acc_2026_project) StdoutLine: {'line': b'copying /workspaces/isaac_ros-dev/build/acc_2026_project/build/lib/acc_2026_project/Quanser_Interactive_Labs_Resources/tutorials/people_tutorial.py -> /workspaces/isaac_ros-dev/install/acc_2026_project/lib/python3.8/site-packages/acc_2026_project/Quanser_Interactive_Labs_Resources/tutorials\n'}
[2.025641] (acc_2026_project) StdoutLine: {'line': b'copying /workspaces/isaac_ros-dev/build/acc_2026_project/build/lib/acc_2026_project/Quanser_Interactive_Labs_Resources/tutorials/__init__.py -> /workspaces/isaac_ros-dev/install/acc_2026_project/lib/python3.8/site-packages/acc_2026_project/Quanser_Interactive_Labs_Resources/tutorials\n'}
[2.025772] (acc_2026_project) StdoutLine: {'line': b'copying /workspaces/isaac_ros-dev/build/acc_2026_project/build/lib/acc_2026_project/Quanser_Interactive_Labs_Resources/tutorials/qcar2_tutorial.py -> /workspaces/isaac_ros-dev/install/acc_2026_project/lib/python3.8/site-packages/acc_2026_project/Quanser_Interactive_Labs_Resources/tutorials\n'}
[2.025831] (acc_2026_project) StdoutLine: {'line': b'copying /workspaces/isaac_ros-dev/build/acc_2026_project/build/lib/acc_2026_project/Quanser_Interactive_Labs_Resources/tutorials/qdrone2_tutorial.py -> /workspaces/isaac_ros-dev/install/acc_2026_project/lib/python3.8/site-packages/acc_2026_project/Quanser_Interactive_Labs_Resources/tutorials\n'}
[2.025885] (acc_2026_project) StdoutLine: {'line': b'copying /workspaces/isaac_ros-dev/build/acc_2026_project/build/lib/acc_2026_project/Quanser_Interactive_Labs_Resources/tutorials/walls_tutorial.py -> /workspaces/isaac_ros-dev/install/acc_2026_project/lib/python3.8/site-packages/acc_2026_project/Quanser_Interactive_Labs_Resources/tutorials\n'}
[2.025937] (acc_2026_project) StdoutLine: {'line': b'copying /workspaces/isaac_ros-dev/build/acc_2026_project/build/lib/acc_2026_project/Quanser_Interactive_Labs_Resources/tutorials/office_tutorial.py -> /workspaces/isaac_ros-dev/install/acc_2026_project/lib/python3.8/site-packages/acc_2026_project/Quanser_Interactive_Labs_Resources/tutorials\n'}
[2.026000] (acc_2026_project) StdoutLine: {'line': b'copying /workspaces/isaac_ros-dev/build/acc_2026_project/build/lib/acc_2026_project/Quanser_Interactive_Labs_Resources/tutorials/splines_tutorial.py -> /workspaces/isaac_ros-dev/install/acc_2026_project/lib/python3.8/site-packages/acc_2026_project/Quanser_Interactive_Labs_Resources/tutorials\n'}
[2.026051] (acc_2026_project) StdoutLine: {'line': b'copying /workspaces/isaac_ros-dev/build/acc_2026_project/build/lib/acc_2026_project/Quanser_Interactive_Labs_Resources/tutorials/widgets_tutorial.py -> /workspaces/isaac_ros-dev/install/acc_2026_project/lib/python3.8/site-packages/acc_2026_project/Quanser_Interactive_Labs_Resources/tutorials\n'}
[2.026102] (acc_2026_project) StdoutLine: {'line': b'copying /workspaces/isaac_ros-dev/build/acc_2026_project/build/lib/acc_2026_project/Quanser_Interactive_Labs_Resources/tutorials/office_tutorial2.py -> /workspaces/isaac_ros-dev/install/acc_2026_project/lib/python3.8/site-packages/acc_2026_project/Quanser_Interactive_Labs_Resources/tutorials\n'}
[2.026165] (acc_2026_project) StdoutLine: {'line': b'copying /workspaces/isaac_ros-dev/build/acc_2026_project/build/lib/acc_2026_project/Quanser_Interactive_Labs_Resources/tutorials/multiagent_tutorial.py -> /workspaces/isaac_ros-dev/install/acc_2026_project/lib/python3.8/site-packages/acc_2026_project/Quanser_Interactive_Labs_Resources/tutorials\n'}
[2.026222] (acc_2026_project) StdoutLine: {'line': b'copying /workspaces/isaac_ros-dev/build/acc_2026_project/build/lib/acc_2026_project/Quanser_Interactive_Labs_Resources/tutorials/traffic_lights_tutorial.py -> /workspaces/isaac_ros-dev/install/acc_2026_project/lib/python3.8/site-packages/acc_2026_project/Quanser_Interactive_Labs_Resources/tutorials\n'}
[2.026271] (acc_2026_project) StdoutLine: {'line': b'copying /workspaces/isaac_ros-dev/build/acc_2026_project/build/lib/acc_2026_project/Quanser_Interactive_Labs_Resources/tutorials/basic_shapes_tutorial.py -> /workspaces/isaac_ros-dev/install/acc_2026_project/lib/python3.8/site-packages/acc_2026_project/Quanser_Interactive_Labs_Resources/tutorials\n'}
[2.026333] (acc_2026_project) StdoutLine: {'line': b'copying /workspaces/isaac_ros-dev/build/acc_2026_project/build/lib/acc_2026_project/Quanser_Interactive_Labs_Resources/tutorials/qcar_tutorial.py -> /workspaces/isaac_ros-dev/install/acc_2026_project/lib/python3.8/site-packages/acc_2026_project/Quanser_Interactive_Labs_Resources/tutorials\n'}
[2.026385] (acc_2026_project) StdoutLine: {'line': b'copying /workspaces/isaac_ros-dev/build/acc_2026_project/build/lib/acc_2026_project/Quanser_Interactive_Labs_Resources/tutorials/weather_tutorial.py -> /workspaces/isaac_ros-dev/install/acc_2026_project/lib/python3.8/site-packages/acc_2026_project/Quanser_Interactive_Labs_Resources/tutorials\n'}
[2.026441] (acc_2026_project) StdoutLine: {'line': b'copying /workspaces/isaac_ros-dev/build/acc_2026_project/build/lib/acc_2026_project/Quanser_Interactive_Labs_Resources/tutorials/wall_maze_tutorial.py -> /workspaces/isaac_ros-dev/install/acc_2026_project/lib/python3.8/site-packages/acc_2026_project/Quanser_Interactive_Labs_Resources/tutorials\n'}
[2.026494] (acc_2026_project) StdoutLine: {'line': b'copying /workspaces/isaac_ros-dev/build/acc_2026_project/build/lib/acc_2026_project/Quanser_Interactive_Labs_Resources/tutorials/animals_tutorial.py -> /workspaces/isaac_ros-dev/install/acc_2026_project/lib/python3.8/site-packages/acc_2026_project/Quanser_Interactive_Labs_Resources/tutorials\n'}
[2.026547] (acc_2026_project) StdoutLine: {'line': b'creating /workspaces/isaac_ros-dev/install/acc_2026_project/lib/python3.8/site-packages/acc_2026_project/pal\n'}
[2.026605] (acc_2026_project) StdoutLine: {'line': b'copying /workspaces/isaac_ros-dev/build/acc_2026_project/build/lib/acc_2026_project/pal/__init__.py -> /workspaces/isaac_ros-dev/install/acc_2026_project/lib/python3.8/site-packages/acc_2026_project/pal\n'}
[2.026664] (acc_2026_project) StdoutLine: {'line': b'copying /workspaces/isaac_ros-dev/build/acc_2026_project/build/lib/acc_2026_project/lane_follower.py -> /workspaces/isaac_ros-dev/install/acc_2026_project/lib/python3.8/site-packages/acc_2026_project\n'}
[2.026716] (acc_2026_project) StdoutLine: {'line': b'copying /workspaces/isaac_ros-dev/build/acc_2026_project/build/lib/acc_2026_project/install.py -> /workspaces/isaac_ros-dev/install/acc_2026_project/lib/python3.8/site-packages/acc_2026_project\n'}
[2.026767] (acc_2026_project) StdoutLine: {'line': b'copying /workspaces/isaac_ros-dev/build/acc_2026_project/build/lib/acc_2026_project/zaid.py -> /workspaces/isaac_ros-dev/install/acc_2026_project/lib/python3.8/site-packages/acc_2026_project\n'}
[2.026821] (acc_2026_project) StdoutLine: {'line': b'byte-compiling /workspaces/isaac_ros-dev/install/acc_2026_project/lib/python3.8/site-packages/acc_2026_project/osman_dembiala.py to osman_dembiala.cpython-38.pyc\n'}
[2.034822] (acc_2026_project) StdoutLine: {'line': b'byte-compiling /workspaces/isaac_ros-dev/install/acc_2026_project/lib/python3.8/site-packages/acc_2026_project/QCar2_lane_following.py to QCar2_lane_following.cpython-38.pyc\n'}
[2.035598] (acc_2026_project) StdoutLine: {'line': b'byte-compiling /workspaces/isaac_ros-dev/install/acc_2026_project/lib/python3.8/site-packages/acc_2026_project/check_setup.py to check_setup.cpython-38.pyc\n'}
[2.035981] (acc_2026_project) StdoutLine: {'line': b'byte-compiling /workspaces/isaac_ros-dev/install/acc_2026_project/lib/python3.8/site-packages/acc_2026_project/__init__.py to __init__.cpython-38.pyc\n'}
[2.037108] (acc_2026_project) StdoutLine: {'line': b'byte-compiling /workspaces/isaac_ros-dev/install/acc_2026_project/lib/python3.8/site-packages/acc_2026_project/qcar.py to qcar.cpython-38.pyc\n'}
[2.041911] (acc_2026_project) StdoutLine: {'line': b'byte-compiling /workspaces/isaac_ros-dev/install/acc_2026_project/lib/python3.8/site-packages/acc_2026_project/check_all_cameras.py to check_all_cameras.cpython-38.pyc\n'}
[2.042661] (acc_2026_project) StdoutLine: {'line': b'byte-compiling /workspaces/isaac_ros-dev/install/acc_2026_project/lib/python3.8/site-packages/acc_2026_project/fawzi.py to fawzi.cpython-38.pyc\n'}
[2.045792] (acc_2026_project) StdoutLine: {'line': b'byte-compiling /workspaces/isaac_ros-dev/install/acc_2026_project/lib/python3.8/site-packages/acc_2026_project/Quanser_Interactive_Labs_Resources/__init__.py to __init__.cpython-38.pyc\n'}
[2.046266] (acc_2026_project) StdoutLine: {'line': b'byte-compiling /workspaces/isaac_ros-dev/install/acc_2026_project/lib/python3.8/site-packages/acc_2026_project/Quanser_Interactive_Labs_Resources/install.py to install.cpython-38.pyc\n'}
[2.047248] (acc_2026_project) StdoutLine: {'line': b'byte-compiling /workspaces/isaac_ros-dev/install/acc_2026_project/lib/python3.8/site-packages/acc_2026_project/Quanser_Interactive_Labs_Resources/tutorials/shredder_tutorial.py to shredder_tutorial.cpython-38.pyc\n'}
[2.047697] (acc_2026_project) StdoutLine: {'line': b'byte-compiling /workspaces/isaac_ros-dev/install/acc_2026_project/lib/python3.8/site-packages/acc_2026_project/Quanser_Interactive_Labs_Resources/tutorials/conveyor_tutorial.py to conveyor_tutorial.cpython-38.pyc\n'}
[2.048250] (acc_2026_project) StdoutLine: {'line': b'byte-compiling /workspaces/isaac_ros-dev/install/acc_2026_project/lib/python3.8/site-packages/acc_2026_project/Quanser_Interactive_Labs_Resources/tutorials/road_signage_tutorial.py to road_signage_tutorial.cpython-38.pyc\n'}
[2.049072] (acc_2026_project) StdoutLine: {'line': b'byte-compiling /workspaces/isaac_ros-dev/install/acc_2026_project/lib/python3.8/site-packages/acc_2026_project/Quanser_Interactive_Labs_Resources/tutorials/camera_tutorial.py to camera_tutorial.cpython-38.pyc\n'}
[2.049505] (acc_2026_project) StdoutLine: {'line': b'byte-compiling /workspaces/isaac_ros-dev/install/acc_2026_project/lib/python3.8/site-packages/acc_2026_project/Quanser_Interactive_Labs_Resources/tutorials/crosswalk_tutorial.py to crosswalk_tutorial.cpython-38.pyc\n'}
[2.049655] (acc_2026_project) StdoutLine: {'line': b'byte-compiling /workspaces/isaac_ros-dev/install/acc_2026_project/lib/python3.8/site-packages/acc_2026_project/Quanser_Interactive_Labs_Resources/tutorials/traffic_cones_tutorial.py to traffic_cones_tutorial.cpython-38.pyc\n'}
[2.050449] (acc_2026_project) StdoutLine: {'line': b'byte-compiling /workspaces/isaac_ros-dev/install/acc_2026_project/lib/python3.8/site-packages/acc_2026_project/Quanser_Interactive_Labs_Resources/tutorials/complete_road_signage_tutorial.py to complete_road_signage_tutorial.cpython-38.pyc\n'}
[2.052424] (acc_2026_project) StdoutLine: {'line': b'byte-compiling /workspaces/isaac_ros-dev/install/acc_2026_project/lib/python3.8/site-packages/acc_2026_project/Quanser_Interactive_Labs_Resources/tutorials/qcar_floor_mats_tutorial.py to qcar_floor_mats_tutorial.cpython-38.pyc\n'}
[2.053414] (acc_2026_project) StdoutLine: {'line': b'byte-compiling /workspaces/isaac_ros-dev/install/acc_2026_project/lib/python3.8/site-packages/acc_2026_project/Quanser_Interactive_Labs_Resources/tutorials/people_tutorial.py to people_tutorial.cpython-38.pyc\n'}
[2.054010] (acc_2026_project) StdoutLine: {'line': b'byte-compiling /workspaces/isaac_ros-dev/install/acc_2026_project/lib/python3.8/site-packages/acc_2026_project/Quanser_Interactive_Labs_Resources/tutorials/__init__.py to __init__.cpython-38.pyc\n'}
[2.054117] (acc_2026_project) StdoutLine: {'line': b'byte-compiling /workspaces/isaac_ros-dev/install/acc_2026_project/lib/python3.8/site-packages/acc_2026_project/Quanser_Interactive_Labs_Resources/tutorials/qcar2_tutorial.py to qcar2_tutorial.cpython-38.pyc\n'}
[2.055760] (acc_2026_project) StdoutLine: {'line': b'byte-compiling /workspaces/isaac_ros-dev/install/acc_2026_project/lib/python3.8/site-packages/acc_2026_project/Quanser_Interactive_Labs_Resources/tutorials/qdrone2_tutorial.py to qdrone2_tutorial.cpython-38.pyc\n'}
[2.056733] (acc_2026_project) StdoutLine: {'line': b'byte-compiling /workspaces/isaac_ros-dev/install/acc_2026_project/lib/python3.8/site-packages/acc_2026_project/Quanser_Interactive_Labs_Resources/tutorials/walls_tutorial.py to walls_tutorial.cpython-38.pyc\n'}
[2.057166] (acc_2026_project) StdoutLine: {'line': b'byte-compiling /workspaces/isaac_ros-dev/install/acc_2026_project/lib/python3.8/site-packages/acc_2026_project/Quanser_Interactive_Labs_Resources/tutorials/office_tutorial.py to office_tutorial.cpython-38.pyc\n'}
[2.058382] (acc_2026_project) StdoutLine: {'line': b'byte-compiling /workspaces/isaac_ros-dev/install/acc_2026_project/lib/python3.8/site-packages/acc_2026_project/Quanser_Interactive_Labs_Resources/tutorials/splines_tutorial.py to splines_tutorial.cpython-38.pyc\n'}
[2.059970] (acc_2026_project) StdoutLine: {'line': b'byte-compiling /workspaces/isaac_ros-dev/install/acc_2026_project/lib/python3.8/site-packages/acc_2026_project/Quanser_Interactive_Labs_Resources/tutorials/widgets_tutorial.py to widgets_tutorial.cpython-38.pyc\n'}
[2.060847] (acc_2026_project) StdoutLine: {'line': b'byte-compiling /workspaces/isaac_ros-dev/install/acc_2026_project/lib/python3.8/site-packages/acc_2026_project/Quanser_Interactive_Labs_Resources/tutorials/office_tutorial2.py to office_tutorial2.cpython-38.pyc\n'}
[2.061748] (acc_2026_project) StdoutLine: {'line': b'byte-compiling /workspaces/isaac_ros-dev/install/acc_2026_project/lib/python3.8/site-packages/acc_2026_project/Quanser_Interactive_Labs_Resources/tutorials/multiagent_tutorial.py to multiagent_tutorial.cpython-38.pyc\n'}
[2.062361] (acc_2026_project) StdoutLine: {'line': b'byte-compiling /workspaces/isaac_ros-dev/install/acc_2026_project/lib/python3.8/site-packages/acc_2026_project/Quanser_Interactive_Labs_Resources/tutorials/traffic_lights_tutorial.py to traffic_lights_tutorial.cpython-38.pyc\n'}
[2.062880] (acc_2026_project) StdoutLine: {'line': b'byte-compiling /workspaces/isaac_ros-dev/install/acc_2026_project/lib/python3.8/site-packages/acc_2026_project/Quanser_Interactive_Labs_Resources/tutorials/basic_shapes_tutorial.py to basic_shapes_tutorial.cpython-38.pyc\n'}
[2.064437] (acc_2026_project) StdoutLine: {'line': b'byte-compiling /workspaces/isaac_ros-dev/install/acc_2026_project/lib/python3.8/site-packages/acc_2026_project/Quanser_Interactive_Labs_Resources/tutorials/qcar_tutorial.py to qcar_tutorial.cpython-38.pyc\n'}
[2.065818] (acc_2026_project) StdoutLine: {'line': b'byte-compiling /workspaces/isaac_ros-dev/install/acc_2026_project/lib/python3.8/site-packages/acc_2026_project/Quanser_Interactive_Labs_Resources/tutorials/weather_tutorial.py to weather_tutorial.cpython-38.pyc\n'}
[2.066357] (acc_2026_project) StdoutLine: {'line': b'byte-compiling /workspaces/isaac_ros-dev/install/acc_2026_project/lib/python3.8/site-packages/acc_2026_project/Quanser_Interactive_Labs_Resources/tutorials/wall_maze_tutorial.py to wall_maze_tutorial.cpython-38.pyc\n'}
[2.067663] (acc_2026_project) StdoutLine: {'line': b'byte-compiling /workspaces/isaac_ros-dev/install/acc_2026_project/lib/python3.8/site-packages/acc_2026_project/Quanser_Interactive_Labs_Resources/tutorials/animals_tutorial.py to animals_tutorial.cpython-38.pyc\n'}
[2.068392] (acc_2026_project) StdoutLine: {'line': b'byte-compiling /workspaces/isaac_ros-dev/install/acc_2026_project/lib/python3.8/site-packages/acc_2026_project/pal/__init__.py to __init__.cpython-38.pyc\n'}
[2.068637] (acc_2026_project) StdoutLine: {'line': b'byte-compiling /workspaces/isaac_ros-dev/install/acc_2026_project/lib/python3.8/site-packages/acc_2026_project/lane_follower.py to lane_follower.cpython-38.pyc\n'}
[2.071274] (acc_2026_project) StdoutLine: {'line': b'byte-compiling /workspaces/isaac_ros-dev/install/acc_2026_project/lib/python3.8/site-packages/acc_2026_project/install.py to install.cpython-38.pyc\n'}
[2.072312] (acc_2026_project) StdoutLine: {'line': b'byte-compiling /workspaces/isaac_ros-dev/install/acc_2026_project/lib/python3.8/site-packages/acc_2026_project/zaid.py to zaid.cpython-38.pyc\n'}
[2.081751] (acc_2026_project) StdoutLine: {'line': b'running install_data\n'}
[2.095632] (acc_2026_project) StdoutLine: {'line': b'creating /workspaces/isaac_ros-dev/install/acc_2026_project/share/ament_index\n'}
[2.095949] (acc_2026_project) StdoutLine: {'line': b'creating /workspaces/isaac_ros-dev/install/acc_2026_project/share/ament_index/resource_index\n'}
[2.096036] (acc_2026_project) StdoutLine: {'line': b'creating /workspaces/isaac_ros-dev/install/acc_2026_project/share/ament_index/resource_index/packages\n'}
[2.096090] (acc_2026_project) StdoutLine: {'line': b'copying resource/acc_2026_project -> /workspaces/isaac_ros-dev/install/acc_2026_project/share/ament_index/resource_index/packages\n'}
[2.096152] (acc_2026_project) StdoutLine: {'line': b'copying package.xml -> /workspaces/isaac_ros-dev/install/acc_2026_project/share/acc_2026_project\n'}
[2.096207] (acc_2026_project) StdoutLine: {'line': b'running install_egg_info\n'}
[2.107691] (-) TimerEvent: {}
[2.109151] (acc_2026_project) StdoutLine: {'line': b'Copying ../../build/acc_2026_project/acc_2026_project.egg-info to /workspaces/isaac_ros-dev/install/acc_2026_project/lib/python3.8/site-packages/acc_2026_project-0.0.0-py3.8.egg-info\n'}
[2.111547] (acc_2026_project) StdoutLine: {'line': b'running install_scripts\n'}
[2.183672] (acc_2026_project) StdoutLine: {'line': b'Installing check_all_cameras script to /workspaces/isaac_ros-dev/install/acc_2026_project/lib/acc_2026_project\n'}
[2.183882] (acc_2026_project) StdoutLine: {'line': b'Installing lane_follower script to /workspaces/isaac_ros-dev/install/acc_2026_project/lib/acc_2026_project\n'}
[2.184084] (acc_2026_project) StdoutLine: {'line': b'Installing test_motor script to /workspaces/isaac_ros-dev/install/acc_2026_project/lib/acc_2026_project\n'}
[2.185074] (acc_2026_project) StdoutLine: {'line': b"writing list of installed files to '/workspaces/isaac_ros-dev/build/acc_2026_project/install.log'\n"}
[2.207811] (-) TimerEvent: {}
[2.235675] (acc_2026_project) CommandEnded: {'returncode': 0}
[2.283586] (acc_2026_project) JobEnded: {'identifier': 'acc_2026_project', 'rc': 0}
[2.284480] (-) EventReactorShutdown: {}
