[1.737s] DEBUG:colcon:Command line arguments: ['/usr/bin/colcon', 'build', '--packages-select', 'qcar2_nodes']
[1.737s] DEBUG:colcon:Parsed command line arguments: Namespace(allow_overriding=[], ament_cmake_args=None, base_paths=['.'], build_base='build', catkin_cmake_args=None, catkin_skip_building_tests=False, cmake_args=None, cmake_clean_cache=False, cmake_clean_first=False, cmake_force_configure=False, cmake_target=None, cmake_target_skip_unavailable=False, continue_on_error=False, event_handlers=None, executor='parallel', ignore_user_meta=False, install_base='install', log_base=None, log_level=None, main=<bound method BuildVerb.main of <colcon_core.verb.build.BuildVerb object at 0x72c1a6a668b0>>, merge_install=False, metas=['./colcon.meta'], packages_above=None, packages_above_and_dependencies=None, packages_above_depth=None, packages_end=None, packages_ignore=None, packages_ignore_regex=None, packages_select=['qcar2_nodes'], packages_select_build_failed=False, packages_select_by_dep=None, packages_select_regex=None, packages_select_test_failures=False, packages_skip=None, packages_skip_build_finished=False, packages_skip_by_dep=None, packages_skip_regex=None, packages_skip_test_passed=False, packages_skip_up_to=None, packages_start=None, packages_up_to=None, packages_up_to_regex=None, parallel_workers=16, paths=None, symlink_install=False, test_result_base=None, verb_extension=<colcon_core.verb.build.BuildVerb object at 0x72c1a6a668b0>, verb_name='build', verb_parser=<colcon_defaults.argument_parser.defaults.DefaultArgumentsDecorator object at 0x72c1a6a71ca0>)
[1.841s] Level 1:colcon.colcon_core.package_discovery:discover_packages(colcon_meta) check parameters
[1.842s] Level 1:colcon.colcon_core.package_discovery:discover_packages(recursive) check parameters
[1.842s] Level 1:colcon.colcon_core.package_discovery:discover_packages(ignore) check parameters
[1.842s] Level 1:colcon.colcon_core.package_discovery:discover_packages(path) check parameters
[1.842s] Level 1:colcon.colcon_core.package_discovery:discover_packages(colcon_meta) discover
[1.842s] Level 1:colcon.colcon_core.package_discovery:discover_packages(recursive) discover
[1.842s] INFO:colcon.colcon_core.package_discovery:Crawling recursively for packages in '/workspaces/isaac_ros-dev'
[1.842s] Level 1:colcon.colcon_core.package_identification:_identify(.) by extensions ['ignore', 'ignore_ament_install']
[1.842s] Level 1:colcon.colcon_core.package_identification:_identify(.) by extension 'ignore'
[1.842s] Level 1:colcon.colcon_core.package_identification:_identify(.) by extension 'ignore_ament_install'
[1.842s] Level 1:colcon.colcon_core.package_identification:_identify(.) by extensions ['colcon_pkg']
[1.842s] Level 1:colcon.colcon_core.package_identification:_identify(.) by extension 'colcon_pkg'
[1.842s] Level 1:colcon.colcon_core.package_identification:_identify(.) by extensions ['colcon_meta']
[1.842s] Level 1:colcon.colcon_core.package_identification:_identify(.) by extension 'colcon_meta'
[1.842s] Level 1:colcon.colcon_core.package_identification:_identify(.) by extensions ['ros']
[1.842s] Level 1:colcon.colcon_core.package_identification:_identify(.) by extension 'ros'
[1.854s] Level 1:colcon.colcon_core.package_identification:_identify(.) by extensions ['cmake', 'python']
[1.854s] Level 1:colcon.colcon_core.package_identification:_identify(.) by extension 'cmake'
[1.854s] Level 1:colcon.colcon_core.package_identification:_identify(.) by extension 'python'
[1.854s] Level 1:colcon.colcon_core.package_identification:_identify(.) by extensions ['python_setup_py']
[1.854s] Level 1:colcon.colcon_core.package_identification:_identify(.) by extension 'python_setup_py'
[1.854s] Level 1:colcon.colcon_core.package_identification:_identify(build) by extensions ['ignore', 'ignore_ament_install']
[1.854s] Level 1:colcon.colcon_core.package_identification:_identify(build) by extension 'ignore'
[1.854s] Level 1:colcon.colcon_core.package_identification:_identify(build) ignored
[1.855s] Level 1:colcon.colcon_core.package_identification:_identify(docker) by extensions ['ignore', 'ignore_ament_install']
[1.855s] Level 1:colcon.colcon_core.package_identification:_identify(docker) by extension 'ignore'
[1.855s] Level 1:colcon.colcon_core.package_identification:_identify(docker) by extension 'ignore_ament_install'
[1.855s] Level 1:colcon.colcon_core.package_identification:_identify(docker) by extensions ['colcon_pkg']
[1.855s] Level 1:colcon.colcon_core.package_identification:_identify(docker) by extension 'colcon_pkg'
[1.855s] Level 1:colcon.colcon_core.package_identification:_identify(docker) by extensions ['colcon_meta']
[1.855s] Level 1:colcon.colcon_core.package_identification:_identify(docker) by extension 'colcon_meta'
[1.855s] Level 1:colcon.colcon_core.package_identification:_identify(docker) by extensions ['ros']
[1.855s] Level 1:colcon.colcon_core.package_identification:_identify(docker) by extension 'ros'
[1.855s] Level 1:colcon.colcon_core.package_identification:_identify(docker) by extensions ['cmake', 'python']
[1.855s] Level 1:colcon.colcon_core.package_identification:_identify(docker) by extension 'cmake'
[1.855s] Level 1:colcon.colcon_core.package_identification:_identify(docker) by extension 'python'
[1.855s] Level 1:colcon.colcon_core.package_identification:_identify(docker) by extensions ['python_setup_py']
[1.855s] Level 1:colcon.colcon_core.package_identification:_identify(docker) by extension 'python_setup_py'
[1.855s] Level 1:colcon.colcon_core.package_identification:_identify(docker/middleware_profiles) by extensions ['ignore', 'ignore_ament_install']
[1.855s] Level 1:colcon.colcon_core.package_identification:_identify(docker/middleware_profiles) by extension 'ignore'
[1.855s] Level 1:colcon.colcon_core.package_identification:_identify(docker/middleware_profiles) by extension 'ignore_ament_install'
[1.855s] Level 1:colcon.colcon_core.package_identification:_identify(docker/middleware_profiles) by extensions ['colcon_pkg']
[1.855s] Level 1:colcon.colcon_core.package_identification:_identify(docker/middleware_profiles) by extension 'colcon_pkg'
[1.855s] Level 1:colcon.colcon_core.package_identification:_identify(docker/middleware_profiles) by extensions ['colcon_meta']
[1.855s] Level 1:colcon.colcon_core.package_identification:_identify(docker/middleware_profiles) by extension 'colcon_meta'
[1.855s] Level 1:colcon.colcon_core.package_identification:_identify(docker/middleware_profiles) by extensions ['ros']
[1.855s] Level 1:colcon.colcon_core.package_identification:_identify(docker/middleware_profiles) by extension 'ros'
[1.855s] Level 1:colcon.colcon_core.package_identification:_identify(docker/middleware_profiles) by extensions ['cmake', 'python']
[1.855s] Level 1:colcon.colcon_core.package_identification:_identify(docker/middleware_profiles) by extension 'cmake'
[1.855s] Level 1:colcon.colcon_core.package_identification:_identify(docker/middleware_profiles) by extension 'python'
[1.855s] Level 1:colcon.colcon_core.package_identification:_identify(docker/middleware_profiles) by extensions ['python_setup_py']
[1.855s] Level 1:colcon.colcon_core.package_identification:_identify(docker/middleware_profiles) by extension 'python_setup_py'
[1.855s] Level 1:colcon.colcon_core.package_identification:_identify(docker/patches) by extensions ['ignore', 'ignore_ament_install']
[1.855s] Level 1:colcon.colcon_core.package_identification:_identify(docker/patches) by extension 'ignore'
[1.855s] Level 1:colcon.colcon_core.package_identification:_identify(docker/patches) by extension 'ignore_ament_install'
[1.855s] Level 1:colcon.colcon_core.package_identification:_identify(docker/patches) by extensions ['colcon_pkg']
[1.855s] Level 1:colcon.colcon_core.package_identification:_identify(docker/patches) by extension 'colcon_pkg'
[1.855s] Level 1:colcon.colcon_core.package_identification:_identify(docker/patches) by extensions ['colcon_meta']
[1.855s] Level 1:colcon.colcon_core.package_identification:_identify(docker/patches) by extension 'colcon_meta'
[1.856s] Level 1:colcon.colcon_core.package_identification:_identify(docker/patches) by extensions ['ros']
[1.856s] Level 1:colcon.colcon_core.package_identification:_identify(docker/patches) by extension 'ros'
[1.856s] Level 1:colcon.colcon_core.package_identification:_identify(docker/patches) by extensions ['cmake', 'python']
[1.856s] Level 1:colcon.colcon_core.package_identification:_identify(docker/patches) by extension 'cmake'
[1.856s] Level 1:colcon.colcon_core.package_identification:_identify(docker/patches) by extension 'python'
[1.856s] Level 1:colcon.colcon_core.package_identification:_identify(docker/patches) by extensions ['python_setup_py']
[1.856s] Level 1:colcon.colcon_core.package_identification:_identify(docker/patches) by extension 'python_setup_py'
[1.856s] Level 1:colcon.colcon_core.package_identification:_identify(docker/scripts) by extensions ['ignore', 'ignore_ament_install']
[1.856s] Level 1:colcon.colcon_core.package_identification:_identify(docker/scripts) by extension 'ignore'
[1.856s] Level 1:colcon.colcon_core.package_identification:_identify(docker/scripts) by extension 'ignore_ament_install'
[1.856s] Level 1:colcon.colcon_core.package_identification:_identify(docker/scripts) by extensions ['colcon_pkg']
[1.856s] Level 1:colcon.colcon_core.package_identification:_identify(docker/scripts) by extension 'colcon_pkg'
[1.856s] Level 1:colcon.colcon_core.package_identification:_identify(docker/scripts) by extensions ['colcon_meta']
[1.856s] Level 1:colcon.colcon_core.package_identification:_identify(docker/scripts) by extension 'colcon_meta'
[1.856s] Level 1:colcon.colcon_core.package_identification:_identify(docker/scripts) by extensions ['ros']
[1.856s] Level 1:colcon.colcon_core.package_identification:_identify(docker/scripts) by extension 'ros'
[1.856s] Level 1:colcon.colcon_core.package_identification:_identify(docker/scripts) by extensions ['cmake', 'python']
[1.856s] Level 1:colcon.colcon_core.package_identification:_identify(docker/scripts) by extension 'cmake'
[1.856s] Level 1:colcon.colcon_core.package_identification:_identify(docker/scripts) by extension 'python'
[1.856s] Level 1:colcon.colcon_core.package_identification:_identify(docker/scripts) by extensions ['python_setup_py']
[1.856s] Level 1:colcon.colcon_core.package_identification:_identify(docker/scripts) by extension 'python_setup_py'
[1.856s] Level 1:colcon.colcon_core.package_identification:_identify(docker/tao) by extensions ['ignore', 'ignore_ament_install']
[1.856s] Level 1:colcon.colcon_core.package_identification:_identify(docker/tao) by extension 'ignore'
[1.856s] Level 1:colcon.colcon_core.package_identification:_identify(docker/tao) by extension 'ignore_ament_install'
[1.856s] Level 1:colcon.colcon_core.package_identification:_identify(docker/tao) by extensions ['colcon_pkg']
[1.856s] Level 1:colcon.colcon_core.package_identification:_identify(docker/tao) by extension 'colcon_pkg'
[1.856s] Level 1:colcon.colcon_core.package_identification:_identify(docker/tao) by extensions ['colcon_meta']
[1.856s] Level 1:colcon.colcon_core.package_identification:_identify(docker/tao) by extension 'colcon_meta'
[1.856s] Level 1:colcon.colcon_core.package_identification:_identify(docker/tao) by extensions ['ros']
[1.856s] Level 1:colcon.colcon_core.package_identification:_identify(docker/tao) by extension 'ros'
[1.856s] Level 1:colcon.colcon_core.package_identification:_identify(docker/tao) by extensions ['cmake', 'python']
[1.856s] Level 1:colcon.colcon_core.package_identification:_identify(docker/tao) by extension 'cmake'
[1.856s] Level 1:colcon.colcon_core.package_identification:_identify(docker/tao) by extension 'python'
[1.856s] Level 1:colcon.colcon_core.package_identification:_identify(docker/tao) by extensions ['python_setup_py']
[1.856s] Level 1:colcon.colcon_core.package_identification:_identify(docker/tao) by extension 'python_setup_py'
[1.857s] Level 1:colcon.colcon_core.package_identification:_identify(docker/udev_rules) by extensions ['ignore', 'ignore_ament_install']
[1.857s] Level 1:colcon.colcon_core.package_identification:_identify(docker/udev_rules) by extension 'ignore'
[1.857s] Level 1:colcon.colcon_core.package_identification:_identify(docker/udev_rules) by extension 'ignore_ament_install'
[1.857s] Level 1:colcon.colcon_core.package_identification:_identify(docker/udev_rules) by extensions ['colcon_pkg']
[1.857s] Level 1:colcon.colcon_core.package_identification:_identify(docker/udev_rules) by extension 'colcon_pkg'
[1.857s] Level 1:colcon.colcon_core.package_identification:_identify(docker/udev_rules) by extensions ['colcon_meta']
[1.857s] Level 1:colcon.colcon_core.package_identification:_identify(docker/udev_rules) by extension 'colcon_meta'
[1.857s] Level 1:colcon.colcon_core.package_identification:_identify(docker/udev_rules) by extensions ['ros']
[1.857s] Level 1:colcon.colcon_core.package_identification:_identify(docker/udev_rules) by extension 'ros'
[1.857s] Level 1:colcon.colcon_core.package_identification:_identify(docker/udev_rules) by extensions ['cmake', 'python']
[1.857s] Level 1:colcon.colcon_core.package_identification:_identify(docker/udev_rules) by extension 'cmake'
[1.857s] Level 1:colcon.colcon_core.package_identification:_identify(docker/udev_rules) by extension 'python'
[1.857s] Level 1:colcon.colcon_core.package_identification:_identify(docker/udev_rules) by extensions ['python_setup_py']
[1.857s] Level 1:colcon.colcon_core.package_identification:_identify(docker/udev_rules) by extension 'python_setup_py'
[1.857s] Level 1:colcon.colcon_core.package_identification:_identify(install) by extensions ['ignore', 'ignore_ament_install']
[1.857s] Level 1:colcon.colcon_core.package_identification:_identify(install) by extension 'ignore'
[1.857s] Level 1:colcon.colcon_core.package_identification:_identify(install) ignored
[1.857s] Level 1:colcon.colcon_core.package_identification:_identify(isaac_ros_apriltag_interfaces) by extensions ['ignore', 'ignore_ament_install']
[1.857s] Level 1:colcon.colcon_core.package_identification:_identify(isaac_ros_apriltag_interfaces) by extension 'ignore'
[1.857s] Level 1:colcon.colcon_core.package_identification:_identify(isaac_ros_apriltag_interfaces) by extension 'ignore_ament_install'
[1.857s] Level 1:colcon.colcon_core.package_identification:_identify(isaac_ros_apriltag_interfaces) by extensions ['colcon_pkg']
[1.857s] Level 1:colcon.colcon_core.package_identification:_identify(isaac_ros_apriltag_interfaces) by extension 'colcon_pkg'
[1.857s] Level 1:colcon.colcon_core.package_identification:_identify(isaac_ros_apriltag_interfaces) by extensions ['colcon_meta']
[1.857s] Level 1:colcon.colcon_core.package_identification:_identify(isaac_ros_apriltag_interfaces) by extension 'colcon_meta'
[1.857s] Level 1:colcon.colcon_core.package_identification:_identify(isaac_ros_apriltag_interfaces) by extensions ['ros']
[1.857s] Level 1:colcon.colcon_core.package_identification:_identify(isaac_ros_apriltag_interfaces) by extension 'ros'
[1.860s] DEBUG:colcon.colcon_core.package_identification:Package 'isaac_ros_apriltag_interfaces' with type 'ros.ament_cmake' and name 'isaac_ros_apriltag_interfaces'
[1.860s] Level 1:colcon.colcon_core.package_identification:_identify(isaac_ros_bi3d_interfaces) by extensions ['ignore', 'ignore_ament_install']
[1.860s] Level 1:colcon.colcon_core.package_identification:_identify(isaac_ros_bi3d_interfaces) by extension 'ignore'
[1.860s] Level 1:colcon.colcon_core.package_identification:_identify(isaac_ros_bi3d_interfaces) by extension 'ignore_ament_install'
[1.860s] Level 1:colcon.colcon_core.package_identification:_identify(isaac_ros_bi3d_interfaces) by extensions ['colcon_pkg']
[1.860s] Level 1:colcon.colcon_core.package_identification:_identify(isaac_ros_bi3d_interfaces) by extension 'colcon_pkg'
[1.860s] Level 1:colcon.colcon_core.package_identification:_identify(isaac_ros_bi3d_interfaces) by extensions ['colcon_meta']
[1.860s] Level 1:colcon.colcon_core.package_identification:_identify(isaac_ros_bi3d_interfaces) by extension 'colcon_meta'
[1.860s] Level 1:colcon.colcon_core.package_identification:_identify(isaac_ros_bi3d_interfaces) by extensions ['ros']
[1.861s] Level 1:colcon.colcon_core.package_identification:_identify(isaac_ros_bi3d_interfaces) by extension 'ros'
[1.861s] DEBUG:colcon.colcon_core.package_identification:Package 'isaac_ros_bi3d_interfaces' with type 'ros.ament_cmake' and name 'isaac_ros_bi3d_interfaces'
[1.861s] Level 1:colcon.colcon_core.package_identification:_identify(isaac_ros_common) by extensions ['ignore', 'ignore_ament_install']
[1.861s] Level 1:colcon.colcon_core.package_identification:_identify(isaac_ros_common) by extension 'ignore'
[1.861s] Level 1:colcon.colcon_core.package_identification:_identify(isaac_ros_common) by extension 'ignore_ament_install'
[1.861s] Level 1:colcon.colcon_core.package_identification:_identify(isaac_ros_common) by extensions ['colcon_pkg']
[1.861s] Level 1:colcon.colcon_core.package_identification:_identify(isaac_ros_common) by extension 'colcon_pkg'
[1.861s] Level 1:colcon.colcon_core.package_identification:_identify(isaac_ros_common) by extensions ['colcon_meta']
[1.861s] Level 1:colcon.colcon_core.package_identification:_identify(isaac_ros_common) by extension 'colcon_meta'
[1.861s] Level 1:colcon.colcon_core.package_identification:_identify(isaac_ros_common) by extensions ['ros']
[1.861s] Level 1:colcon.colcon_core.package_identification:_identify(isaac_ros_common) by extension 'ros'
[1.862s] DEBUG:colcon.colcon_core.package_identification:Package 'isaac_ros_common' with type 'ros.ament_cmake' and name 'isaac_ros_common'
[1.862s] Level 1:colcon.colcon_core.package_identification:_identify(isaac_ros_nitros_bridge_interfaces) by extensions ['ignore', 'ignore_ament_install']
[1.862s] Level 1:colcon.colcon_core.package_identification:_identify(isaac_ros_nitros_bridge_interfaces) by extension 'ignore'
[1.862s] Level 1:colcon.colcon_core.package_identification:_identify(isaac_ros_nitros_bridge_interfaces) by extension 'ignore_ament_install'
[1.862s] Level 1:colcon.colcon_core.package_identification:_identify(isaac_ros_nitros_bridge_interfaces) by extensions ['colcon_pkg']
[1.862s] Level 1:colcon.colcon_core.package_identification:_identify(isaac_ros_nitros_bridge_interfaces) by extension 'colcon_pkg'
[1.862s] Level 1:colcon.colcon_core.package_identification:_identify(isaac_ros_nitros_bridge_interfaces) by extensions ['colcon_meta']
[1.862s] Level 1:colcon.colcon_core.package_identification:_identify(isaac_ros_nitros_bridge_interfaces) by extension 'colcon_meta'
[1.862s] Level 1:colcon.colcon_core.package_identification:_identify(isaac_ros_nitros_bridge_interfaces) by extensions ['ros']
[1.862s] Level 1:colcon.colcon_core.package_identification:_identify(isaac_ros_nitros_bridge_interfaces) by extension 'ros'
[1.863s] DEBUG:colcon.colcon_core.package_identification:Package 'isaac_ros_nitros_bridge_interfaces' with type 'ros.ament_cmake' and name 'isaac_ros_nitros_bridge_interfaces'
[1.863s] Level 1:colcon.colcon_core.package_identification:_identify(isaac_ros_nova_interfaces) by extensions ['ignore', 'ignore_ament_install']
[1.863s] Level 1:colcon.colcon_core.package_identification:_identify(isaac_ros_nova_interfaces) by extension 'ignore'
[1.863s] Level 1:colcon.colcon_core.package_identification:_identify(isaac_ros_nova_interfaces) by extension 'ignore_ament_install'
[1.863s] Level 1:colcon.colcon_core.package_identification:_identify(isaac_ros_nova_interfaces) by extensions ['colcon_pkg']
[1.863s] Level 1:colcon.colcon_core.package_identification:_identify(isaac_ros_nova_interfaces) by extension 'colcon_pkg'
[1.863s] Level 1:colcon.colcon_core.package_identification:_identify(isaac_ros_nova_interfaces) by extensions ['colcon_meta']
[1.863s] Level 1:colcon.colcon_core.package_identification:_identify(isaac_ros_nova_interfaces) by extension 'colcon_meta'
[1.863s] Level 1:colcon.colcon_core.package_identification:_identify(isaac_ros_nova_interfaces) by extensions ['ros']
[1.863s] Level 1:colcon.colcon_core.package_identification:_identify(isaac_ros_nova_interfaces) by extension 'ros'
[1.863s] DEBUG:colcon.colcon_core.package_identification:Package 'isaac_ros_nova_interfaces' with type 'ros.ament_cmake' and name 'isaac_ros_nova_interfaces'
[1.863s] Level 1:colcon.colcon_core.package_identification:_identify(isaac_ros_pointcloud_interfaces) by extensions ['ignore', 'ignore_ament_install']
[1.864s] Level 1:colcon.colcon_core.package_identification:_identify(isaac_ros_pointcloud_interfaces) by extension 'ignore'
[1.864s] Level 1:colcon.colcon_core.package_identification:_identify(isaac_ros_pointcloud_interfaces) by extension 'ignore_ament_install'
[1.864s] Level 1:colcon.colcon_core.package_identification:_identify(isaac_ros_pointcloud_interfaces) by extensions ['colcon_pkg']
[1.864s] Level 1:colcon.colcon_core.package_identification:_identify(isaac_ros_pointcloud_interfaces) by extension 'colcon_pkg'
[1.864s] Level 1:colcon.colcon_core.package_identification:_identify(isaac_ros_pointcloud_interfaces) by extensions ['colcon_meta']
[1.864s] Level 1:colcon.colcon_core.package_identification:_identify(isaac_ros_pointcloud_interfaces) by extension 'colcon_meta'
[1.864s] Level 1:colcon.colcon_core.package_identification:_identify(isaac_ros_pointcloud_interfaces) by extensions ['ros']
[1.864s] Level 1:colcon.colcon_core.package_identification:_identify(isaac_ros_pointcloud_interfaces) by extension 'ros'
[1.864s] DEBUG:colcon.colcon_core.package_identification:Package 'isaac_ros_pointcloud_interfaces' with type 'ros.ament_cmake' and name 'isaac_ros_pointcloud_interfaces'
[1.864s] Level 1:colcon.colcon_core.package_identification:_identify(isaac_ros_tensor_list_interfaces) by extensions ['ignore', 'ignore_ament_install']
[1.864s] Level 1:colcon.colcon_core.package_identification:_identify(isaac_ros_tensor_list_interfaces) by extension 'ignore'
[1.864s] Level 1:colcon.colcon_core.package_identification:_identify(isaac_ros_tensor_list_interfaces) by extension 'ignore_ament_install'
[1.864s] Level 1:colcon.colcon_core.package_identification:_identify(isaac_ros_tensor_list_interfaces) by extensions ['colcon_pkg']
[1.864s] Level 1:colcon.colcon_core.package_identification:_identify(isaac_ros_tensor_list_interfaces) by extension 'colcon_pkg'
[1.864s] Level 1:colcon.colcon_core.package_identification:_identify(isaac_ros_tensor_list_interfaces) by extensions ['colcon_meta']
[1.864s] Level 1:colcon.colcon_core.package_identification:_identify(isaac_ros_tensor_list_interfaces) by extension 'colcon_meta'
[1.864s] Level 1:colcon.colcon_core.package_identification:_identify(isaac_ros_tensor_list_interfaces) by extensions ['ros']
[1.865s] Level 1:colcon.colcon_core.package_identification:_identify(isaac_ros_tensor_list_interfaces) by extension 'ros'
[1.865s] DEBUG:colcon.colcon_core.package_identification:Package 'isaac_ros_tensor_list_interfaces' with type 'ros.ament_cmake' and name 'isaac_ros_tensor_list_interfaces'
[1.865s] Level 1:colcon.colcon_core.package_identification:_identify(isaac_ros_test) by extensions ['ignore', 'ignore_ament_install']
[1.865s] Level 1:colcon.colcon_core.package_identification:_identify(isaac_ros_test) by extension 'ignore'
[1.865s] Level 1:colcon.colcon_core.package_identification:_identify(isaac_ros_test) by extension 'ignore_ament_install'
[1.865s] Level 1:colcon.colcon_core.package_identification:_identify(isaac_ros_test) by extensions ['colcon_pkg']
[1.865s] Level 1:colcon.colcon_core.package_identification:_identify(isaac_ros_test) by extension 'colcon_pkg'
[1.865s] Level 1:colcon.colcon_core.package_identification:_identify(isaac_ros_test) by extensions ['colcon_meta']
[1.865s] Level 1:colcon.colcon_core.package_identification:_identify(isaac_ros_test) by extension 'colcon_meta'
[1.865s] Level 1:colcon.colcon_core.package_identification:_identify(isaac_ros_test) by extensions ['ros']
[1.865s] Level 1:colcon.colcon_core.package_identification:_identify(isaac_ros_test) by extension 'ros'
[1.866s] DEBUG:colcon.colcon_core.package_identification:Package 'isaac_ros_test' with type 'ros.ament_python' and name 'isaac_ros_test'
[1.866s] Level 1:colcon.colcon_core.package_identification:_identify(log) by extensions ['ignore', 'ignore_ament_install']
[1.866s] Level 1:colcon.colcon_core.package_identification:_identify(log) by extension 'ignore'
[1.866s] Level 1:colcon.colcon_core.package_identification:_identify(log) ignored
[1.866s] Level 1:colcon.colcon_core.package_identification:_identify(scripts) by extensions ['ignore', 'ignore_ament_install']
[1.866s] Level 1:colcon.colcon_core.package_identification:_identify(scripts) by extension 'ignore'
[1.866s] Level 1:colcon.colcon_core.package_identification:_identify(scripts) by extension 'ignore_ament_install'
[1.866s] Level 1:colcon.colcon_core.package_identification:_identify(scripts) by extensions ['colcon_pkg']
[1.866s] Level 1:colcon.colcon_core.package_identification:_identify(scripts) by extension 'colcon_pkg'
[1.866s] Level 1:colcon.colcon_core.package_identification:_identify(scripts) by extensions ['colcon_meta']
[1.866s] Level 1:colcon.colcon_core.package_identification:_identify(scripts) by extension 'colcon_meta'
[1.866s] Level 1:colcon.colcon_core.package_identification:_identify(scripts) by extensions ['ros']
[1.866s] Level 1:colcon.colcon_core.package_identification:_identify(scripts) by extension 'ros'
[1.866s] Level 1:colcon.colcon_core.package_identification:_identify(scripts) by extensions ['cmake', 'python']
[1.866s] Level 1:colcon.colcon_core.package_identification:_identify(scripts) by extension 'cmake'
[1.866s] Level 1:colcon.colcon_core.package_identification:_identify(scripts) by extension 'python'
[1.866s] Level 1:colcon.colcon_core.package_identification:_identify(scripts) by extensions ['python_setup_py']
[1.866s] Level 1:colcon.colcon_core.package_identification:_identify(scripts) by extension 'python_setup_py'
[1.866s] Level 1:colcon.colcon_core.package_identification:_identify(scripts/utils) by extensions ['ignore', 'ignore_ament_install']
[1.866s] Level 1:colcon.colcon_core.package_identification:_identify(scripts/utils) by extension 'ignore'
[1.866s] Level 1:colcon.colcon_core.package_identification:_identify(scripts/utils) by extension 'ignore_ament_install'
[1.866s] Level 1:colcon.colcon_core.package_identification:_identify(scripts/utils) by extensions ['colcon_pkg']
[1.866s] Level 1:colcon.colcon_core.package_identification:_identify(scripts/utils) by extension 'colcon_pkg'
[1.866s] Level 1:colcon.colcon_core.package_identification:_identify(scripts/utils) by extensions ['colcon_meta']
[1.866s] Level 1:colcon.colcon_core.package_identification:_identify(scripts/utils) by extension 'colcon_meta'
[1.867s] Level 1:colcon.colcon_core.package_identification:_identify(scripts/utils) by extensions ['ros']
[1.867s] Level 1:colcon.colcon_core.package_identification:_identify(scripts/utils) by extension 'ros'
[1.867s] Level 1:colcon.colcon_core.package_identification:_identify(scripts/utils) by extensions ['cmake', 'python']
[1.867s] Level 1:colcon.colcon_core.package_identification:_identify(scripts/utils) by extension 'cmake'
[1.867s] Level 1:colcon.colcon_core.package_identification:_identify(scripts/utils) by extension 'python'
[1.867s] Level 1:colcon.colcon_core.package_identification:_identify(scripts/utils) by extensions ['python_setup_py']
[1.867s] Level 1:colcon.colcon_core.package_identification:_identify(scripts/utils) by extension 'python_setup_py'
[1.867s] Level 1:colcon.colcon_core.package_identification:_identify(src) by extensions ['ignore', 'ignore_ament_install']
[1.867s] Level 1:colcon.colcon_core.package_identification:_identify(src) by extension 'ignore'
[1.867s] Level 1:colcon.colcon_core.package_identification:_identify(src) by extension 'ignore_ament_install'
[1.867s] Level 1:colcon.colcon_core.package_identification:_identify(src) by extensions ['colcon_pkg']
[1.867s] Level 1:colcon.colcon_core.package_identification:_identify(src) by extension 'colcon_pkg'
[1.867s] Level 1:colcon.colcon_core.package_identification:_identify(src) by extensions ['colcon_meta']
[1.867s] Level 1:colcon.colcon_core.package_identification:_identify(src) by extension 'colcon_meta'
[1.867s] Level 1:colcon.colcon_core.package_identification:_identify(src) by extensions ['ros']
[1.867s] Level 1:colcon.colcon_core.package_identification:_identify(src) by extension 'ros'
[1.867s] Level 1:colcon.colcon_core.package_identification:_identify(src) by extensions ['cmake', 'python']
[1.867s] Level 1:colcon.colcon_core.package_identification:_identify(src) by extension 'cmake'
[1.867s] Level 1:colcon.colcon_core.package_identification:_identify(src) by extension 'python'
[1.867s] Level 1:colcon.colcon_core.package_identification:_identify(src) by extensions ['python_setup_py']
[1.867s] Level 1:colcon.colcon_core.package_identification:_identify(src) by extension 'python_setup_py'
[1.867s] Level 1:colcon.colcon_core.package_identification:_identify(src/acc_2026_project) by extensions ['ignore', 'ignore_ament_install']
[1.867s] Level 1:colcon.colcon_core.package_identification:_identify(src/acc_2026_project) by extension 'ignore'
[1.867s] Level 1:colcon.colcon_core.package_identification:_identify(src/acc_2026_project) by extension 'ignore_ament_install'
[1.867s] Level 1:colcon.colcon_core.package_identification:_identify(src/acc_2026_project) by extensions ['colcon_pkg']
[1.867s] Level 1:colcon.colcon_core.package_identification:_identify(src/acc_2026_project) by extension 'colcon_pkg'
[1.867s] Level 1:colcon.colcon_core.package_identification:_identify(src/acc_2026_project) by extensions ['colcon_meta']
[1.867s] Level 1:colcon.colcon_core.package_identification:_identify(src/acc_2026_project) by extension 'colcon_meta'
[1.867s] Level 1:colcon.colcon_core.package_identification:_identify(src/acc_2026_project) by extensions ['ros']
[1.867s] Level 1:colcon.colcon_core.package_identification:_identify(src/acc_2026_project) by extension 'ros'
[1.868s] DEBUG:colcon.colcon_core.package_identification:Package 'src/acc_2026_project' with type 'ros.ament_python' and name 'acc_2026_project'
[1.868s] Level 1:colcon.colcon_core.package_identification:_identify(src/config) by extensions ['ignore', 'ignore_ament_install']
[1.868s] Level 1:colcon.colcon_core.package_identification:_identify(src/config) by extension 'ignore'
[1.868s] Level 1:colcon.colcon_core.package_identification:_identify(src/config) by extension 'ignore_ament_install'
[1.868s] Level 1:colcon.colcon_core.package_identification:_identify(src/config) by extensions ['colcon_pkg']
[1.868s] Level 1:colcon.colcon_core.package_identification:_identify(src/config) by extension 'colcon_pkg'
[1.868s] Level 1:colcon.colcon_core.package_identification:_identify(src/config) by extensions ['colcon_meta']
[1.868s] Level 1:colcon.colcon_core.package_identification:_identify(src/config) by extension 'colcon_meta'
[1.868s] Level 1:colcon.colcon_core.package_identification:_identify(src/config) by extensions ['ros']
[1.868s] Level 1:colcon.colcon_core.package_identification:_identify(src/config) by extension 'ros'
[1.868s] Level 1:colcon.colcon_core.package_identification:_identify(src/config) by extensions ['cmake', 'python']
[1.868s] Level 1:colcon.colcon_core.package_identification:_identify(src/config) by extension 'cmake'
[1.868s] Level 1:colcon.colcon_core.package_identification:_identify(src/config) by extension 'python'
[1.868s] Level 1:colcon.colcon_core.package_identification:_identify(src/config) by extensions ['python_setup_py']
[1.868s] Level 1:colcon.colcon_core.package_identification:_identify(src/config) by extension 'python_setup_py'
[1.868s] Level 1:colcon.colcon_core.package_identification:_identify(src/qcar2_autonomy) by extensions ['ignore', 'ignore_ament_install']
[1.869s] Level 1:colcon.colcon_core.package_identification:_identify(src/qcar2_autonomy) by extension 'ignore'
[1.869s] Level 1:colcon.colcon_core.package_identification:_identify(src/qcar2_autonomy) by extension 'ignore_ament_install'
[1.869s] Level 1:colcon.colcon_core.package_identification:_identify(src/qcar2_autonomy) by extensions ['colcon_pkg']
[1.869s] Level 1:colcon.colcon_core.package_identification:_identify(src/qcar2_autonomy) by extension 'colcon_pkg'
[1.869s] Level 1:colcon.colcon_core.package_identification:_identify(src/qcar2_autonomy) by extensions ['colcon_meta']
[1.869s] Level 1:colcon.colcon_core.package_identification:_identify(src/qcar2_autonomy) by extension 'colcon_meta'
[1.869s] Level 1:colcon.colcon_core.package_identification:_identify(src/qcar2_autonomy) by extensions ['ros']
[1.869s] Level 1:colcon.colcon_core.package_identification:_identify(src/qcar2_autonomy) by extension 'ros'
[1.869s] DEBUG:colcon.colcon_core.package_identification:Package 'src/qcar2_autonomy' with type 'ros.ament_python' and name 'qcar2_autonomy'
[1.869s] Level 1:colcon.colcon_core.package_identification:_identify(src/qcar2_interfaces) by extensions ['ignore', 'ignore_ament_install']
[1.869s] Level 1:colcon.colcon_core.package_identification:_identify(src/qcar2_interfaces) by extension 'ignore'
[1.869s] Level 1:colcon.colcon_core.package_identification:_identify(src/qcar2_interfaces) by extension 'ignore_ament_install'
[1.870s] Level 1:colcon.colcon_core.package_identification:_identify(src/qcar2_interfaces) by extensions ['colcon_pkg']
[1.870s] Level 1:colcon.colcon_core.package_identification:_identify(src/qcar2_interfaces) by extension 'colcon_pkg'
[1.870s] Level 1:colcon.colcon_core.package_identification:_identify(src/qcar2_interfaces) by extensions ['colcon_meta']
[1.870s] Level 1:colcon.colcon_core.package_identification:_identify(src/qcar2_interfaces) by extension 'colcon_meta'
[1.870s] Level 1:colcon.colcon_core.package_identification:_identify(src/qcar2_interfaces) by extensions ['ros']
[1.870s] Level 1:colcon.colcon_core.package_identification:_identify(src/qcar2_interfaces) by extension 'ros'
[1.870s] DEBUG:colcon.colcon_core.package_identification:Package 'src/qcar2_interfaces' with type 'ros.ament_cmake' and name 'qcar2_interfaces'
[1.870s] Level 1:colcon.colcon_core.package_identification:_identify(src/qcar2_nodes) by extensions ['ignore', 'ignore_ament_install']
[1.870s] Level 1:colcon.colcon_core.package_identification:_identify(src/qcar2_nodes) by extension 'ignore'
[1.870s] Level 1:colcon.colcon_core.package_identification:_identify(src/qcar2_nodes) by extension 'ignore_ament_install'
[1.870s] Level 1:colcon.colcon_core.package_identification:_identify(src/qcar2_nodes) by extensions ['colcon_pkg']
[1.870s] Level 1:colcon.colcon_core.package_identification:_identify(src/qcar2_nodes) by extension 'colcon_pkg'
[1.870s] Level 1:colcon.colcon_core.package_identification:_identify(src/qcar2_nodes) by extensions ['colcon_meta']
[1.870s] Level 1:colcon.colcon_core.package_identification:_identify(src/qcar2_nodes) by extension 'colcon_meta'
[1.870s] Level 1:colcon.colcon_core.package_identification:_identify(src/qcar2_nodes) by extensions ['ros']
[1.870s] Level 1:colcon.colcon_core.package_identification:_identify(src/qcar2_nodes) by extension 'ros'
[1.871s] DEBUG:colcon.colcon_core.package_identification:Package 'src/qcar2_nodes' with type 'ros.ament_cmake' and name 'qcar2_nodes'
[1.871s] Level 1:colcon.colcon_core.package_identification:_identify(src/quanser_scripts) by extensions ['ignore', 'ignore_ament_install']
[1.871s] Level 1:colcon.colcon_core.package_identification:_identify(src/quanser_scripts) by extension 'ignore'
[1.871s] Level 1:colcon.colcon_core.package_identification:_identify(src/quanser_scripts) by extension 'ignore_ament_install'
[1.871s] Level 1:colcon.colcon_core.package_identification:_identify(src/quanser_scripts) by extensions ['colcon_pkg']
[1.871s] Level 1:colcon.colcon_core.package_identification:_identify(src/quanser_scripts) by extension 'colcon_pkg'
[1.871s] Level 1:colcon.colcon_core.package_identification:_identify(src/quanser_scripts) by extensions ['colcon_meta']
[1.871s] Level 1:colcon.colcon_core.package_identification:_identify(src/quanser_scripts) by extension 'colcon_meta'
[1.871s] Level 1:colcon.colcon_core.package_identification:_identify(src/quanser_scripts) by extensions ['ros']
[1.871s] Level 1:colcon.colcon_core.package_identification:_identify(src/quanser_scripts) by extension 'ros'
[1.871s] Level 1:colcon.colcon_core.package_identification:_identify(src/quanser_scripts) by extensions ['cmake', 'python']
[1.871s] Level 1:colcon.colcon_core.package_identification:_identify(src/quanser_scripts) by extension 'cmake'
[1.872s] Level 1:colcon.colcon_core.package_identification:_identify(src/quanser_scripts) by extension 'python'
[1.872s] Level 1:colcon.colcon_core.package_identification:_identify(src/quanser_scripts) by extensions ['python_setup_py']
[1.872s] Level 1:colcon.colcon_core.package_identification:_identify(src/quanser_scripts) by extension 'python_setup_py'
[1.872s] Level 1:colcon.colcon_core.package_identification:_identify(src/quanser_scripts/Base_Scenarios_Python) by extensions ['ignore', 'ignore_ament_install']
[1.872s] Level 1:colcon.colcon_core.package_identification:_identify(src/quanser_scripts/Base_Scenarios_Python) by extension 'ignore'
[1.872s] Level 1:colcon.colcon_core.package_identification:_identify(src/quanser_scripts/Base_Scenarios_Python) by extension 'ignore_ament_install'
[1.872s] Level 1:colcon.colcon_core.package_identification:_identify(src/quanser_scripts/Base_Scenarios_Python) by extensions ['colcon_pkg']
[1.872s] Level 1:colcon.colcon_core.package_identification:_identify(src/quanser_scripts/Base_Scenarios_Python) by extension 'colcon_pkg'
[1.872s] Level 1:colcon.colcon_core.package_identification:_identify(src/quanser_scripts/Base_Scenarios_Python) by extensions ['colcon_meta']
[1.872s] Level 1:colcon.colcon_core.package_identification:_identify(src/quanser_scripts/Base_Scenarios_Python) by extension 'colcon_meta'
[1.872s] Level 1:colcon.colcon_core.package_identification:_identify(src/quanser_scripts/Base_Scenarios_Python) by extensions ['ros']
[1.872s] Level 1:colcon.colcon_core.package_identification:_identify(src/quanser_scripts/Base_Scenarios_Python) by extension 'ros'
[1.872s] Level 1:colcon.colcon_core.package_identification:_identify(src/quanser_scripts/Base_Scenarios_Python) by extensions ['cmake', 'python']
[1.872s] Level 1:colcon.colcon_core.package_identification:_identify(src/quanser_scripts/Base_Scenarios_Python) by extension 'cmake'
[1.872s] Level 1:colcon.colcon_core.package_identification:_identify(src/quanser_scripts/Base_Scenarios_Python) by extension 'python'
[1.872s] Level 1:colcon.colcon_core.package_identification:_identify(src/quanser_scripts/Base_Scenarios_Python) by extensions ['python_setup_py']
[1.872s] Level 1:colcon.colcon_core.package_identification:_identify(src/quanser_scripts/Base_Scenarios_Python) by extension 'python_setup_py'
[1.872s] Level 1:colcon.colcon_core.package_identification:_identify(src/quanser_scripts/Base_Scenarios_Python/__pycache__) by extensions ['ignore', 'ignore_ament_install']
[1.872s] Level 1:colcon.colcon_core.package_identification:_identify(src/quanser_scripts/Base_Scenarios_Python/__pycache__) by extension 'ignore'
[1.872s] Level 1:colcon.colcon_core.package_identification:_identify(src/quanser_scripts/Base_Scenarios_Python/__pycache__) by extension 'ignore_ament_install'
[1.872s] Level 1:colcon.colcon_core.package_identification:_identify(src/quanser_scripts/Base_Scenarios_Python/__pycache__) by extensions ['colcon_pkg']
[1.872s] Level 1:colcon.colcon_core.package_identification:_identify(src/quanser_scripts/Base_Scenarios_Python/__pycache__) by extension 'colcon_pkg'
[1.872s] Level 1:colcon.colcon_core.package_identification:_identify(src/quanser_scripts/Base_Scenarios_Python/__pycache__) by extensions ['colcon_meta']
[1.872s] Level 1:colcon.colcon_core.package_identification:_identify(src/quanser_scripts/Base_Scenarios_Python/__pycache__) by extension 'colcon_meta'
[1.872s] Level 1:colcon.colcon_core.package_identification:_identify(src/quanser_scripts/Base_Scenarios_Python/__pycache__) by extensions ['ros']
[1.872s] Level 1:colcon.colcon_core.package_identification:_identify(src/quanser_scripts/Base_Scenarios_Python/__pycache__) by extension 'ros'
[1.872s] Level 1:colcon.colcon_core.package_identification:_identify(src/quanser_scripts/Base_Scenarios_Python/__pycache__) by extensions ['cmake', 'python']
[1.872s] Level 1:colcon.colcon_core.package_identification:_identify(src/quanser_scripts/Base_Scenarios_Python/__pycache__) by extension 'cmake'
[1.872s] Level 1:colcon.colcon_core.package_identification:_identify(src/quanser_scripts/Base_Scenarios_Python/__pycache__) by extension 'python'
[1.872s] Level 1:colcon.colcon_core.package_identification:_identify(src/quanser_scripts/Base_Scenarios_Python/__pycache__) by extensions ['python_setup_py']
[1.872s] Level 1:colcon.colcon_core.package_identification:_identify(src/quanser_scripts/Base_Scenarios_Python/__pycache__) by extension 'python_setup_py'
[1.872s] Level 1:colcon.colcon_core.package_identification:_identify(src/rt_models) by extensions ['ignore', 'ignore_ament_install']
[1.872s] Level 1:colcon.colcon_core.package_identification:_identify(src/rt_models) by extension 'ignore'
[1.872s] Level 1:colcon.colcon_core.package_identification:_identify(src/rt_models) by extension 'ignore_ament_install'
[1.873s] Level 1:colcon.colcon_core.package_identification:_identify(src/rt_models) by extensions ['colcon_pkg']
[1.873s] Level 1:colcon.colcon_core.package_identification:_identify(src/rt_models) by extension 'colcon_pkg'
[1.873s] Level 1:colcon.colcon_core.package_identification:_identify(src/rt_models) by extensions ['colcon_meta']
[1.873s] Level 1:colcon.colcon_core.package_identification:_identify(src/rt_models) by extension 'colcon_meta'
[1.873s] Level 1:colcon.colcon_core.package_identification:_identify(src/rt_models) by extensions ['ros']
[1.873s] Level 1:colcon.colcon_core.package_identification:_identify(src/rt_models) by extension 'ros'
[1.873s] Level 1:colcon.colcon_core.package_identification:_identify(src/rt_models) by extensions ['cmake', 'python']
[1.873s] Level 1:colcon.colcon_core.package_identification:_identify(src/rt_models) by extension 'cmake'
[1.873s] Level 1:colcon.colcon_core.package_identification:_identify(src/rt_models) by extension 'python'
[1.873s] Level 1:colcon.colcon_core.package_identification:_identify(src/rt_models) by extensions ['python_setup_py']
[1.873s] Level 1:colcon.colcon_core.package_identification:_identify(src/rt_models) by extension 'python_setup_py'
[1.873s] Level 1:colcon.colcon_core.package_identification:_identify(src/teleop_twist_keyboard) by extensions ['ignore', 'ignore_ament_install']
[1.873s] Level 1:colcon.colcon_core.package_identification:_identify(src/teleop_twist_keyboard) by extension 'ignore'
[1.873s] Level 1:colcon.colcon_core.package_identification:_identify(src/teleop_twist_keyboard) by extension 'ignore_ament_install'
[1.873s] Level 1:colcon.colcon_core.package_identification:_identify(src/teleop_twist_keyboard) by extensions ['colcon_pkg']
[1.873s] Level 1:colcon.colcon_core.package_identification:_identify(src/teleop_twist_keyboard) by extension 'colcon_pkg'
[1.873s] Level 1:colcon.colcon_core.package_identification:_identify(src/teleop_twist_keyboard) by extensions ['colcon_meta']
[1.873s] Level 1:colcon.colcon_core.package_identification:_identify(src/teleop_twist_keyboard) by extension 'colcon_meta'
[1.873s] Level 1:colcon.colcon_core.package_identification:_identify(src/teleop_twist_keyboard) by extensions ['ros']
[1.873s] Level 1:colcon.colcon_core.package_identification:_identify(src/teleop_twist_keyboard) by extension 'ros'
[1.873s] DEBUG:colcon.colcon_core.package_identification:Package 'src/teleop_twist_keyboard' with type 'ros.catkin' and name 'teleop_twist_keyboard'
[1.874s] Level 1:colcon.colcon_core.package_discovery:discover_packages(recursive) using defaults
[1.874s] Level 1:colcon.colcon_core.package_discovery:discover_packages(ignore) discover
[1.874s] Level 1:colcon.colcon_core.package_discovery:discover_packages(ignore) using defaults
[1.874s] Level 1:colcon.colcon_core.package_discovery:discover_packages(path) discover
[1.874s] Level 1:colcon.colcon_core.package_discovery:discover_packages(path) using defaults
[1.917s] INFO:colcon.colcon_core.package_selection:Skipping not selected package 'isaac_ros_common' in 'isaac_ros_common'
[1.917s] INFO:colcon.colcon_core.package_selection:Skipping not selected package 'isaac_ros_test' in 'isaac_ros_test'
[1.917s] INFO:colcon.colcon_core.package_selection:Skipping not selected package 'qcar2_interfaces' in 'src/qcar2_interfaces'
[1.917s] INFO:colcon.colcon_core.package_selection:Skipping not selected package 'teleop_twist_keyboard' in 'src/teleop_twist_keyboard'
[1.917s] INFO:colcon.colcon_core.package_selection:Skipping not selected package 'acc_2026_project' in 'src/acc_2026_project'
[1.917s] INFO:colcon.colcon_core.package_selection:Skipping not selected package 'isaac_ros_apriltag_interfaces' in 'isaac_ros_apriltag_interfaces'
[1.917s] INFO:colcon.colcon_core.package_selection:Skipping not selected package 'isaac_ros_bi3d_interfaces' in 'isaac_ros_bi3d_interfaces'
[1.917s] INFO:colcon.colcon_core.package_selection:Skipping not selected package 'isaac_ros_nitros_bridge_interfaces' in 'isaac_ros_nitros_bridge_interfaces'
[1.917s] INFO:colcon.colcon_core.package_selection:Skipping not selected package 'isaac_ros_nova_interfaces' in 'isaac_ros_nova_interfaces'
[1.917s] INFO:colcon.colcon_core.package_selection:Skipping not selected package 'isaac_ros_pointcloud_interfaces' in 'isaac_ros_pointcloud_interfaces'
[1.917s] INFO:colcon.colcon_core.package_selection:Skipping not selected package 'isaac_ros_tensor_list_interfaces' in 'isaac_ros_tensor_list_interfaces'
[1.917s] INFO:colcon.colcon_core.package_selection:Skipping not selected package 'qcar2_autonomy' in 'src/qcar2_autonomy'
[1.933s] Level 1:colcon.colcon_core.package_discovery:discover_packages(prefix_path) check parameters
[1.933s] Level 1:colcon.colcon_core.package_discovery:discover_packages(prefix_path) discover
[1.952s] DEBUG:colcon.colcon_installed_package_information.package_discovery:Found 18 installed packages in /workspace/cartographer_ws/install
[1.960s] DEBUG:colcon.colcon_installed_package_information.package_discovery:Found 289 installed packages in /opt/ros/humble
[1.961s] Level 1:colcon.colcon_core.package_discovery:discover_packages(prefix_path) using defaults
[2.044s] Level 5:colcon.colcon_core.verb:set package 'qcar2_nodes' build argument 'cmake_args' from command line to 'None'
[2.045s] Level 5:colcon.colcon_core.verb:set package 'qcar2_nodes' build argument 'cmake_target' from command line to 'None'
[2.045s] Level 5:colcon.colcon_core.verb:set package 'qcar2_nodes' build argument 'cmake_target_skip_unavailable' from command line to 'False'
[2.045s] Level 5:colcon.colcon_core.verb:set package 'qcar2_nodes' build argument 'cmake_clean_cache' from command line to 'False'
[2.045s] Level 5:colcon.colcon_core.verb:set package 'qcar2_nodes' build argument 'cmake_clean_first' from command line to 'False'
[2.045s] Level 5:colcon.colcon_core.verb:set package 'qcar2_nodes' build argument 'cmake_force_configure' from command line to 'False'
[2.045s] Level 5:colcon.colcon_core.verb:set package 'qcar2_nodes' build argument 'ament_cmake_args' from command line to 'None'
[2.045s] Level 5:colcon.colcon_core.verb:set package 'qcar2_nodes' build argument 'catkin_cmake_args' from command line to 'None'
[2.045s] Level 5:colcon.colcon_core.verb:set package 'qcar2_nodes' build argument 'catkin_skip_building_tests' from command line to 'False'
[2.045s] DEBUG:colcon.colcon_core.verb:Building package 'qcar2_nodes' with the following arguments: {'ament_cmake_args': None, 'build_base': '/workspaces/isaac_ros-dev/build/qcar2_nodes', 'catkin_cmake_args': None, 'catkin_skip_building_tests': False, 'cmake_args': None, 'cmake_clean_cache': False, 'cmake_clean_first': False, 'cmake_force_configure': False, 'cmake_target': None, 'cmake_target_skip_unavailable': False, 'install_base': '/workspaces/isaac_ros-dev/install/qcar2_nodes', 'merge_install': False, 'path': '/workspaces/isaac_ros-dev/src/qcar2_nodes', 'symlink_install': False, 'test_result_base': None}
[2.051s] INFO:colcon.colcon_core.executor:Executing jobs using 'parallel' executor
[2.058s] DEBUG:colcon.colcon_parallel_executor.executor.parallel:run_until_complete
[2.058s] INFO:colcon.colcon_ros.task.ament_cmake.build:Building ROS package in '/workspaces/isaac_ros-dev/src/qcar2_nodes' with build type 'ament_cmake'
[2.058s] INFO:colcon.colcon_cmake.task.cmake.build:Building CMake package in '/workspaces/isaac_ros-dev/src/qcar2_nodes'
[2.070s] INFO:colcon.colcon_core.plugin_system:Skipping extension 'colcon_core.shell.bat': Not used on non-Windows systems
[2.070s] INFO:colcon.colcon_core.shell:Skip shell extension 'powershell' for command environment: Not usable outside of PowerShell
[2.070s] DEBUG:colcon.colcon_core.shell:Skip shell extension 'dsv' for command environment
[2.100s] ERROR:colcon.colcon_cmake.task.cmake.build:Failed to find the following files:
- /workspaces/isaac_ros-dev/install/qcar2_interfaces/share/qcar2_interfaces/package.sh
Check that the following packages have been built:
- qcar2_interfaces
[2.101s] Level 1:colcon.colcon_core.environment:create_environment_scripts_only(qcar2_nodes)
[2.110s] Level 1:colcon.colcon_core.environment:checking '/workspaces/isaac_ros-dev/install/qcar2_nodes' for CMake module files
[2.110s] Level 1:colcon.colcon_core.environment:checking '/workspaces/isaac_ros-dev/install/qcar2_nodes' for CMake config files
[2.111s] Level 1:colcon.colcon_core.environment:checking '/workspaces/isaac_ros-dev/install/qcar2_nodes/bin'
[2.111s] Level 1:colcon.colcon_core.environment:checking '/workspaces/isaac_ros-dev/install/qcar2_nodes/lib/pkgconfig/qcar2_nodes.pc'
[2.111s] Level 1:colcon.colcon_core.environment:checking '/workspaces/isaac_ros-dev/install/qcar2_nodes/lib/python3.8/site-packages'
[2.111s] Level 1:colcon.colcon_core.environment:checking '/workspaces/isaac_ros-dev/install/qcar2_nodes/bin'
[2.117s] INFO:colcon.colcon_core.shell:Creating package script '/workspaces/isaac_ros-dev/install/qcar2_nodes/share/qcar2_nodes/package.ps1'
[2.118s] INFO:colcon.colcon_core.shell:Creating package descriptor '/workspaces/isaac_ros-dev/install/qcar2_nodes/share/qcar2_nodes/package.dsv'
[2.118s] INFO:colcon.colcon_core.shell:Creating package script '/workspaces/isaac_ros-dev/install/qcar2_nodes/share/qcar2_nodes/package.sh'
[2.119s] INFO:colcon.colcon_core.shell:Creating package script '/workspaces/isaac_ros-dev/install/qcar2_nodes/share/qcar2_nodes/package.bash'
[2.120s] INFO:colcon.colcon_core.shell:Creating package script '/workspaces/isaac_ros-dev/install/qcar2_nodes/share/qcar2_nodes/package.zsh'
[2.121s] Level 1:colcon.colcon_core.environment:create_file_with_runtime_dependencies(/workspaces/isaac_ros-dev/install/qcar2_nodes/share/colcon-core/packages/qcar2_nodes)
[2.132s] DEBUG:colcon.colcon_parallel_executor.executor.parallel:closing loop
[2.132s] DEBUG:colcon.colcon_parallel_executor.executor.parallel:loop closed
[2.132s] DEBUG:colcon.colcon_parallel_executor.executor.parallel:run_until_complete finished with '1'
[2.132s] DEBUG:colcon.colcon_core.event_reactor:joining thread
[2.153s] INFO:colcon.colcon_core.plugin_system:Skipping extension 'colcon_notification.desktop_notification.notify_send': Could not find 'notify-send'
[2.153s] INFO:colcon.colcon_core.plugin_system:Skipping extension 'colcon_notification.desktop_notification.terminal_notifier': Not used on non-Darwin systems
[2.153s] INFO:colcon.colcon_core.plugin_system:Skipping extension 'colcon_notification.desktop_notification.win32': Not used on non-Windows systems
[2.153s] INFO:colcon.colcon_notification.desktop_notification:Sending desktop notification using 'notify2'
[2.156s] DEBUG:colcon.colcon_notification.desktop_notification.notify2:Failed to initialize notify2: org.freedesktop.DBus.Error.Spawn.ExecFailed: /usr/bin/dbus-launch terminated abnormally without any error message
[2.156s] DEBUG:colcon.colcon_core.event_reactor:joined thread
[2.164s] INFO:colcon.colcon_core.shell:Creating prefix script '/workspaces/isaac_ros-dev/install/local_setup.ps1'
[2.165s] INFO:colcon.colcon_core.shell:Creating prefix util module '/workspaces/isaac_ros-dev/install/_local_setup_util_ps1.py'
[2.166s] INFO:colcon.colcon_core.shell:Creating prefix chain script '/workspaces/isaac_ros-dev/install/setup.ps1'
[2.174s] INFO:colcon.colcon_core.shell:Creating prefix script '/workspaces/isaac_ros-dev/install/local_setup.sh'
[2.175s] INFO:colcon.colcon_core.shell:Creating prefix util module '/workspaces/isaac_ros-dev/install/_local_setup_util_sh.py'
[2.175s] INFO:colcon.colcon_core.shell:Creating prefix chain script '/workspaces/isaac_ros-dev/install/setup.sh'
[2.183s] INFO:colcon.colcon_core.shell:Creating prefix script '/workspaces/isaac_ros-dev/install/local_setup.bash'
[2.184s] INFO:colcon.colcon_core.shell:Creating prefix chain script '/workspaces/isaac_ros-dev/install/setup.bash'
[2.193s] INFO:colcon.colcon_core.shell:Creating prefix script '/workspaces/isaac_ros-dev/install/local_setup.zsh'
[2.194s] INFO:colcon.colcon_core.shell:Creating prefix chain script '/workspaces/isaac_ros-dev/install/setup.zsh'
