[1.531s] Invoking command in '/workspaces/isaac_ros-dev/src/acc_2026_project': CMAKE_PREFIX_PATH=/workspaces/isaac_ros-dev/install/qcar2_interfaces:/workspaces/isaac_ros-dev/install/qcar2_nodes:/workspace/cartographer_ws/install/perception_pcl:/workspace/cartographer_ws/install/pcl_ros:/workspace/cartographer_ws/install/cartographer_rviz:/workspace/cartographer_ws/install/cartographer_ros:/workspace/cartographer_ws/install/pcl_conversions:/workspace/cartographer_ws/install/pcl_msgs:/workspace/cartographer_ws/install/isaac_ros_tensor_list_interfaces:/workspace/cartographer_ws/install/isaac_ros_pointcloud_interfaces:/workspace/cartographer_ws/install/isaac_ros_nova_interfaces:/workspace/cartographer_ws/install/isaac_ros_nitros_bridge_interfaces:/workspace/cartographer_ws/install/isaac_ros_common:/workspace/cartographer_ws/install/isaac_ros_bi3d_interfaces:/workspace/cartographer_ws/install/isaac_ros_apriltag_interfaces:/workspace/cartographer_ws/install/control_msgs:/workspace/cartographer_ws/install/cartographer_ros_msgs:/workspace/cartographer_ws/install/cartographer:/workspace/cartographer_ws/install/absl PYTHONPATH=/workspaces/isaac_ros-dev/build/acc_2026_project/prefix_override:/workspaces/isaac_ros-dev/install/acc_2026_project/lib/python3.8/site-packages:/workspaces/isaac_ros-dev/install/qcar2_interfaces/lib/python3.8/site-packages:/workspaces/isaac_ros-dev/install/qcar2_autonomy/lib/python3.8/site-packages:/workspace/cartographer_ws/install/pcl_msgs/lib/python3.8/site-packages:/workspace/cartographer_ws/build/isaac_ros_test:/workspace/cartographer_ws/install/isaac_ros_test/lib/python3.8/site-packages:/workspace/cartographer_ws/install/isaac_ros_tensor_list_interfaces/lib/python3.8/site-packages:/workspace/cartographer_ws/install/isaac_ros_pointcloud_interfaces/lib/python3.8/site-packages:/workspace/cartographer_ws/install/isaac_ros_nova_interfaces/lib/python3.8/site-packages:/workspace/cartographer_ws/install/isaac_ros_nitros_bridge_interfaces/lib/python3.8/site-packages:/workspace/cartographer_ws/install/isaac_ros_bi3d_interfaces/lib/python3.8/site-packages:/workspace/cartographer_ws/install/isaac_ros_apriltag_interfaces/lib/python3.8/site-packages:/workspace/cartographer_ws/install/control_msgs/lib/python3.8/site-packages:/workspace/cartographer_ws/install/cartographer_ros_msgs/lib/python3.8/site-packages:/opt/ros/humble/lib/python3.8/site-packages:/home/Quanser/0_libraries/python _=/usr/bin/env /usr/bin/python3 setup.py egg_info --egg-base ../../build/acc_2026_project build --build-base /workspaces/isaac_ros-dev/build/acc_2026_project/build install --record /workspaces/isaac_ros-dev/build/acc_2026_project/install.log --single-version-externally-managed
[1.954s] running egg_info
[1.954s] creating ../../build/acc_2026_project/acc_2026_project.egg-info
[1.966s] writing ../../build/acc_2026_project/acc_2026_project.egg-info/PKG-INFO
[1.966s] writing dependency_links to ../../build/acc_2026_project/acc_2026_project.egg-info/dependency_links.txt
[1.967s] writing entry points to ../../build/acc_2026_project/acc_2026_project.egg-info/entry_points.txt
[1.967s] writing requirements to ../../build/acc_2026_project/acc_2026_project.egg-info/requires.txt
[1.967s] writing top-level names to ../../build/acc_2026_project/acc_2026_project.egg-info/top_level.txt
[1.967s] writing manifest file '../../build/acc_2026_project/acc_2026_project.egg-info/SOURCES.txt'
[1.992s] reading manifest file '../../build/acc_2026_project/acc_2026_project.egg-info/SOURCES.txt'
[1.994s] writing manifest file '../../build/acc_2026_project/acc_2026_project.egg-info/SOURCES.txt'
[1.994s] running build
[1.995s] running build_py
[1.995s] creating /workspaces/isaac_ros-dev/build/acc_2026_project/build
[1.995s] creating /workspaces/isaac_ros-dev/build/acc_2026_project/build/lib
[1.995s] creating /workspaces/isaac_ros-dev/build/acc_2026_project/build/lib/acc_2026_project
[1.996s] copying acc_2026_project/osman_dembiala.py -> /workspaces/isaac_ros-dev/build/acc_2026_project/build/lib/acc_2026_project
[1.996s] copying acc_2026_project/QCar2_lane_following.py -> /workspaces/isaac_ros-dev/build/acc_2026_project/build/lib/acc_2026_project
[1.996s] copying acc_2026_project/check_setup.py -> /workspaces/isaac_ros-dev/build/acc_2026_project/build/lib/acc_2026_project
[1.996s] copying acc_2026_project/__init__.py -> /workspaces/isaac_ros-dev/build/acc_2026_project/build/lib/acc_2026_project
[1.996s] copying acc_2026_project/qcar.py -> /workspaces/isaac_ros-dev/build/acc_2026_project/build/lib/acc_2026_project
[1.996s] copying acc_2026_project/check_all_cameras.py -> /workspaces/isaac_ros-dev/build/acc_2026_project/build/lib/acc_2026_project
[1.997s] copying acc_2026_project/fawzi.py -> /workspaces/isaac_ros-dev/build/acc_2026_project/build/lib/acc_2026_project
[1.997s] copying acc_2026_project/lane_follower.py -> /workspaces/isaac_ros-dev/build/acc_2026_project/build/lib/acc_2026_project
[1.997s] copying acc_2026_project/install.py -> /workspaces/isaac_ros-dev/build/acc_2026_project/build/lib/acc_2026_project
[1.997s] copying acc_2026_project/zaid.py -> /workspaces/isaac_ros-dev/build/acc_2026_project/build/lib/acc_2026_project
[1.997s] creating /workspaces/isaac_ros-dev/build/acc_2026_project/build/lib/acc_2026_project/Quanser_Interactive_Labs_Resources
[1.997s] copying acc_2026_project/Quanser_Interactive_Labs_Resources/__init__.py -> /workspaces/isaac_ros-dev/build/acc_2026_project/build/lib/acc_2026_project/Quanser_Interactive_Labs_Resources
[1.997s] copying acc_2026_project/Quanser_Interactive_Labs_Resources/install.py -> /workspaces/isaac_ros-dev/build/acc_2026_project/build/lib/acc_2026_project/Quanser_Interactive_Labs_Resources
[1.997s] creating /workspaces/isaac_ros-dev/build/acc_2026_project/build/lib/acc_2026_project/pal
[1.997s] copying acc_2026_project/pal/__init__.py -> /workspaces/isaac_ros-dev/build/acc_2026_project/build/lib/acc_2026_project/pal
[1.997s] creating /workspaces/isaac_ros-dev/build/acc_2026_project/build/lib/acc_2026_project/Quanser_Interactive_Labs_Resources/tutorials
[1.997s] copying acc_2026_project/Quanser_Interactive_Labs_Resources/tutorials/shredder_tutorial.py -> /workspaces/isaac_ros-dev/build/acc_2026_project/build/lib/acc_2026_project/Quanser_Interactive_Labs_Resources/tutorials
[1.998s] copying acc_2026_project/Quanser_Interactive_Labs_Resources/tutorials/conveyor_tutorial.py -> /workspaces/isaac_ros-dev/build/acc_2026_project/build/lib/acc_2026_project/Quanser_Interactive_Labs_Resources/tutorials
[1.998s] copying acc_2026_project/Quanser_Interactive_Labs_Resources/tutorials/road_signage_tutorial.py -> /workspaces/isaac_ros-dev/build/acc_2026_project/build/lib/acc_2026_project/Quanser_Interactive_Labs_Resources/tutorials
[1.998s] copying acc_2026_project/Quanser_Interactive_Labs_Resources/tutorials/camera_tutorial.py -> /workspaces/isaac_ros-dev/build/acc_2026_project/build/lib/acc_2026_project/Quanser_Interactive_Labs_Resources/tutorials
[1.998s] copying acc_2026_project/Quanser_Interactive_Labs_Resources/tutorials/crosswalk_tutorial.py -> /workspaces/isaac_ros-dev/build/acc_2026_project/build/lib/acc_2026_project/Quanser_Interactive_Labs_Resources/tutorials
[1.998s] copying acc_2026_project/Quanser_Interactive_Labs_Resources/tutorials/traffic_cones_tutorial.py -> /workspaces/isaac_ros-dev/build/acc_2026_project/build/lib/acc_2026_project/Quanser_Interactive_Labs_Resources/tutorials
[1.998s] copying acc_2026_project/Quanser_Interactive_Labs_Resources/tutorials/complete_road_signage_tutorial.py -> /workspaces/isaac_ros-dev/build/acc_2026_project/build/lib/acc_2026_project/Quanser_Interactive_Labs_Resources/tutorials
[1.998s] copying acc_2026_project/Quanser_Interactive_Labs_Resources/tutorials/qcar_floor_mats_tutorial.py -> /workspaces/isaac_ros-dev/build/acc_2026_project/build/lib/acc_2026_project/Quanser_Interactive_Labs_Resources/tutorials
[1.998s] copying acc_2026_project/Quanser_Interactive_Labs_Resources/tutorials/people_tutorial.py -> /workspaces/isaac_ros-dev/build/acc_2026_project/build/lib/acc_2026_project/Quanser_Interactive_Labs_Resources/tutorials
[1.999s] copying acc_2026_project/Quanser_Interactive_Labs_Resources/tutorials/__init__.py -> /workspaces/isaac_ros-dev/build/acc_2026_project/build/lib/acc_2026_project/Quanser_Interactive_Labs_Resources/tutorials
[1.999s] copying acc_2026_project/Quanser_Interactive_Labs_Resources/tutorials/qcar2_tutorial.py -> /workspaces/isaac_ros-dev/build/acc_2026_project/build/lib/acc_2026_project/Quanser_Interactive_Labs_Resources/tutorials
[1.999s] copying acc_2026_project/Quanser_Interactive_Labs_Resources/tutorials/qdrone2_tutorial.py -> /workspaces/isaac_ros-dev/build/acc_2026_project/build/lib/acc_2026_project/Quanser_Interactive_Labs_Resources/tutorials
[1.999s] copying acc_2026_project/Quanser_Interactive_Labs_Resources/tutorials/walls_tutorial.py -> /workspaces/isaac_ros-dev/build/acc_2026_project/build/lib/acc_2026_project/Quanser_Interactive_Labs_Resources/tutorials
[1.999s] copying acc_2026_project/Quanser_Interactive_Labs_Resources/tutorials/office_tutorial.py -> /workspaces/isaac_ros-dev/build/acc_2026_project/build/lib/acc_2026_project/Quanser_Interactive_Labs_Resources/tutorials
[1.999s] copying acc_2026_project/Quanser_Interactive_Labs_Resources/tutorials/splines_tutorial.py -> /workspaces/isaac_ros-dev/build/acc_2026_project/build/lib/acc_2026_project/Quanser_Interactive_Labs_Resources/tutorials
[1.999s] copying acc_2026_project/Quanser_Interactive_Labs_Resources/tutorials/widgets_tutorial.py -> /workspaces/isaac_ros-dev/build/acc_2026_project/build/lib/acc_2026_project/Quanser_Interactive_Labs_Resources/tutorials
[1.999s] copying acc_2026_project/Quanser_Interactive_Labs_Resources/tutorials/office_tutorial2.py -> /workspaces/isaac_ros-dev/build/acc_2026_project/build/lib/acc_2026_project/Quanser_Interactive_Labs_Resources/tutorials
[1.999s] copying acc_2026_project/Quanser_Interactive_Labs_Resources/tutorials/multiagent_tutorial.py -> /workspaces/isaac_ros-dev/build/acc_2026_project/build/lib/acc_2026_project/Quanser_Interactive_Labs_Resources/tutorials
[1.999s] copying acc_2026_project/Quanser_Interactive_Labs_Resources/tutorials/traffic_lights_tutorial.py -> /workspaces/isaac_ros-dev/build/acc_2026_project/build/lib/acc_2026_project/Quanser_Interactive_Labs_Resources/tutorials
[1.999s] copying acc_2026_project/Quanser_Interactive_Labs_Resources/tutorials/basic_shapes_tutorial.py -> /workspaces/isaac_ros-dev/build/acc_2026_project/build/lib/acc_2026_project/Quanser_Interactive_Labs_Resources/tutorials
[1.999s] copying acc_2026_project/Quanser_Interactive_Labs_Resources/tutorials/qcar_tutorial.py -> /workspaces/isaac_ros-dev/build/acc_2026_project/build/lib/acc_2026_project/Quanser_Interactive_Labs_Resources/tutorials
[1.999s] copying acc_2026_project/Quanser_Interactive_Labs_Resources/tutorials/weather_tutorial.py -> /workspaces/isaac_ros-dev/build/acc_2026_project/build/lib/acc_2026_project/Quanser_Interactive_Labs_Resources/tutorials
[2.000s] copying acc_2026_project/Quanser_Interactive_Labs_Resources/tutorials/wall_maze_tutorial.py -> /workspaces/isaac_ros-dev/build/acc_2026_project/build/lib/acc_2026_project/Quanser_Interactive_Labs_Resources/tutorials
[2.000s] copying acc_2026_project/Quanser_Interactive_Labs_Resources/tutorials/animals_tutorial.py -> /workspaces/isaac_ros-dev/build/acc_2026_project/build/lib/acc_2026_project/Quanser_Interactive_Labs_Resources/tutorials
[2.001s] running install
[2.007s] running install_lib
[2.020s] creating /workspaces/isaac_ros-dev/install/acc_2026_project/lib/python3.8/site-packages/acc_2026_project
[2.020s] copying /workspaces/isaac_ros-dev/build/acc_2026_project/build/lib/acc_2026_project/osman_dembiala.py -> /workspaces/isaac_ros-dev/install/acc_2026_project/lib/python3.8/site-packages/acc_2026_project
[2.021s] copying /workspaces/isaac_ros-dev/build/acc_2026_project/build/lib/acc_2026_project/QCar2_lane_following.py -> /workspaces/isaac_ros-dev/install/acc_2026_project/lib/python3.8/site-packages/acc_2026_project
[2.021s] copying /workspaces/isaac_ros-dev/build/acc_2026_project/build/lib/acc_2026_project/check_setup.py -> /workspaces/isaac_ros-dev/install/acc_2026_project/lib/python3.8/site-packages/acc_2026_project
[2.021s] copying /workspaces/isaac_ros-dev/build/acc_2026_project/build/lib/acc_2026_project/__init__.py -> /workspaces/isaac_ros-dev/install/acc_2026_project/lib/python3.8/site-packages/acc_2026_project
[2.021s] copying /workspaces/isaac_ros-dev/build/acc_2026_project/build/lib/acc_2026_project/qcar.py -> /workspaces/isaac_ros-dev/install/acc_2026_project/lib/python3.8/site-packages/acc_2026_project
[2.021s] copying /workspaces/isaac_ros-dev/build/acc_2026_project/build/lib/acc_2026_project/check_all_cameras.py -> /workspaces/isaac_ros-dev/install/acc_2026_project/lib/python3.8/site-packages/acc_2026_project
[2.022s] copying /workspaces/isaac_ros-dev/build/acc_2026_project/build/lib/acc_2026_project/fawzi.py -> /workspaces/isaac_ros-dev/install/acc_2026_project/lib/python3.8/site-packages/acc_2026_project
[2.022s] creating /workspaces/isaac_ros-dev/install/acc_2026_project/lib/python3.8/site-packages/acc_2026_project/Quanser_Interactive_Labs_Resources
[2.022s] copying /workspaces/isaac_ros-dev/build/acc_2026_project/build/lib/acc_2026_project/Quanser_Interactive_Labs_Resources/__init__.py -> /workspaces/isaac_ros-dev/install/acc_2026_project/lib/python3.8/site-packages/acc_2026_project/Quanser_Interactive_Labs_Resources
[2.022s] copying /workspaces/isaac_ros-dev/build/acc_2026_project/build/lib/acc_2026_project/Quanser_Interactive_Labs_Resources/install.py -> /workspaces/isaac_ros-dev/install/acc_2026_project/lib/python3.8/site-packages/acc_2026_project/Quanser_Interactive_Labs_Resources
[2.022s] creating /workspaces/isaac_ros-dev/install/acc_2026_project/lib/python3.8/site-packages/acc_2026_project/Quanser_Interactive_Labs_Resources/tutorials
[2.023s] copying /workspaces/isaac_ros-dev/build/acc_2026_project/build/lib/acc_2026_project/Quanser_Interactive_Labs_Resources/tutorials/shredder_tutorial.py -> /workspaces/isaac_ros-dev/install/acc_2026_project/lib/python3.8/site-packages/acc_2026_project/Quanser_Interactive_Labs_Resources/tutorials
[2.023s] copying /workspaces/isaac_ros-dev/build/acc_2026_project/build/lib/acc_2026_project/Quanser_Interactive_Labs_Resources/tutorials/conveyor_tutorial.py -> /workspaces/isaac_ros-dev/install/acc_2026_project/lib/python3.8/site-packages/acc_2026_project/Quanser_Interactive_Labs_Resources/tutorials
[2.023s] copying /workspaces/isaac_ros-dev/build/acc_2026_project/build/lib/acc_2026_project/Quanser_Interactive_Labs_Resources/tutorials/road_signage_tutorial.py -> /workspaces/isaac_ros-dev/install/acc_2026_project/lib/python3.8/site-packages/acc_2026_project/Quanser_Interactive_Labs_Resources/tutorials
[2.023s] copying /workspaces/isaac_ros-dev/build/acc_2026_project/build/lib/acc_2026_project/Quanser_Interactive_Labs_Resources/tutorials/camera_tutorial.py -> /workspaces/isaac_ros-dev/install/acc_2026_project/lib/python3.8/site-packages/acc_2026_project/Quanser_Interactive_Labs_Resources/tutorials
[2.023s] copying /workspaces/isaac_ros-dev/build/acc_2026_project/build/lib/acc_2026_project/Quanser_Interactive_Labs_Resources/tutorials/crosswalk_tutorial.py -> /workspaces/isaac_ros-dev/install/acc_2026_project/lib/python3.8/site-packages/acc_2026_project/Quanser_Interactive_Labs_Resources/tutorials
[2.024s] copying /workspaces/isaac_ros-dev/build/acc_2026_project/build/lib/acc_2026_project/Quanser_Interactive_Labs_Resources/tutorials/traffic_cones_tutorial.py -> /workspaces/isaac_ros-dev/install/acc_2026_project/lib/python3.8/site-packages/acc_2026_project/Quanser_Interactive_Labs_Resources/tutorials
[2.024s] copying /workspaces/isaac_ros-dev/build/acc_2026_project/build/lib/acc_2026_project/Quanser_Interactive_Labs_Resources/tutorials/complete_road_signage_tutorial.py -> /workspaces/isaac_ros-dev/install/acc_2026_project/lib/python3.8/site-packages/acc_2026_project/Quanser_Interactive_Labs_Resources/tutorials
[2.024s] copying /workspaces/isaac_ros-dev/build/acc_2026_project/build/lib/acc_2026_project/Quanser_Interactive_Labs_Resources/tutorials/qcar_floor_mats_tutorial.py -> /workspaces/isaac_ros-dev/install/acc_2026_project/lib/python3.8/site-packages/acc_2026_project/Quanser_Interactive_Labs_Resources/tutorials
[2.024s] copying /workspaces/isaac_ros-dev/build/acc_2026_project/build/lib/acc_2026_project/Quanser_Interactive_Labs_Resources/tutorials/people_tutorial.py -> /workspaces/isaac_ros-dev/install/acc_2026_project/lib/python3.8/site-packages/acc_2026_project/Quanser_Interactive_Labs_Resources/tutorials
[2.024s] copying /workspaces/isaac_ros-dev/build/acc_2026_project/build/lib/acc_2026_project/Quanser_Interactive_Labs_Resources/tutorials/__init__.py -> /workspaces/isaac_ros-dev/install/acc_2026_project/lib/python3.8/site-packages/acc_2026_project/Quanser_Interactive_Labs_Resources/tutorials
[2.024s] copying /workspaces/isaac_ros-dev/build/acc_2026_project/build/lib/acc_2026_project/Quanser_Interactive_Labs_Resources/tutorials/qcar2_tutorial.py -> /workspaces/isaac_ros-dev/install/acc_2026_project/lib/python3.8/site-packages/acc_2026_project/Quanser_Interactive_Labs_Resources/tutorials
[2.025s] copying /workspaces/isaac_ros-dev/build/acc_2026_project/build/lib/acc_2026_project/Quanser_Interactive_Labs_Resources/tutorials/qdrone2_tutorial.py -> /workspaces/isaac_ros-dev/install/acc_2026_project/lib/python3.8/site-packages/acc_2026_project/Quanser_Interactive_Labs_Resources/tutorials
[2.025s] copying /workspaces/isaac_ros-dev/build/acc_2026_project/build/lib/acc_2026_project/Quanser_Interactive_Labs_Resources/tutorials/walls_tutorial.py -> /workspaces/isaac_ros-dev/install/acc_2026_project/lib/python3.8/site-packages/acc_2026_project/Quanser_Interactive_Labs_Resources/tutorials
[2.025s] copying /workspaces/isaac_ros-dev/build/acc_2026_project/build/lib/acc_2026_project/Quanser_Interactive_Labs_Resources/tutorials/office_tutorial.py -> /workspaces/isaac_ros-dev/install/acc_2026_project/lib/python3.8/site-packages/acc_2026_project/Quanser_Interactive_Labs_Resources/tutorials
[2.025s] copying /workspaces/isaac_ros-dev/build/acc_2026_project/build/lib/acc_2026_project/Quanser_Interactive_Labs_Resources/tutorials/splines_tutorial.py -> /workspaces/isaac_ros-dev/install/acc_2026_project/lib/python3.8/site-packages/acc_2026_project/Quanser_Interactive_Labs_Resources/tutorials
[2.025s] copying /workspaces/isaac_ros-dev/build/acc_2026_project/build/lib/acc_2026_project/Quanser_Interactive_Labs_Resources/tutorials/widgets_tutorial.py -> /workspaces/isaac_ros-dev/install/acc_2026_project/lib/python3.8/site-packages/acc_2026_project/Quanser_Interactive_Labs_Resources/tutorials
[2.025s] copying /workspaces/isaac_ros-dev/build/acc_2026_project/build/lib/acc_2026_project/Quanser_Interactive_Labs_Resources/tutorials/office_tutorial2.py -> /workspaces/isaac_ros-dev/install/acc_2026_project/lib/python3.8/site-packages/acc_2026_project/Quanser_Interactive_Labs_Resources/tutorials
[2.025s] copying /workspaces/isaac_ros-dev/build/acc_2026_project/build/lib/acc_2026_project/Quanser_Interactive_Labs_Resources/tutorials/multiagent_tutorial.py -> /workspaces/isaac_ros-dev/install/acc_2026_project/lib/python3.8/site-packages/acc_2026_project/Quanser_Interactive_Labs_Resources/tutorials
[2.025s] copying /workspaces/isaac_ros-dev/build/acc_2026_project/build/lib/acc_2026_project/Quanser_Interactive_Labs_Resources/tutorials/traffic_lights_tutorial.py -> /workspaces/isaac_ros-dev/install/acc_2026_project/lib/python3.8/site-packages/acc_2026_project/Quanser_Interactive_Labs_Resources/tutorials
[2.025s] copying /workspaces/isaac_ros-dev/build/acc_2026_project/build/lib/acc_2026_project/Quanser_Interactive_Labs_Resources/tutorials/basic_shapes_tutorial.py -> /workspaces/isaac_ros-dev/install/acc_2026_project/lib/python3.8/site-packages/acc_2026_project/Quanser_Interactive_Labs_Resources/tutorials
[2.025s] copying /workspaces/isaac_ros-dev/build/acc_2026_project/build/lib/acc_2026_project/Quanser_Interactive_Labs_Resources/tutorials/qcar_tutorial.py -> /workspaces/isaac_ros-dev/install/acc_2026_project/lib/python3.8/site-packages/acc_2026_project/Quanser_Interactive_Labs_Resources/tutorials
[2.025s] copying /workspaces/isaac_ros-dev/build/acc_2026_project/build/lib/acc_2026_project/Quanser_Interactive_Labs_Resources/tutorials/weather_tutorial.py -> /workspaces/isaac_ros-dev/install/acc_2026_project/lib/python3.8/site-packages/acc_2026_project/Quanser_Interactive_Labs_Resources/tutorials
[2.025s] copying /workspaces/isaac_ros-dev/build/acc_2026_project/build/lib/acc_2026_project/Quanser_Interactive_Labs_Resources/tutorials/wall_maze_tutorial.py -> /workspaces/isaac_ros-dev/install/acc_2026_project/lib/python3.8/site-packages/acc_2026_project/Quanser_Interactive_Labs_Resources/tutorials
[2.025s] copying /workspaces/isaac_ros-dev/build/acc_2026_project/build/lib/acc_2026_project/Quanser_Interactive_Labs_Resources/tutorials/animals_tutorial.py -> /workspaces/isaac_ros-dev/install/acc_2026_project/lib/python3.8/site-packages/acc_2026_project/Quanser_Interactive_Labs_Resources/tutorials
[2.025s] creating /workspaces/isaac_ros-dev/install/acc_2026_project/lib/python3.8/site-packages/acc_2026_project/pal
[2.025s] copying /workspaces/isaac_ros-dev/build/acc_2026_project/build/lib/acc_2026_project/pal/__init__.py -> /workspaces/isaac_ros-dev/install/acc_2026_project/lib/python3.8/site-packages/acc_2026_project/pal
[2.025s] copying /workspaces/isaac_ros-dev/build/acc_2026_project/build/lib/acc_2026_project/lane_follower.py -> /workspaces/isaac_ros-dev/install/acc_2026_project/lib/python3.8/site-packages/acc_2026_project
[2.025s] copying /workspaces/isaac_ros-dev/build/acc_2026_project/build/lib/acc_2026_project/install.py -> /workspaces/isaac_ros-dev/install/acc_2026_project/lib/python3.8/site-packages/acc_2026_project
[2.025s] copying /workspaces/isaac_ros-dev/build/acc_2026_project/build/lib/acc_2026_project/zaid.py -> /workspaces/isaac_ros-dev/install/acc_2026_project/lib/python3.8/site-packages/acc_2026_project
[2.026s] byte-compiling /workspaces/isaac_ros-dev/install/acc_2026_project/lib/python3.8/site-packages/acc_2026_project/osman_dembiala.py to osman_dembiala.cpython-38.pyc
[2.034s] byte-compiling /workspaces/isaac_ros-dev/install/acc_2026_project/lib/python3.8/site-packages/acc_2026_project/QCar2_lane_following.py to QCar2_lane_following.cpython-38.pyc
[2.034s] byte-compiling /workspaces/isaac_ros-dev/install/acc_2026_project/lib/python3.8/site-packages/acc_2026_project/check_setup.py to check_setup.cpython-38.pyc
[2.035s] byte-compiling /workspaces/isaac_ros-dev/install/acc_2026_project/lib/python3.8/site-packages/acc_2026_project/__init__.py to __init__.cpython-38.pyc
[2.036s] byte-compiling /workspaces/isaac_ros-dev/install/acc_2026_project/lib/python3.8/site-packages/acc_2026_project/qcar.py to qcar.cpython-38.pyc
[2.041s] byte-compiling /workspaces/isaac_ros-dev/install/acc_2026_project/lib/python3.8/site-packages/acc_2026_project/check_all_cameras.py to check_all_cameras.cpython-38.pyc
[2.041s] byte-compiling /workspaces/isaac_ros-dev/install/acc_2026_project/lib/python3.8/site-packages/acc_2026_project/fawzi.py to fawzi.cpython-38.pyc
[2.045s] byte-compiling /workspaces/isaac_ros-dev/install/acc_2026_project/lib/python3.8/site-packages/acc_2026_project/Quanser_Interactive_Labs_Resources/__init__.py to __init__.cpython-38.pyc
[2.045s] byte-compiling /workspaces/isaac_ros-dev/install/acc_2026_project/lib/python3.8/site-packages/acc_2026_project/Quanser_Interactive_Labs_Resources/install.py to install.cpython-38.pyc
[2.046s] byte-compiling /workspaces/isaac_ros-dev/install/acc_2026_project/lib/python3.8/site-packages/acc_2026_project/Quanser_Interactive_Labs_Resources/tutorials/shredder_tutorial.py to shredder_tutorial.cpython-38.pyc
[2.046s] byte-compiling /workspaces/isaac_ros-dev/install/acc_2026_project/lib/python3.8/site-packages/acc_2026_project/Quanser_Interactive_Labs_Resources/tutorials/conveyor_tutorial.py to conveyor_tutorial.cpython-38.pyc
[2.047s] byte-compiling /workspaces/isaac_ros-dev/install/acc_2026_project/lib/python3.8/site-packages/acc_2026_project/Quanser_Interactive_Labs_Resources/tutorials/road_signage_tutorial.py to road_signage_tutorial.cpython-38.pyc
[2.048s] byte-compiling /workspaces/isaac_ros-dev/install/acc_2026_project/lib/python3.8/site-packages/acc_2026_project/Quanser_Interactive_Labs_Resources/tutorials/camera_tutorial.py to camera_tutorial.cpython-38.pyc
[2.048s] byte-compiling /workspaces/isaac_ros-dev/install/acc_2026_project/lib/python3.8/site-packages/acc_2026_project/Quanser_Interactive_Labs_Resources/tutorials/crosswalk_tutorial.py to crosswalk_tutorial.cpython-38.pyc
[2.048s] byte-compiling /workspaces/isaac_ros-dev/install/acc_2026_project/lib/python3.8/site-packages/acc_2026_project/Quanser_Interactive_Labs_Resources/tutorials/traffic_cones_tutorial.py to traffic_cones_tutorial.cpython-38.pyc
[2.049s] byte-compiling /workspaces/isaac_ros-dev/install/acc_2026_project/lib/python3.8/site-packages/acc_2026_project/Quanser_Interactive_Labs_Resources/tutorials/complete_road_signage_tutorial.py to complete_road_signage_tutorial.cpython-38.pyc
[2.051s] byte-compiling /workspaces/isaac_ros-dev/install/acc_2026_project/lib/python3.8/site-packages/acc_2026_project/Quanser_Interactive_Labs_Resources/tutorials/qcar_floor_mats_tutorial.py to qcar_floor_mats_tutorial.cpython-38.pyc
[2.052s] byte-compiling /workspaces/isaac_ros-dev/install/acc_2026_project/lib/python3.8/site-packages/acc_2026_project/Quanser_Interactive_Labs_Resources/tutorials/people_tutorial.py to people_tutorial.cpython-38.pyc
[2.053s] byte-compiling /workspaces/isaac_ros-dev/install/acc_2026_project/lib/python3.8/site-packages/acc_2026_project/Quanser_Interactive_Labs_Resources/tutorials/__init__.py to __init__.cpython-38.pyc
[2.053s] byte-compiling /workspaces/isaac_ros-dev/install/acc_2026_project/lib/python3.8/site-packages/acc_2026_project/Quanser_Interactive_Labs_Resources/tutorials/qcar2_tutorial.py to qcar2_tutorial.cpython-38.pyc
[2.055s] byte-compiling /workspaces/isaac_ros-dev/install/acc_2026_project/lib/python3.8/site-packages/acc_2026_project/Quanser_Interactive_Labs_Resources/tutorials/qdrone2_tutorial.py to qdrone2_tutorial.cpython-38.pyc
[2.055s] byte-compiling /workspaces/isaac_ros-dev/install/acc_2026_project/lib/python3.8/site-packages/acc_2026_project/Quanser_Interactive_Labs_Resources/tutorials/walls_tutorial.py to walls_tutorial.cpython-38.pyc
[2.056s] byte-compiling /workspaces/isaac_ros-dev/install/acc_2026_project/lib/python3.8/site-packages/acc_2026_project/Quanser_Interactive_Labs_Resources/tutorials/office_tutorial.py to office_tutorial.cpython-38.pyc
[2.057s] byte-compiling /workspaces/isaac_ros-dev/install/acc_2026_project/lib/python3.8/site-packages/acc_2026_project/Quanser_Interactive_Labs_Resources/tutorials/splines_tutorial.py to splines_tutorial.cpython-38.pyc
[2.059s] byte-compiling /workspaces/isaac_ros-dev/install/acc_2026_project/lib/python3.8/site-packages/acc_2026_project/Quanser_Interactive_Labs_Resources/tutorials/widgets_tutorial.py to widgets_tutorial.cpython-38.pyc
[2.060s] byte-compiling /workspaces/isaac_ros-dev/install/acc_2026_project/lib/python3.8/site-packages/acc_2026_project/Quanser_Interactive_Labs_Resources/tutorials/office_tutorial2.py to office_tutorial2.cpython-38.pyc
[2.061s] byte-compiling /workspaces/isaac_ros-dev/install/acc_2026_project/lib/python3.8/site-packages/acc_2026_project/Quanser_Interactive_Labs_Resources/tutorials/multiagent_tutorial.py to multiagent_tutorial.cpython-38.pyc
[2.061s] byte-compiling /workspaces/isaac_ros-dev/install/acc_2026_project/lib/python3.8/site-packages/acc_2026_project/Quanser_Interactive_Labs_Resources/tutorials/traffic_lights_tutorial.py to traffic_lights_tutorial.cpython-38.pyc
[2.062s] byte-compiling /workspaces/isaac_ros-dev/install/acc_2026_project/lib/python3.8/site-packages/acc_2026_project/Quanser_Interactive_Labs_Resources/tutorials/basic_shapes_tutorial.py to basic_shapes_tutorial.cpython-38.pyc
[2.063s] byte-compiling /workspaces/isaac_ros-dev/install/acc_2026_project/lib/python3.8/site-packages/acc_2026_project/Quanser_Interactive_Labs_Resources/tutorials/qcar_tutorial.py to qcar_tutorial.cpython-38.pyc
[2.065s] byte-compiling /workspaces/isaac_ros-dev/install/acc_2026_project/lib/python3.8/site-packages/acc_2026_project/Quanser_Interactive_Labs_Resources/tutorials/weather_tutorial.py to weather_tutorial.cpython-38.pyc
[2.065s] byte-compiling /workspaces/isaac_ros-dev/install/acc_2026_project/lib/python3.8/site-packages/acc_2026_project/Quanser_Interactive_Labs_Resources/tutorials/wall_maze_tutorial.py to wall_maze_tutorial.cpython-38.pyc
[2.066s] byte-compiling /workspaces/isaac_ros-dev/install/acc_2026_project/lib/python3.8/site-packages/acc_2026_project/Quanser_Interactive_Labs_Resources/tutorials/animals_tutorial.py to animals_tutorial.cpython-38.pyc
[2.067s] byte-compiling /workspaces/isaac_ros-dev/install/acc_2026_project/lib/python3.8/site-packages/acc_2026_project/pal/__init__.py to __init__.cpython-38.pyc
[2.067s] byte-compiling /workspaces/isaac_ros-dev/install/acc_2026_project/lib/python3.8/site-packages/acc_2026_project/lane_follower.py to lane_follower.cpython-38.pyc
[2.070s] byte-compiling /workspaces/isaac_ros-dev/install/acc_2026_project/lib/python3.8/site-packages/acc_2026_project/install.py to install.cpython-38.pyc
[2.071s] byte-compiling /workspaces/isaac_ros-dev/install/acc_2026_project/lib/python3.8/site-packages/acc_2026_project/zaid.py to zaid.cpython-38.pyc
[2.081s] running install_data
[2.095s] creating /workspaces/isaac_ros-dev/install/acc_2026_project/share/ament_index
[2.095s] creating /workspaces/isaac_ros-dev/install/acc_2026_project/share/ament_index/resource_index
[2.095s] creating /workspaces/isaac_ros-dev/install/acc_2026_project/share/ament_index/resource_index/packages
[2.095s] copying resource/acc_2026_project -> /workspaces/isaac_ros-dev/install/acc_2026_project/share/ament_index/resource_index/packages
[2.095s] copying package.xml -> /workspaces/isaac_ros-dev/install/acc_2026_project/share/acc_2026_project
[2.095s] running install_egg_info
[2.108s] Copying ../../build/acc_2026_project/acc_2026_project.egg-info to /workspaces/isaac_ros-dev/install/acc_2026_project/lib/python3.8/site-packages/acc_2026_project-0.0.0-py3.8.egg-info
[2.110s] running install_scripts
[2.182s] Installing check_all_cameras script to /workspaces/isaac_ros-dev/install/acc_2026_project/lib/acc_2026_project
[2.183s] Installing lane_follower script to /workspaces/isaac_ros-dev/install/acc_2026_project/lib/acc_2026_project
[2.183s] Installing test_motor script to /workspaces/isaac_ros-dev/install/acc_2026_project/lib/acc_2026_project
[2.184s] writing list of installed files to '/workspaces/isaac_ros-dev/build/acc_2026_project/install.log'
[2.235s] Invoked command in '/workspaces/isaac_ros-dev/src/acc_2026_project' returned '0': CMAKE_PREFIX_PATH=/workspaces/isaac_ros-dev/install/qcar2_interfaces:/workspaces/isaac_ros-dev/install/qcar2_nodes:/workspace/cartographer_ws/install/perception_pcl:/workspace/cartographer_ws/install/pcl_ros:/workspace/cartographer_ws/install/cartographer_rviz:/workspace/cartographer_ws/install/cartographer_ros:/workspace/cartographer_ws/install/pcl_conversions:/workspace/cartographer_ws/install/pcl_msgs:/workspace/cartographer_ws/install/isaac_ros_tensor_list_interfaces:/workspace/cartographer_ws/install/isaac_ros_pointcloud_interfaces:/workspace/cartographer_ws/install/isaac_ros_nova_interfaces:/workspace/cartographer_ws/install/isaac_ros_nitros_bridge_interfaces:/workspace/cartographer_ws/install/isaac_ros_common:/workspace/cartographer_ws/install/isaac_ros_bi3d_interfaces:/workspace/cartographer_ws/install/isaac_ros_apriltag_interfaces:/workspace/cartographer_ws/install/control_msgs:/workspace/cartographer_ws/install/cartographer_ros_msgs:/workspace/cartographer_ws/install/cartographer:/workspace/cartographer_ws/install/absl PYTHONPATH=/workspaces/isaac_ros-dev/build/acc_2026_project/prefix_override:/workspaces/isaac_ros-dev/install/acc_2026_project/lib/python3.8/site-packages:/workspaces/isaac_ros-dev/install/qcar2_interfaces/lib/python3.8/site-packages:/workspaces/isaac_ros-dev/install/qcar2_autonomy/lib/python3.8/site-packages:/workspace/cartographer_ws/install/pcl_msgs/lib/python3.8/site-packages:/workspace/cartographer_ws/build/isaac_ros_test:/workspace/cartographer_ws/install/isaac_ros_test/lib/python3.8/site-packages:/workspace/cartographer_ws/install/isaac_ros_tensor_list_interfaces/lib/python3.8/site-packages:/workspace/cartographer_ws/install/isaac_ros_pointcloud_interfaces/lib/python3.8/site-packages:/workspace/cartographer_ws/install/isaac_ros_nova_interfaces/lib/python3.8/site-packages:/workspace/cartographer_ws/install/isaac_ros_nitros_bridge_interfaces/lib/python3.8/site-packages:/workspace/cartographer_ws/install/isaac_ros_bi3d_interfaces/lib/python3.8/site-packages:/workspace/cartographer_ws/install/isaac_ros_apriltag_interfaces/lib/python3.8/site-packages:/workspace/cartographer_ws/install/control_msgs/lib/python3.8/site-packages:/workspace/cartographer_ws/install/cartographer_ros_msgs/lib/python3.8/site-packages:/opt/ros/humble/lib/python3.8/site-packages:/home/Quanser/0_libraries/python _=/usr/bin/env /usr/bin/python3 setup.py egg_info --egg-base ../../build/acc_2026_project build --build-base /workspaces/isaac_ros-dev/build/acc_2026_project/build install --record /workspaces/isaac_ros-dev/build/acc_2026_project/install.log --single-version-externally-managed
