[0.260s] Invoking command in '/workspaces/isaac_ros-dev/build/isaac_ros_common': CMAKE_PREFIX_PATH=${CMAKE_PREFIX_PATH}:/workspace/cartographer_ws/install/isaac_ros_test:/opt/ros/humble _=/usr/bin/env /usr/bin/cmake /workspaces/isaac_ros-dev/isaac_ros_common -DCMAKE_INSTALL_PREFIX=/workspaces/isaac_ros-dev/install/isaac_ros_common
[0.821s] -- Found ament_cmake_auto: 1.3.5 (/opt/ros/humble/share/ament_cmake_auto/cmake)
[0.822s] -- Override CMake install command with custom implementation using symlinks instead of copying resources
[0.823s] -- Found rosidl_generator_c: 3.1.5 (/opt/ros/humble/share/rosidl_generator_c/cmake)
[0.823s] -- Found rosidl_adapter: 3.1.5 (/opt/ros/humble/share/rosidl_adapter/cmake)
[0.823s] -- Found rosidl_generator_cpp: 3.1.5 (/opt/ros/humble/share/rosidl_generator_cpp/cmake)
[0.824s] -- Using all available rosidl_typesupport_c: rosidl_typesupport_fastrtps_c;rosidl_typesupport_introspection_c
[0.824s] -- Using all available rosidl_typesupport_cpp: rosidl_typesupport_fastrtps_cpp;rosidl_typesupport_introspection_cpp
[0.829s] -- Found rmw_implementation_cmake: 6.1.1 (/opt/ros/humble/share/rmw_implementation_cmake/cmake)
[0.830s] -- Found rmw_fastrtps_cpp: 6.2.4 (/opt/ros/humble/share/rmw_fastrtps_cpp/cmake)
[1.083s] -- Using RMW implementation 'rmw_fastrtps_cpp' as default
[1.300s] -- Loading isaac_ros_common extras
[1.301s] -- CMAKE_BUILD_TYPE: Release
[1.325s] -- Found ament_lint_auto: 0.12.8 (/opt/ros/humble/share/ament_lint_auto/cmake)
[1.350s] -- Added test 'cppcheck' to perform static code analysis on C / C++ code
[1.351s] -- Configured cppcheck include dirs: /workspaces/isaac_ros-dev/isaac_ros_common/include
[1.351s] -- Configured cppcheck exclude dirs and/or files: 
[1.351s] -- Added test 'cpplint' to check C / C++ code against the Google style
[1.352s] -- Configured cpplint exclude dirs and/or files: 
[1.352s] -- Added test 'lint_cmake' to check CMake code style
[1.354s] -- Added test 'uncrustify' to check C / C++ code style
[1.354s] -- Configured uncrustify additional arguments: 
[1.355s] -- Added test 'xmllint' to check XML markup files
[1.361s] -- Configuring done
[1.365s] [31mCMake Error at /opt/ros/humble/share/ament_cmake_auto/cmake/ament_auto_add_library.cmake:66 (add_library):
[1.365s]   Cannot find source file:
[1.365s] 
[1.365s]     src/vpi_utilities.cpp
[1.365s] Call Stack (most recent call first):
[1.365s]   CMakeLists.txt:34 (ament_auto_add_library)
[1.365s] 
[1.366s] [0m
[1.366s] [31mCMake Error at /opt/ros/humble/share/ament_cmake_auto/cmake/ament_auto_add_library.cmake:66 (add_library):
[1.366s]   No SOURCES given to target: isaac_ros_common
[1.366s] Call Stack (most recent call first):
[1.366s]   CMakeLists.txt:34 (ament_auto_add_library)
[1.366s] 
[1.367s] [0m
[1.367s] [0mCMake Generate step failed.  Build files cannot be regenerated correctly.[0m
