[4.374s] DEBUG:colcon:Command line arguments: ['/usr/bin/colcon', 'build', '--packages-select', 'acc_2026_project']
[4.375s] DEBUG:colcon:Parsed command line arguments: Namespace(allow_overriding=[], ament_cmake_args=None, base_paths=['.'], build_base='build', catkin_cmake_args=None, catkin_skip_building_tests=False, cmake_args=None, cmake_clean_cache=False, cmake_clean_first=False, cmake_force_configure=False, cmake_target=None, cmake_target_skip_unavailable=False, continue_on_error=False, event_handlers=None, executor='parallel', ignore_user_meta=False, install_base='install', log_base=None, log_level=None, main=<bound method BuildVerb.main of <colcon_core.verb.build.BuildVerb object at 0x79b95579cbe0>>, merge_install=False, metas=['./colcon.meta'], packages_above=None, packages_above_and_dependencies=None, packages_above_depth=None, packages_end=None, packages_ignore=None, packages_ignore_regex=None, packages_select=['acc_2026_project'], packages_select_build_failed=False, packages_select_by_dep=None, packages_select_regex=None, packages_select_test_failures=False, packages_skip=None, packages_skip_build_finished=False, packages_skip_by_dep=None, packages_skip_regex=None, packages_skip_test_passed=False, packages_skip_up_to=None, packages_start=None, packages_up_to=None, packages_up_to_regex=None, parallel_workers=16, paths=None, symlink_install=False, test_result_base=None, verb_extension=<colcon_core.verb.build.BuildVerb object at 0x79b95579cbe0>, verb_name='build', verb_parser=<colcon_defaults.argument_parser.defaults.DefaultArgumentsDecorator object at 0x79b95579c7c0>)
[4.631s] Level 1:colcon.colcon_core.package_discovery:discover_packages(colcon_meta) check parameters
[4.631s] Level 1:colcon.colcon_core.package_discovery:discover_packages(recursive) check parameters
[4.631s] Level 1:colcon.colcon_core.package_discovery:discover_packages(ignore) check parameters
[4.631s] Level 1:colcon.colcon_core.package_discovery:discover_packages(path) check parameters
[4.631s] Level 1:colcon.colcon_core.package_discovery:discover_packages(colcon_meta) discover
[4.632s] Level 1:colcon.colcon_core.package_discovery:discover_packages(recursive) discover
[4.632s] INFO:colcon.colcon_core.package_discovery:Crawling recursively for packages in '/workspaces/isaac_ros-dev/src/acc_2026_project/acc_2026_project'
[4.632s] Level 1:colcon.colcon_core.package_identification:_identify(.) by extensions ['ignore', 'ignore_ament_install']
[4.632s] Level 1:colcon.colcon_core.package_identification:_identify(.) by extension 'ignore'
[4.632s] Level 1:colcon.colcon_core.package_identification:_identify(.) by extension 'ignore_ament_install'
[4.633s] Level 1:colcon.colcon_core.package_identification:_identify(.) by extensions ['colcon_pkg']
[4.633s] Level 1:colcon.colcon_core.package_identification:_identify(.) by extension 'colcon_pkg'
[4.633s] Level 1:colcon.colcon_core.package_identification:_identify(.) by extensions ['colcon_meta']
[4.633s] Level 1:colcon.colcon_core.package_identification:_identify(.) by extension 'colcon_meta'
[4.633s] Level 1:colcon.colcon_core.package_identification:_identify(.) by extensions ['ros']
[4.633s] Level 1:colcon.colcon_core.package_identification:_identify(.) by extension 'ros'
[4.677s] Level 1:colcon.colcon_core.package_identification:_identify(.) by extensions ['cmake', 'python']
[4.677s] Level 1:colcon.colcon_core.package_identification:_identify(.) by extension 'cmake'
[4.677s] Level 1:colcon.colcon_core.package_identification:_identify(.) by extension 'python'
[4.677s] Level 1:colcon.colcon_core.package_identification:_identify(.) by extensions ['python_setup_py']
[4.677s] Level 1:colcon.colcon_core.package_identification:_identify(.) by extension 'python_setup_py'
[4.677s] Level 1:colcon.colcon_core.package_identification:_identify(__pycache__) by extensions ['ignore', 'ignore_ament_install']
[4.677s] Level 1:colcon.colcon_core.package_identification:_identify(__pycache__) by extension 'ignore'
[4.677s] Level 1:colcon.colcon_core.package_identification:_identify(__pycache__) by extension 'ignore_ament_install'
[4.677s] Level 1:colcon.colcon_core.package_identification:_identify(__pycache__) by extensions ['colcon_pkg']
[4.677s] Level 1:colcon.colcon_core.package_identification:_identify(__pycache__) by extension 'colcon_pkg'
[4.678s] Level 1:colcon.colcon_core.package_identification:_identify(__pycache__) by extensions ['colcon_meta']
[4.678s] Level 1:colcon.colcon_core.package_identification:_identify(__pycache__) by extension 'colcon_meta'
[4.678s] Level 1:colcon.colcon_core.package_identification:_identify(__pycache__) by extensions ['ros']
[4.678s] Level 1:colcon.colcon_core.package_identification:_identify(__pycache__) by extension 'ros'
[4.678s] Level 1:colcon.colcon_core.package_identification:_identify(__pycache__) by extensions ['cmake', 'python']
[4.678s] Level 1:colcon.colcon_core.package_identification:_identify(__pycache__) by extension 'cmake'
[4.678s] Level 1:colcon.colcon_core.package_identification:_identify(__pycache__) by extension 'python'
[4.678s] Level 1:colcon.colcon_core.package_identification:_identify(__pycache__) by extensions ['python_setup_py']
[4.678s] Level 1:colcon.colcon_core.package_identification:_identify(__pycache__) by extension 'python_setup_py'
[4.678s] Level 1:colcon.colcon_core.package_identification:_identify(build) by extensions ['ignore', 'ignore_ament_install']
[4.678s] Level 1:colcon.colcon_core.package_identification:_identify(build) by extension 'ignore'
[4.678s] Level 1:colcon.colcon_core.package_identification:_identify(build) ignored
[4.678s] Level 1:colcon.colcon_core.package_identification:_identify(install) by extensions ['ignore', 'ignore_ament_install']
[4.678s] Level 1:colcon.colcon_core.package_identification:_identify(install) by extension 'ignore'
[4.678s] Level 1:colcon.colcon_core.package_identification:_identify(install) ignored
[4.679s] Level 1:colcon.colcon_core.package_identification:_identify(log) by extensions ['ignore', 'ignore_ament_install']
[4.679s] Level 1:colcon.colcon_core.package_identification:_identify(log) by extension 'ignore'
[4.679s] Level 1:colcon.colcon_core.package_identification:_identify(log) ignored
[4.679s] Level 1:colcon.colcon_core.package_identification:_identify(pal) by extensions ['ignore', 'ignore_ament_install']
[4.679s] Level 1:colcon.colcon_core.package_identification:_identify(pal) by extension 'ignore'
[4.679s] Level 1:colcon.colcon_core.package_identification:_identify(pal) by extension 'ignore_ament_install'
[4.679s] Level 1:colcon.colcon_core.package_identification:_identify(pal) by extensions ['colcon_pkg']
[4.679s] Level 1:colcon.colcon_core.package_identification:_identify(pal) by extension 'colcon_pkg'
[4.679s] Level 1:colcon.colcon_core.package_identification:_identify(pal) by extensions ['colcon_meta']
[4.679s] Level 1:colcon.colcon_core.package_identification:_identify(pal) by extension 'colcon_meta'
[4.679s] Level 1:colcon.colcon_core.package_identification:_identify(pal) by extensions ['ros']
[4.679s] Level 1:colcon.colcon_core.package_identification:_identify(pal) by extension 'ros'
[4.679s] Level 1:colcon.colcon_core.package_identification:_identify(pal) by extensions ['cmake', 'python']
[4.679s] Level 1:colcon.colcon_core.package_identification:_identify(pal) by extension 'cmake'
[4.679s] Level 1:colcon.colcon_core.package_identification:_identify(pal) by extension 'python'
[4.679s] Level 1:colcon.colcon_core.package_identification:_identify(pal) by extensions ['python_setup_py']
[4.679s] Level 1:colcon.colcon_core.package_identification:_identify(pal) by extension 'python_setup_py'
[4.679s] Level 1:colcon.colcon_core.package_identification:_identify(pal/__pycache__) by extensions ['ignore', 'ignore_ament_install']
[4.680s] Level 1:colcon.colcon_core.package_identification:_identify(pal/__pycache__) by extension 'ignore'
[4.680s] Level 1:colcon.colcon_core.package_identification:_identify(pal/__pycache__) by extension 'ignore_ament_install'
[4.680s] Level 1:colcon.colcon_core.package_identification:_identify(pal/__pycache__) by extensions ['colcon_pkg']
[4.680s] Level 1:colcon.colcon_core.package_identification:_identify(pal/__pycache__) by extension 'colcon_pkg'
[4.680s] Level 1:colcon.colcon_core.package_identification:_identify(pal/__pycache__) by extensions ['colcon_meta']
[4.680s] Level 1:colcon.colcon_core.package_identification:_identify(pal/__pycache__) by extension 'colcon_meta'
[4.680s] Level 1:colcon.colcon_core.package_identification:_identify(pal/__pycache__) by extensions ['ros']
[4.680s] Level 1:colcon.colcon_core.package_identification:_identify(pal/__pycache__) by extension 'ros'
[4.680s] Level 1:colcon.colcon_core.package_identification:_identify(pal/__pycache__) by extensions ['cmake', 'python']
[4.680s] Level 1:colcon.colcon_core.package_identification:_identify(pal/__pycache__) by extension 'cmake'
[4.680s] Level 1:colcon.colcon_core.package_identification:_identify(pal/__pycache__) by extension 'python'
[4.680s] Level 1:colcon.colcon_core.package_identification:_identify(pal/__pycache__) by extensions ['python_setup_py']
[4.680s] Level 1:colcon.colcon_core.package_identification:_identify(pal/__pycache__) by extension 'python_setup_py'
[4.680s] Level 1:colcon.colcon_core.package_identification:_identify(pal/products) by extensions ['ignore', 'ignore_ament_install']
[4.680s] Level 1:colcon.colcon_core.package_identification:_identify(pal/products) by extension 'ignore'
[4.680s] Level 1:colcon.colcon_core.package_identification:_identify(pal/products) by extension 'ignore_ament_install'
[4.680s] Level 1:colcon.colcon_core.package_identification:_identify(pal/products) by extensions ['colcon_pkg']
[4.681s] Level 1:colcon.colcon_core.package_identification:_identify(pal/products) by extension 'colcon_pkg'
[4.681s] Level 1:colcon.colcon_core.package_identification:_identify(pal/products) by extensions ['colcon_meta']
[4.681s] Level 1:colcon.colcon_core.package_identification:_identify(pal/products) by extension 'colcon_meta'
[4.681s] Level 1:colcon.colcon_core.package_identification:_identify(pal/products) by extensions ['ros']
[4.681s] Level 1:colcon.colcon_core.package_identification:_identify(pal/products) by extension 'ros'
[4.681s] Level 1:colcon.colcon_core.package_identification:_identify(pal/products) by extensions ['cmake', 'python']
[4.681s] Level 1:colcon.colcon_core.package_identification:_identify(pal/products) by extension 'cmake'
[4.681s] Level 1:colcon.colcon_core.package_identification:_identify(pal/products) by extension 'python'
[4.681s] Level 1:colcon.colcon_core.package_identification:_identify(pal/products) by extensions ['python_setup_py']
[4.681s] Level 1:colcon.colcon_core.package_identification:_identify(pal/products) by extension 'python_setup_py'
[4.681s] Level 1:colcon.colcon_core.package_identification:_identify(pal/resources) by extensions ['ignore', 'ignore_ament_install']
[4.681s] Level 1:colcon.colcon_core.package_identification:_identify(pal/resources) by extension 'ignore'
[4.681s] Level 1:colcon.colcon_core.package_identification:_identify(pal/resources) by extension 'ignore_ament_install'
[4.681s] Level 1:colcon.colcon_core.package_identification:_identify(pal/resources) by extensions ['colcon_pkg']
[4.681s] Level 1:colcon.colcon_core.package_identification:_identify(pal/resources) by extension 'colcon_pkg'
[4.681s] Level 1:colcon.colcon_core.package_identification:_identify(pal/resources) by extensions ['colcon_meta']
[4.681s] Level 1:colcon.colcon_core.package_identification:_identify(pal/resources) by extension 'colcon_meta'
[4.681s] Level 1:colcon.colcon_core.package_identification:_identify(pal/resources) by extensions ['ros']
[4.681s] Level 1:colcon.colcon_core.package_identification:_identify(pal/resources) by extension 'ros'
[4.682s] Level 1:colcon.colcon_core.package_identification:_identify(pal/resources) by extensions ['cmake', 'python']
[4.682s] Level 1:colcon.colcon_core.package_identification:_identify(pal/resources) by extension 'cmake'
[4.682s] Level 1:colcon.colcon_core.package_identification:_identify(pal/resources) by extension 'python'
[4.682s] Level 1:colcon.colcon_core.package_identification:_identify(pal/resources) by extensions ['python_setup_py']
[4.682s] Level 1:colcon.colcon_core.package_identification:_identify(pal/resources) by extension 'python_setup_py'
[4.682s] Level 1:colcon.colcon_core.package_identification:_identify(pal/utilities) by extensions ['ignore', 'ignore_ament_install']
[4.682s] Level 1:colcon.colcon_core.package_identification:_identify(pal/utilities) by extension 'ignore'
[4.682s] Level 1:colcon.colcon_core.package_identification:_identify(pal/utilities) by extension 'ignore_ament_install'
[4.682s] Level 1:colcon.colcon_core.package_identification:_identify(pal/utilities) by extensions ['colcon_pkg']
[4.682s] Level 1:colcon.colcon_core.package_identification:_identify(pal/utilities) by extension 'colcon_pkg'
[4.682s] Level 1:colcon.colcon_core.package_identification:_identify(pal/utilities) by extensions ['colcon_meta']
[4.682s] Level 1:colcon.colcon_core.package_identification:_identify(pal/utilities) by extension 'colcon_meta'
[4.682s] Level 1:colcon.colcon_core.package_identification:_identify(pal/utilities) by extensions ['ros']
[4.682s] Level 1:colcon.colcon_core.package_identification:_identify(pal/utilities) by extension 'ros'
[4.682s] Level 1:colcon.colcon_core.package_identification:_identify(pal/utilities) by extensions ['cmake', 'python']
[4.682s] Level 1:colcon.colcon_core.package_identification:_identify(pal/utilities) by extension 'cmake'
[4.682s] Level 1:colcon.colcon_core.package_identification:_identify(pal/utilities) by extension 'python'
[4.682s] Level 1:colcon.colcon_core.package_identification:_identify(pal/utilities) by extensions ['python_setup_py']
[4.682s] Level 1:colcon.colcon_core.package_identification:_identify(pal/utilities) by extension 'python_setup_py'
[4.682s] Level 1:colcon.colcon_core.package_identification:_identify(pal/utilities/__pycache__) by extensions ['ignore', 'ignore_ament_install']
[4.683s] Level 1:colcon.colcon_core.package_identification:_identify(pal/utilities/__pycache__) by extension 'ignore'
[4.683s] Level 1:colcon.colcon_core.package_identification:_identify(pal/utilities/__pycache__) by extension 'ignore_ament_install'
[4.683s] Level 1:colcon.colcon_core.package_identification:_identify(pal/utilities/__pycache__) by extensions ['colcon_pkg']
[4.683s] Level 1:colcon.colcon_core.package_identification:_identify(pal/utilities/__pycache__) by extension 'colcon_pkg'
[4.683s] Level 1:colcon.colcon_core.package_identification:_identify(pal/utilities/__pycache__) by extensions ['colcon_meta']
[4.683s] Level 1:colcon.colcon_core.package_identification:_identify(pal/utilities/__pycache__) by extension 'colcon_meta'
[4.683s] Level 1:colcon.colcon_core.package_identification:_identify(pal/utilities/__pycache__) by extensions ['ros']
[4.683s] Level 1:colcon.colcon_core.package_identification:_identify(pal/utilities/__pycache__) by extension 'ros'
[4.683s] Level 1:colcon.colcon_core.package_identification:_identify(pal/utilities/__pycache__) by extensions ['cmake', 'python']
[4.683s] Level 1:colcon.colcon_core.package_identification:_identify(pal/utilities/__pycache__) by extension 'cmake'
[4.683s] Level 1:colcon.colcon_core.package_identification:_identify(pal/utilities/__pycache__) by extension 'python'
[4.683s] Level 1:colcon.colcon_core.package_identification:_identify(pal/utilities/__pycache__) by extensions ['python_setup_py']
[4.683s] Level 1:colcon.colcon_core.package_identification:_identify(pal/utilities/__pycache__) by extension 'python_setup_py'
[4.683s] Level 1:colcon.colcon_core.package_discovery:discover_packages(recursive) using defaults
[4.683s] Level 1:colcon.colcon_core.package_discovery:discover_packages(ignore) discover
[4.683s] Level 1:colcon.colcon_core.package_discovery:discover_packages(ignore) using defaults
[4.683s] Level 1:colcon.colcon_core.package_discovery:discover_packages(path) discover
[4.683s] Level 1:colcon.colcon_core.package_discovery:discover_packages(path) using defaults
[4.698s] WARNING:colcon.colcon_core.package_selection:ignoring unknown package 'acc_2026_project' in --packages-select
[4.817s] Level 1:colcon.colcon_core.package_discovery:discover_packages(prefix_path) check parameters
[4.817s] Level 1:colcon.colcon_core.package_discovery:discover_packages(prefix_path) discover
[4.880s] DEBUG:colcon.colcon_installed_package_information.package_discovery:Found 12 installed packages in /workspaces/isaac_ros-dev/install
[4.893s] DEBUG:colcon.colcon_installed_package_information.package_discovery:Found 18 installed packages in /workspace/cartographer_ws/install
[4.910s] DEBUG:colcon.colcon_installed_package_information.package_discovery:Found 289 installed packages in /opt/ros/humble
[4.911s] Level 1:colcon.colcon_core.package_discovery:discover_packages(prefix_path) using defaults
[5.130s] INFO:colcon.colcon_core.executor:Executing jobs using 'parallel' executor
[5.143s] DEBUG:colcon.colcon_parallel_executor.executor.parallel:run_until_complete
[5.143s] DEBUG:colcon.colcon_parallel_executor.executor.parallel:closing loop
[5.144s] DEBUG:colcon.colcon_parallel_executor.executor.parallel:loop closed
[5.144s] DEBUG:colcon.colcon_parallel_executor.executor.parallel:run_until_complete finished with '0'
[5.144s] DEBUG:colcon.colcon_core.event_reactor:joining thread
[5.180s] INFO:colcon.colcon_core.plugin_system:Skipping extension 'colcon_notification.desktop_notification.notify_send': Could not find 'notify-send'
[5.180s] INFO:colcon.colcon_core.plugin_system:Skipping extension 'colcon_notification.desktop_notification.terminal_notifier': Not used on non-Darwin systems
[5.180s] INFO:colcon.colcon_core.plugin_system:Skipping extension 'colcon_notification.desktop_notification.win32': Not used on non-Windows systems
[5.180s] INFO:colcon.colcon_notification.desktop_notification:Sending desktop notification using 'notify2'
[5.192s] DEBUG:colcon.colcon_notification.desktop_notification.notify2:Failed to initialize notify2: org.freedesktop.DBus.Error.Spawn.ExecFailed: /usr/bin/dbus-launch terminated abnormally without any error message
[5.192s] DEBUG:colcon.colcon_core.event_reactor:joined thread
[5.216s] INFO:colcon.colcon_core.plugin_system:Skipping extension 'colcon_core.shell.bat': Not used on non-Windows systems
[5.217s] INFO:colcon.colcon_core.shell:Creating prefix script '/workspaces/isaac_ros-dev/src/acc_2026_project/acc_2026_project/install/local_setup.ps1'
[5.219s] INFO:colcon.colcon_core.shell:Creating prefix util module '/workspaces/isaac_ros-dev/src/acc_2026_project/acc_2026_project/install/_local_setup_util_ps1.py'
[5.221s] INFO:colcon.colcon_core.shell:Creating prefix chain script '/workspaces/isaac_ros-dev/src/acc_2026_project/acc_2026_project/install/setup.ps1'
[5.245s] INFO:colcon.colcon_core.shell:Creating prefix script '/workspaces/isaac_ros-dev/src/acc_2026_project/acc_2026_project/install/local_setup.sh'
[5.247s] INFO:colcon.colcon_core.shell:Creating prefix util module '/workspaces/isaac_ros-dev/src/acc_2026_project/acc_2026_project/install/_local_setup_util_sh.py'
[5.248s] INFO:colcon.colcon_core.shell:Creating prefix chain script '/workspaces/isaac_ros-dev/src/acc_2026_project/acc_2026_project/install/setup.sh'
[5.269s] INFO:colcon.colcon_core.shell:Creating prefix script '/workspaces/isaac_ros-dev/src/acc_2026_project/acc_2026_project/install/local_setup.bash'
[5.270s] INFO:colcon.colcon_core.shell:Creating prefix chain script '/workspaces/isaac_ros-dev/src/acc_2026_project/acc_2026_project/install/setup.bash'
[5.293s] INFO:colcon.colcon_core.shell:Creating prefix script '/workspaces/isaac_ros-dev/src/acc_2026_project/acc_2026_project/install/local_setup.zsh'
[5.294s] INFO:colcon.colcon_core.shell:Creating prefix chain script '/workspaces/isaac_ros-dev/src/acc_2026_project/acc_2026_project/install/setup.zsh'
