[0.225s] Invoking command in '/workspaces/isaac_ros-dev/build/qcar2_interfaces': CMAKE_PREFIX_PATH=${CMAKE_PREFIX_PATH}:/workspace/cartographer_ws/install/isaac_ros_test:/opt/ros/humble _=/usr/bin/env /usr/bin/cmake --build /workspaces/isaac_ros-dev/build/qcar2_interfaces -- -j16 -l16
[0.771s] [  2%] Built target qcar2_interfaces__cpp
[0.771s] [ 12%] Built target qcar2_interfaces__rosidl_generator_c
[0.771s] [ 12%] Built target ament_cmake_python_copy_qcar2_interfaces
[0.774s] [ 23%] Built target qcar2_interfaces__rosidl_typesupport_introspection_c
[0.774s] [ 33%] Built target qcar2_interfaces__rosidl_typesupport_fastrtps_c
[0.775s] [ 43%] Built target qcar2_interfaces__rosidl_typesupport_cpp
[0.775s] [ 53%] Built target qcar2_interfaces__rosidl_typesupport_introspection_cpp
[0.775s] [ 64%] Built target qcar2_interfaces__rosidl_typesupport_c
[0.775s] [ 74%] Built target qcar2_interfaces__rosidl_typesupport_fastrtps_cpp
[0.775s] [ 74%] Built target qcar2_interfaces
[0.775s] [ 76%] Built target qcar2_interfaces__py
[0.775s] [ 84%] Built target qcar2_interfaces__rosidl_generator_py
[0.775s] [ 89%] Built target qcar2_interfaces__rosidl_typesupport_fastrtps_c__pyext
[0.775s] [ 94%] Built target qcar2_interfaces__rosidl_typesupport_introspection_c__pyext
[0.775s] [100%] Built target qcar2_interfaces__rosidl_typesupport_c__pyext
[0.775s] running egg_info
[0.785s] writing qcar2_interfaces.egg-info/PKG-INFO
[0.785s] writing dependency_links to qcar2_interfaces.egg-info/dependency_links.txt
[0.786s] writing top-level names to qcar2_interfaces.egg-info/top_level.txt
[0.822s] reading manifest file 'qcar2_interfaces.egg-info/SOURCES.txt'
[0.823s] writing manifest file 'qcar2_interfaces.egg-info/SOURCES.txt'
[0.895s] [100%] Built target ament_cmake_python_build_qcar2_interfaces_egg
